<?xml version="1.0" encoding="UTF-8"?>
<!-- Generated by org.testng.reporters.JUnitXMLReporter -->
<testsuite ignored="0" hostname="LAPTOP-UHB9RVKR" failures="1" tests="1" name="Default test" time="0.521" errors="0" timestamp="2026-01-31T18:00:00 IST">
  <testcase classname="bdd.AmazonProject1.TestCase3_LoginandSearchProduct" name="searchProduct" time="0.499">
    <failure type="org.testng.internal.reflect.MethodMatcherException" message="
[public void bdd.AmazonProject1.TestCase3_LoginandSearchProduct.searchProduct(java.lang.String,java.lang.String,java.lang.String,int) throws java.lang.InterruptedException] has no parameters defined but was found to be using a data provider (either explicitly specified or inherited from class level annotation).
Data provider mismatch
Method: searchProduct([java.lang.String arg0, java.lang.String arg1, java.lang.String arg2, int arg3])
Arguments: [(java.lang.String) 6304188726,(java.lang.String) Saniya@1234,(java.lang.String) Men shoe,(java.lang.String) 1]">
      <![CDATA[org.testng.internal.reflect.MethodMatcherException: 
[public void bdd.AmazonProject1.TestCase3_LoginandSearchProduct.searchProduct(java.lang.String,java.lang.String,java.lang.String,int) throws java.lang.InterruptedException] has no parameters defined but was found to be using a data provider (either explicitly specified or inherited from class level annotation).
Data provider mismatch
Method: searchProduct([java.lang.String arg0, java.lang.String arg1, java.lang.String arg2, int arg3])
Arguments: [(java.lang.String) 6304188726,(java.lang.String) Saniya@1234,(java.lang.String) Men shoe,(java.lang.String) 1]
at org.testng.internal.reflect.DataProviderMethodMatcher.getConformingArguments(DataProviderMethodMatcher.java:46)
at org.testng.internal.Parameters.injectParameters(Parameters.java:915)
at org.testng.internal.invokers.MethodRunner.runInSequence(MethodRunner.java:50)
at org.testng.internal.invokers.TestInvoker$MethodInvocationAgent.invoke(TestInvoker.java:995)
at org.testng.internal.invokers.TestInvoker.invokeTestMethods(TestInvoker.java:203)
at org.testng.internal.invokers.TestMethodWorker.invokeTestMethods(TestMethodWorker.java:154)
at org.testng.internal.invokers.TestMethodWorker.run(TestMethodWorker.java:134)
at java.base/java.util.ArrayList.forEach(ArrayList.java:1596)
at org.testng.TestRunner.privateRun(TestRunner.java:741)
at org.testng.TestRunner.run(TestRunner.java:616)
at org.testng.SuiteRunner.runTest(SuiteRunner.java:421)
at org.testng.SuiteRunner.runSequentially(SuiteRunner.java:413)
at org.testng.SuiteRunner.privateRun(SuiteRunner.java:373)
at org.testng.SuiteRunner.run(SuiteRunner.java:312)
at org.testng.SuiteRunnerWorker.runSuite(SuiteRunnerWorker.java:52)
at org.testng.SuiteRunnerWorker.run(SuiteRunnerWorker.java:95)
at org.testng.TestNG.runSuitesSequentially(TestNG.java:1274)
at org.testng.TestNG.runSuitesLocally(TestNG.java:1208)
at org.testng.TestNG.runSuites(TestNG.java:1112)
at org.testng.TestNG.run(TestNG.java:1079)
at org.testng.remote.AbstractRemoteTestNG.run(AbstractRemoteTestNG.java:115)
at org.testng.remote.RemoteTestNG.initAndRun(RemoteTestNG.java:293)
at org.testng.remote.RemoteTestNG.main(RemoteTestNG.java:91)
]]>
    </failure>
  </testcase> <!-- searchProduct -->
</testsuite> <!-- Default test -->
