<?xml version="1.0" encoding="UTF-8"?>
<!-- Generated by org.testng.reporters.JUnitXMLReporter -->
<testsuite ignored="0" hostname="LAPTOP-UHB9RVKR" failures="1" tests="14" name="Regression Test1" time="292.042" errors="0" timestamp="2026-02-20T13:10:40 IST">
  <testcase classname="bdd.AmazonProject1.Testcase1_LoginToAmazon" name="loginwithValidcredentials" time="6.797"/>
  <testcase classname="bdd.AmazonProject1.Testcase1_LoginToAmazon" name="loginwithValidcredentials" time="12.378">
    <skipped/>
  </testcase> <!-- loginwithValidcredentials -->
  <testcase classname="bdd.AmazonProject1.Testcase1_LoginToAmazon" name="loginwithValidcredentials" time="11.617"/>
  <testcase classname="bdd.AmazonProject1.TestCase3_LoginandSearchProduct" name="searchProduct" time="15.685"/>
  <testcase classname="bdd.AmazonProject1.TestCase3_LoginandSearchProduct" name="searchProduct" time="13.316"/>
  <testcase classname="bdd.AmazonProject1.TestCase4_LoginAndSearchProductandLogout" name="searchProduct" time="20.516"/>
  <testcase classname="bdd.AmazonProject1.TestCase4_LoginAndSearchProductandLogout" name="searchProduct" time="25.41"/>
  <testcase classname="bdd.AmazonProject1.TestCase5_LoginandAddtoCart" name="addtoCard" time="22.659"/>
  <testcase classname="bdd.AmazonProject1.TestCase5_LoginandAddtoCart" name="addtoCard" time="21.161">
    <skipped/>
  </testcase> <!-- addtoCard -->
  <testcase classname="bdd.AmazonProject1.TestCase5_LoginandAddtoCart" name="addtoCard" time="19.457">
    <skipped/>
  </testcase> <!-- addtoCard -->
  <testcase classname="bdd.AmazonProject1.TestCase5_LoginandAddtoCart" name="addtoCard" time="12.355">
    <failure type="java.lang.NullPointerException" message="Cannot invoke &amp;quot;org.openqa.selenium.WebDriver.getClass()&amp;quot; because &amp;quot;exceptionDriver&amp;quot; is null">
      <![CDATA[java.lang.NullPointerException: Cannot invoke "org.openqa.selenium.WebDriver.getClass()" because "exceptionDriver" is null
at org.openqa.selenium.support.ui.WebDriverWait.timeoutException(WebDriverWait.java:85)
at org.openqa.selenium.support.ui.FluentWait.until(FluentWait.java:228)
at bdd.AmazonProject1.HomePage.signinClick(HomePage.java:93)
at bdd.AmazonProject1.TestCase5_LoginandAddtoCart.addtoCard(TestCase5_LoginandAddtoCart.java:32)
at java.base/java.util.ArrayList.forEach(ArrayList.java:1596)
... Removed 29 stack frames]]>
    </failure>
  </testcase> <!-- addtoCard -->
  <testcase classname="bdd.AmazonProject1.TestCase9_LoginAndPayment" name="checkoutpaymeent" time="47.283"/>
  <testcase classname="bdd.AmazonProject1.Testcase2_LoginAndlogout" name="logoutToAmazon" time="9.767"/>
  <testcase classname="bdd.AmazonProject1.Testcase2_LoginAndlogout" name="logoutToAmazon" time="12.226"/>
</testsuite> <!-- Regression Test1 -->
