<?xml version="1.0" encoding="UTF-8"?>
<!-- Generated by org.testng.reporters.JUnitXMLReporter -->
<testsuite ignored="0" hostname="LAPTOP-UHB9RVKR" failures="0" tests="14" name="Regression Test" time="410.24" errors="0" timestamp="2026-01-31T19:43:04 IST">
  <testcase classname="bdd.AmazonProject1.Testcase1_LoginToAmazon" name="loginwithValidcredentials" time="10.69"/>
  <testcase classname="bdd.AmazonProject1.Testcase1_LoginToAmazon" name="loginwithValidcredentials" time="8.024"/>
  <testcase classname="bdd.AmazonProject1.Testcase2_LoginAndlogout" name="logoutToAmazon" time="9.67"/>
  <testcase classname="bdd.AmazonProject1.Testcase2_LoginAndlogout" name="logoutToAmazon" time="28.144"/>
  <testcase classname="bdd.AmazonProject1.TestCase3_LoginandSearchProduct" name="searchProduct" time="12.287"/>
  <testcase classname="bdd.AmazonProject1.TestCase3_LoginandSearchProduct" name="searchProduct" time="13.449"/>
  <testcase classname="bdd.AmazonProject1.TestCase4_LoginAndSearchProductandLogout" name="searchProduct" time="21.14"/>
  <testcase classname="bdd.AmazonProject1.TestCase4_LoginAndSearchProductandLogout" name="searchProduct" time="20.9"/>
  <testcase classname="bdd.AmazonProject1.TestCase5_LoginandAddtoCart" name="addtoCard" time="21.961"/>
  <testcase classname="bdd.AmazonProject1.TestCase5_LoginandAddtoCart" name="addtoCard" time="36.976"/>
  <testcase classname="bdd.AmazonProject1.TestCase6_LoginAndRemoveCartItems" name="RemoveCartItem" time="28.698"/>
  <testcase classname="bdd.AmazonProject1.TestCase6_LoginAndRemoveCartItems" name="RemoveCartItem" time="28.145"/>
  <testcase classname="bdd.AmazonProject1.TestCase7_LoginAndIncreaseCartItems" name="addedCartItem" time="29.147"/>
  <testcase classname="bdd.AmazonProject1.TestCase7_LoginAndIncreaseCartItems" name="addedCartItem" time="33.179"/>
</testsuite> <!-- Regression Test -->
