<html>
<head>
<title>TestNG:  Regression Test1</title>
<link href="../testng.css" rel="stylesheet" type="text/css" />
<link href="../my-testng.css" rel="stylesheet" type="text/css" />

<style type="text/css">
.log { display: none;} 
.stack-trace { display: none;} 
</style>
<script type="text/javascript">
<!--
function flip(e) {
  current = e.style.display;
  if (current == 'block') {
    e.style.display = 'none';
    return 0;
  }
  else {
    e.style.display = 'block';
    return 1;
  }
}

function toggleBox(szDivId, elem, msg1, msg2)
{
  var res = -1;  if (document.getElementById) {
    res = flip(document.getElementById(szDivId));
  }
  else if (document.all) {
    // this is the way old msie versions work
    res = flip(document.all[szDivId]);
  }
  if(elem) {
    if(res == 0) elem.innerHTML = msg1; else elem.innerHTML = msg2;
  }

}

function toggleAllBoxes() {
  if (document.getElementsByTagName) {
    d = document.getElementsByTagName('div');
    for (i = 0; i < d.length; i++) {
      if (d[i].className == 'log') {
        flip(d[i]);
      }
    }
  }
}

// -->
</script>

</head>
<body>
<h2 align='center'>Regression Test1</h2><table border='1' align="center">
<tr>
<td>Tests passed/Failed/Skipped:</td><td>10/1/3</td>
</tr><tr>
<td>Started on:</td><td>Fri Feb 20 13:05:48 IST 2026</td>
</tr>
<tr><td>Total time:</td><td>292 seconds (292042 ms)</td>
</tr><tr>
<td>Included groups:</td><td></td>
</tr><tr>
<td>Excluded groups:</td><td></td>
</tr>
</table><p/>
<small><i>(Hover the method name to see the test class name)</i></small><p/>
<table width='100%' border='1' class='invocation-failed'>
<tr><td colspan='4' align='center'><b>FAILED TESTS</b></td></tr>
<tr><td><b>Test method</b></td>
<td><b>Attribute(s)</b></td>
<td width="30%"><b>Exception</b></td>
<td width="10%"><b>Time (seconds)</b></td>
<td><b>Instance</b></td>
</tr>
<tr>
<td title='bdd.AmazonProject1.TestCase5_LoginandAddtoCart.addtoCard()'><b>addtoCard</b><br>Test class: bdd.AmazonProject1.TestCase5_LoginandAddtoCart<br>Parameters: 9704221424, Saniya@0209, Jackets, 3, 2<br/>
<a href="#Output-580507907" onClick='toggleBox("Output-580507907", this, "Show output", "Hide output");'>Show output</a>

<a href="#Output-580507907" onClick="toggleAllBoxes();">Show all outputs</a>
<div class='log' id="Output-580507907">
Browser Launched<br/>
</div>
</td>
<td><div><pre>java.lang.NullPointerException: Cannot invoke &quot;org.openqa.selenium.WebDriver.getClass()&quot; because &quot;exceptionDriver&quot; is null
	at org.openqa.selenium.support.ui.WebDriverWait.timeoutException(WebDriverWait.java:85)
	at org.openqa.selenium.support.ui.FluentWait.until(FluentWait.java:228)
	at bdd.AmazonProject1.HomePage.signinClick(HomePage.java:93)
	at bdd.AmazonProject1.TestCase5_LoginandAddtoCart.addtoCard(TestCase5_LoginandAddtoCart.java:32)
	at java.base/java.util.ArrayList.forEach(ArrayList.java:1596)
... Removed 29 stack frames</pre></div><a href='#' onClick='toggleBox("stack-trace580507907", this, "Click to show all stack frames", "Click to hide stack frames")'>Click to show all stack frames</a>
<div class='stack-trace' id='stack-trace580507907'><pre>java.lang.NullPointerException: Cannot invoke &quot;org.openqa.selenium.WebDriver.getClass()&quot; because &quot;exceptionDriver&quot; is null
	at org.openqa.selenium.support.ui.WebDriverWait.timeoutException(WebDriverWait.java:85)
	at org.openqa.selenium.support.ui.FluentWait.until(FluentWait.java:228)
	at bdd.AmazonProject1.HomePage.signinClick(HomePage.java:93)
	at bdd.AmazonProject1.TestCase5_LoginandAddtoCart.addtoCard(TestCase5_LoginandAddtoCart.java:32)
	at java.base/jdk.internal.reflect.DirectMethodHandleAccessor.invoke(DirectMethodHandleAccessor.java:103)
	at java.base/java.lang.reflect.Method.invoke(Method.java:580)
	at org.testng.internal.invokers.MethodInvocationHelper.invokeMethod(MethodInvocationHelper.java:141)
	at org.testng.internal.invokers.TestInvoker.invokeMethod(TestInvoker.java:687)
	at org.testng.internal.invokers.TestInvoker.retryFailed(TestInvoker.java:269)
	at org.testng.internal.invokers.MethodRunner.runInSequence(MethodRunner.java:76)
	at org.testng.internal.invokers.TestInvoker$MethodInvocationAgent.invoke(TestInvoker.java:995)
	at org.testng.internal.invokers.TestInvoker.invokeTestMethods(TestInvoker.java:203)
	at org.testng.internal.invokers.TestMethodWorker.invokeTestMethods(TestMethodWorker.java:154)
	at org.testng.internal.invokers.TestMethodWorker.run(TestMethodWorker.java:134)
	at java.base/java.util.ArrayList.forEach(ArrayList.java:1596)
	at org.testng.TestRunner.privateRun(TestRunner.java:741)
	at org.testng.TestRunner.run(TestRunner.java:616)
	at org.testng.SuiteRunner.runTest(SuiteRunner.java:421)
	at org.testng.SuiteRunner.runSequentially(SuiteRunner.java:413)
	at org.testng.SuiteRunner.privateRun(SuiteRunner.java:373)
	at org.testng.SuiteRunner.run(SuiteRunner.java:312)
	at org.testng.SuiteRunnerWorker.runSuite(SuiteRunnerWorker.java:52)
	at org.testng.SuiteRunnerWorker.run(SuiteRunnerWorker.java:95)
	at org.testng.TestNG.runSuitesSequentially(TestNG.java:1274)
	at org.testng.TestNG.runSuitesLocally(TestNG.java:1208)
	at org.testng.TestNG.runSuites(TestNG.java:1112)
	at org.testng.TestNG.run(TestNG.java:1079)
	at org.apache.maven.surefire.testng.TestNGExecutor.run(TestNGExecutor.java:308)
	at org.apache.maven.surefire.testng.TestNGXmlTestSuite.execute(TestNGXmlTestSuite.java:71)
	at org.apache.maven.surefire.testng.TestNGProvider.invoke(TestNGProvider.java:113)
	at org.apache.maven.surefire.booter.ForkedBooter.runSuitesInProcess(ForkedBooter.java:385)
	at org.apache.maven.surefire.booter.ForkedBooter.execute(ForkedBooter.java:162)
	at org.apache.maven.surefire.booter.ForkedBooter.run(ForkedBooter.java:507)
	at org.apache.maven.surefire.booter.ForkedBooter.main(ForkedBooter.java:495)
</pre></div></td>
<td>12</td>
<td>bdd.AmazonProject1.TestCase5_LoginandAddtoCart@1d2adfbe</td></tr>
</table><p>
<table width='100%' border='1' class='invocation-passed'>
<tr><td colspan='4' align='center'><b>PASSED TESTS</b></td></tr>
<tr><td><b>Test method</b></td>
<td><b>Attribute(s)</b></td>
<td width="30%"><b>Exception</b></td>
<td width="10%"><b>Time (seconds)</b></td>
<td><b>Instance</b></td>
</tr>
<tr>
<td title='bdd.AmazonProject1.TestCase3_LoginandSearchProduct.searchProduct()'><b>searchProduct</b><br>Test class: bdd.AmazonProject1.TestCase3_LoginandSearchProduct<br>Parameters: 6304188726, Saniya@1234, Men shoe, 1<br/>
<a href="#Output-502386384" onClick='toggleBox("Output-502386384", this, "Show output", "Hide output");'>Show output</a>

<a href="#Output-502386384" onClick="toggleAllBoxes();">Show all outputs</a>
<div class='log' id="Output-502386384">
Mobile Number Entered<br/>
Password Entered<br/>
Succesfully Login to Amazon<br/>
All items are displayed<br/>
</div>
</td>
<td></td>
<td>15</td>
<td>bdd.AmazonProject1.TestCase3_LoginandSearchProduct@564fabc8</td></tr>
<tr>
<td title='bdd.AmazonProject1.Testcase1_LoginToAmazon.loginwithValidcredentials()'><b>loginwithValidcredentials</b><br>Test class: bdd.AmazonProject1.Testcase1_LoginToAmazon<br>Parameters: 6304188726, Saniya@1234<br/>
<a href="#Output-1732513254" onClick='toggleBox("Output-1732513254", this, "Show output", "Hide output");'>Show output</a>

<a href="#Output-1732513254" onClick="toggleAllBoxes();">Show all outputs</a>
<div class='log' id="Output-1732513254">
Mobile Number Entered<br/>
Password Entered<br/>
Succesfully Login to Amazon<br/>
</div>
</td>
<td></td>
<td>6</td>
<td>bdd.AmazonProject1.Testcase1_LoginToAmazon@4567f35d</td></tr>
<tr>
<td title='bdd.AmazonProject1.TestCase4_LoginAndSearchProductandLogout.searchProduct()'><b>searchProduct</b><br>Test class: bdd.AmazonProject1.TestCase4_LoginAndSearchProductandLogout<br>Parameters: 9704221424, Saniya@0209, Mobiles, 3<br/>
<a href="#Output-1792015149" onClick='toggleBox("Output-1792015149", this, "Show output", "Hide output");'>Show output</a>

<a href="#Output-1792015149" onClick="toggleAllBoxes();">Show all outputs</a>
<div class='log' id="Output-1792015149">
Mobile Number Entered<br/>
Password Entered<br/>
Succesfully Login to Amazon<br/>
All items are displayed<br/>
</div>
</td>
<td></td>
<td>25</td>
<td>bdd.AmazonProject1.TestCase4_LoginAndSearchProductandLogout@16d04d3d</td></tr>
<tr>
<td title='bdd.AmazonProject1.Testcase2_LoginAndlogout.logoutToAmazon()'><b>logoutToAmazon</b><br>Test class: bdd.AmazonProject1.Testcase2_LoginAndlogout<br>Parameters: 9704221424, Saniya@0209<br/>
<a href="#Output-1037463541" onClick='toggleBox("Output-1037463541", this, "Show output", "Hide output");'>Show output</a>

<a href="#Output-1037463541" onClick="toggleAllBoxes();">Show all outputs</a>
<div class='log' id="Output-1037463541">
Mobile Number Entered<br/>
Password Entered<br/>
Succesfully Login to Amazon<br/>
</div>
</td>
<td></td>
<td>12</td>
<td>bdd.AmazonProject1.Testcase2_LoginAndlogout@49ec71f8</td></tr>
<tr>
<td title='bdd.AmazonProject1.TestCase9_LoginAndPayment.checkoutpaymeent()'><b>checkoutpaymeent</b><br>Test class: bdd.AmazonProject1.TestCase9_LoginAndPayment<br>Parameters: 6304188726, Saniya@1234, Men shoe, 1, 4<br/>
<a href="#Output-1877123942" onClick='toggleBox("Output-1877123942", this, "Show output", "Hide output");'>Show output</a>

<a href="#Output-1877123942" onClick="toggleAllBoxes();">Show all outputs</a>
<div class='log' id="Output-1877123942">
Browser Launched<br/>
Mobile Number Entered<br/>
Password Entered<br/>
Succesfully Login to Amazon<br/>
All items are displayed<br/>
Clicked on Add to cart button<br/>
</div>
</td>
<td></td>
<td>47</td>
<td>bdd.AmazonProject1.TestCase9_LoginAndPayment@36902638</td></tr>
<tr>
<td title='bdd.AmazonProject1.Testcase2_LoginAndlogout.logoutToAmazon()'><b>logoutToAmazon</b><br>Test class: bdd.AmazonProject1.Testcase2_LoginAndlogout<br>Parameters: 6304188726, Saniya@1234<br/>
<a href="#Output-1961147937" onClick='toggleBox("Output-1961147937", this, "Show output", "Hide output");'>Show output</a>

<a href="#Output-1961147937" onClick="toggleAllBoxes();">Show all outputs</a>
<div class='log' id="Output-1961147937">
Mobile Number Entered<br/>
Password Entered<br/>
Succesfully Login to Amazon<br/>
</div>
</td>
<td></td>
<td>9</td>
<td>bdd.AmazonProject1.Testcase2_LoginAndlogout@49ec71f8</td></tr>
<tr>
<td title='bdd.AmazonProject1.Testcase1_LoginToAmazon.loginwithValidcredentials()'><b>loginwithValidcredentials</b><br>Test class: bdd.AmazonProject1.Testcase1_LoginToAmazon<br>Parameters: 9704221424, Saniya@0209<br/>
<a href="#Output-1578959831" onClick='toggleBox("Output-1578959831", this, "Show output", "Hide output");'>Show output</a>

<a href="#Output-1578959831" onClick="toggleAllBoxes();">Show all outputs</a>
<div class='log' id="Output-1578959831">
Mobile Number Entered<br/>
Password Entered<br/>
Succesfully Login to Amazon<br/>
</div>
</td>
<td></td>
<td>11</td>
<td>bdd.AmazonProject1.Testcase1_LoginToAmazon@4567f35d</td></tr>
<tr>
<td title='bdd.AmazonProject1.TestCase4_LoginAndSearchProductandLogout.searchProduct()'><b>searchProduct</b><br>Test class: bdd.AmazonProject1.TestCase4_LoginAndSearchProductandLogout<br>Parameters: 6304188726, Saniya@1234, Men shoe, 1<br/>
<a href="#Output-227080339" onClick='toggleBox("Output-227080339", this, "Show output", "Hide output");'>Show output</a>

<a href="#Output-227080339" onClick="toggleAllBoxes();">Show all outputs</a>
<div class='log' id="Output-227080339">
Mobile Number Entered<br/>
Password Entered<br/>
Succesfully Login to Amazon<br/>
All items are displayed<br/>
</div>
</td>
<td></td>
<td>20</td>
<td>bdd.AmazonProject1.TestCase4_LoginAndSearchProductandLogout@16d04d3d</td></tr>
<tr>
<td title='bdd.AmazonProject1.TestCase3_LoginandSearchProduct.searchProduct()'><b>searchProduct</b><br>Test class: bdd.AmazonProject1.TestCase3_LoginandSearchProduct<br>Parameters: 9704221424, Saniya@0209, Mobiles, 3<br/>
<a href="#Output-977975287" onClick='toggleBox("Output-977975287", this, "Show output", "Hide output");'>Show output</a>

<a href="#Output-977975287" onClick="toggleAllBoxes();">Show all outputs</a>
<div class='log' id="Output-977975287">
Mobile Number Entered<br/>
Password Entered<br/>
Succesfully Login to Amazon<br/>
All items are displayed<br/>
</div>
</td>
<td></td>
<td>13</td>
<td>bdd.AmazonProject1.TestCase3_LoginandSearchProduct@564fabc8</td></tr>
<tr>
<td title='bdd.AmazonProject1.TestCase5_LoginandAddtoCart.addtoCard()'><b>addtoCard</b><br>Test class: bdd.AmazonProject1.TestCase5_LoginandAddtoCart<br>Parameters: 6304188726, Saniya@1234, Men shoe, 1, 4<br/>
<a href="#Output-2021230836" onClick='toggleBox("Output-2021230836", this, "Show output", "Hide output");'>Show output</a>

<a href="#Output-2021230836" onClick="toggleAllBoxes();">Show all outputs</a>
<div class='log' id="Output-2021230836">
Browser Launched<br/>
Mobile Number Entered<br/>
Password Entered<br/>
Succesfully Login to Amazon<br/>
All items are displayed<br/>
Clicked on Add to cart button<br/>
</div>
</td>
<td></td>
<td>22</td>
<td>bdd.AmazonProject1.TestCase5_LoginandAddtoCart@1d2adfbe</td></tr>
</table><p>
<table width='100%' border='1' class='invocation-skipped'>
<tr><td colspan='4' align='center'><b>SKIPPED TESTS</b></td></tr>
<tr><td><b>Test method</b></td>
<td><b>Attribute(s)</b></td>
<td width="30%"><b>Exception</b></td>
<td width="10%"><b>Time (seconds)</b></td>
<td><b>Instance</b></td>
</tr>
<tr>
<td title='bdd.AmazonProject1.TestCase5_LoginandAddtoCart.addtoCard()'><b>addtoCard</b><br>Test class: bdd.AmazonProject1.TestCase5_LoginandAddtoCart<br>Parameters: 9704221424, Saniya@0209, Jackets, 3, 2<br/>
<a href="#Output-1809392952" onClick='toggleBox("Output-1809392952", this, "Show output", "Hide output");'>Show output</a>

<a href="#Output-1809392952" onClick="toggleAllBoxes();">Show all outputs</a>
<div class='log' id="Output-1809392952">
Browser Launched<br/>
Mobile Number Entered<br/>
Password Entered<br/>
Succesfully Login to Amazon<br/>
All items are displayed<br/>
</div>
</td>
<td><div><pre>org.openqa.selenium.ElementClickInterceptedException: element click intercepted: Element &lt;input id=&quot;add-to-cart-button&quot; name=&quot;submit.add-to-cart&quot; title=&quot;Add to Shopping Cart&quot; data-hover=&quot;Select &amp;lt;b&amp;gt;__dims__&amp;lt;/b&amp;gt; from the left&amp;lt;br&amp;gt; to add to Shopping Cart&quot; data-ref=&quot;&quot; class=&quot;a-button-input&quot; type=&quot;submit&quot; formaction=&quot;/cart/add-to-cart/ref=dp_start-bbf_1_glance&quot; value=&quot;Add to cart&quot; aria-labelledby=&quot;submit.add-to-cart-announce&quot;&gt; is not clickable at point (1260, 539). Other element would receive the click: &lt;a tabindex=&quot;0&quot; role=&quot;option&quot; href=&quot;javascript:void(0)&quot; data-value=&quot;{&amp;quot;stringVal&amp;quot;:&amp;quot;3&amp;quot;}&quot; aria-selected=&quot;false&quot; id=&quot;quantity_2&quot; class=&quot;a-dropdown-link&quot;&gt;...&lt;/a&gt;
  (Session info: chrome=145.0.7632.76)
Build info: version: &apos;4.39.0&apos;, revision: &apos;126f156aee&apos;
System info: os.name: &apos;Windows 11&apos;, os.arch: &apos;amd64&apos;, os.version: &apos;10.0&apos;, java.version: &apos;21.0.7&apos;
Driver info: org.openqa.selenium.chrome.ChromeDriver
Command: [aba33f5922d41338e8ab9c13983dec4b, clickElement {id=f.6FA55138AB0EF0D2C8741B33B2688B74.d.83AAFCBF7022652D112A934D2BA6610A.e.2593}]
Capabilities {acceptInsecureCerts: false, browserName: chrome, browserVersion: 145.0.7632.76, chrome: {chromedriverVersion: 145.0.7632.77 (da516187054a..., userDataDir: C:\Users\Mohsin\AppData\Loc...}, fedcm:accounts: true, goog:chromeOptions: {debuggerAddress: localhost:64461}, goog:processID: 24160, networkConnectionEnabled: false, pageLoadStrategy: normal, platformName: windows, proxy: Proxy(), se:cdp: ws://localhost:64461/devtoo..., se:cdpVersion: 145.0.7632.76, setWindowRect: true, strictFileInteractability: false, timeouts: {implicit: 0, pageLoad: 300000, script: 30000}, unhandledPromptBehavior: dismiss and notify, webauthn:extension:credBlob: true, webauthn:extension:largeBlob: true, webauthn:extension:minPinLength: true, webauthn:extension:prf: true, webauthn:virtualAuthenticators: true}
Element: [[ChromeDriver: chrome on windows (aba33f5922d41338e8ab9c13983dec4b)] -&gt; xpath: //input[@name=&apos;submit.add-to-cart&apos;]]
Session ID: aba33f5922d41338e8ab9c13983dec4b
	at org.openqa.selenium.remote.ErrorCodec.decode(ErrorCodec.java:167)
	at org.openqa.selenium.remote.codec.w3c.W3CHttpResponseCodec.decode(W3CHttpResponseCodec.java:142)
	at org.openqa.selenium.remote.codec.w3c.W3CHttpResponseCodec.decode(W3CHttpResponseCodec.java:49)
	at org.openqa.selenium.remote.HttpCommandExecutor.execute(HttpCommandExecutor.java:215)
	at org.openqa.selenium.remote.service.DriverCommandExecutor.invokeExecute(DriverCommandExecutor.java:216)
	at org.openqa.selenium.remote.service.DriverCommandExecutor.execute(DriverCommandExecutor.java:174)
	at org.openqa.selenium.remote.RemoteWebDriver.execute(RemoteWebDriver.java:561)
	at org.openqa.selenium.remote.RemoteWebElement.execute(RemoteWebElement.java:223)
	at org.openqa.selenium.remote.RemoteWebElement.click(RemoteWebElement.java:76)
	at org.openqa.selenium.support.pagefactory.internal.LocatingElementHandler.invoke(LocatingElementHandler.java:51)
	at jdk.proxy2/jdk.proxy2.$Proxy13.click(Unknown Source)
	at bdd.AmazonProject1.HomePage.clickOnaddtoCart(HomePage.java:172)
	at bdd.AmazonProject1.TestCase5_LoginandAddtoCart.addtoCard(TestCase5_LoginandAddtoCart.java:41)
	at java.base/java.util.ArrayList.forEach(ArrayList.java:1596)
... Removed 34 stack frames</pre></div><a href='#' onClick='toggleBox("stack-trace1809392952", this, "Click to show all stack frames", "Click to hide stack frames")'>Click to show all stack frames</a>
<div class='stack-trace' id='stack-trace1809392952'><pre>org.openqa.selenium.ElementClickInterceptedException: element click intercepted: Element &lt;input id=&quot;add-to-cart-button&quot; name=&quot;submit.add-to-cart&quot; title=&quot;Add to Shopping Cart&quot; data-hover=&quot;Select &amp;lt;b&amp;gt;__dims__&amp;lt;/b&amp;gt; from the left&amp;lt;br&amp;gt; to add to Shopping Cart&quot; data-ref=&quot;&quot; class=&quot;a-button-input&quot; type=&quot;submit&quot; formaction=&quot;/cart/add-to-cart/ref=dp_start-bbf_1_glance&quot; value=&quot;Add to cart&quot; aria-labelledby=&quot;submit.add-to-cart-announce&quot;&gt; is not clickable at point (1260, 539). Other element would receive the click: &lt;a tabindex=&quot;0&quot; role=&quot;option&quot; href=&quot;javascript:void(0)&quot; data-value=&quot;{&amp;quot;stringVal&amp;quot;:&amp;quot;3&amp;quot;}&quot; aria-selected=&quot;false&quot; id=&quot;quantity_2&quot; class=&quot;a-dropdown-link&quot;&gt;...&lt;/a&gt;
  (Session info: chrome=145.0.7632.76)
Build info: version: &apos;4.39.0&apos;, revision: &apos;126f156aee&apos;
System info: os.name: &apos;Windows 11&apos;, os.arch: &apos;amd64&apos;, os.version: &apos;10.0&apos;, java.version: &apos;21.0.7&apos;
Driver info: org.openqa.selenium.chrome.ChromeDriver
Command: [aba33f5922d41338e8ab9c13983dec4b, clickElement {id=f.6FA55138AB0EF0D2C8741B33B2688B74.d.83AAFCBF7022652D112A934D2BA6610A.e.2593}]
Capabilities {acceptInsecureCerts: false, browserName: chrome, browserVersion: 145.0.7632.76, chrome: {chromedriverVersion: 145.0.7632.77 (da516187054a..., userDataDir: C:\Users\Mohsin\AppData\Loc...}, fedcm:accounts: true, goog:chromeOptions: {debuggerAddress: localhost:64461}, goog:processID: 24160, networkConnectionEnabled: false, pageLoadStrategy: normal, platformName: windows, proxy: Proxy(), se:cdp: ws://localhost:64461/devtoo..., se:cdpVersion: 145.0.7632.76, setWindowRect: true, strictFileInteractability: false, timeouts: {implicit: 0, pageLoad: 300000, script: 30000}, unhandledPromptBehavior: dismiss and notify, webauthn:extension:credBlob: true, webauthn:extension:largeBlob: true, webauthn:extension:minPinLength: true, webauthn:extension:prf: true, webauthn:virtualAuthenticators: true}
Element: [[ChromeDriver: chrome on windows (aba33f5922d41338e8ab9c13983dec4b)] -&gt; xpath: //input[@name=&apos;submit.add-to-cart&apos;]]
Session ID: aba33f5922d41338e8ab9c13983dec4b
	at java.base/jdk.internal.reflect.DirectConstructorHandleAccessor.newInstance(DirectConstructorHandleAccessor.java:62)
	at java.base/java.lang.reflect.Constructor.newInstanceWithCaller(Constructor.java:502)
	at java.base/java.lang.reflect.Constructor.newInstance(Constructor.java:486)
	at org.openqa.selenium.remote.ErrorCodec.decode(ErrorCodec.java:167)
	at org.openqa.selenium.remote.codec.w3c.W3CHttpResponseCodec.decode(W3CHttpResponseCodec.java:142)
	at org.openqa.selenium.remote.codec.w3c.W3CHttpResponseCodec.decode(W3CHttpResponseCodec.java:49)
	at org.openqa.selenium.remote.HttpCommandExecutor.execute(HttpCommandExecutor.java:215)
	at org.openqa.selenium.remote.service.DriverCommandExecutor.invokeExecute(DriverCommandExecutor.java:216)
	at org.openqa.selenium.remote.service.DriverCommandExecutor.execute(DriverCommandExecutor.java:174)
	at org.openqa.selenium.remote.RemoteWebDriver.execute(RemoteWebDriver.java:561)
	at org.openqa.selenium.remote.RemoteWebElement.execute(RemoteWebElement.java:223)
	at org.openqa.selenium.remote.RemoteWebElement.click(RemoteWebElement.java:76)
	at java.base/jdk.internal.reflect.DirectMethodHandleAccessor.invoke(DirectMethodHandleAccessor.java:103)
	at java.base/java.lang.reflect.Method.invoke(Method.java:580)
	at org.openqa.selenium.support.pagefactory.internal.LocatingElementHandler.invoke(LocatingElementHandler.java:51)
	at jdk.proxy2/jdk.proxy2.$Proxy13.click(Unknown Source)
	at bdd.AmazonProject1.HomePage.clickOnaddtoCart(HomePage.java:172)
	at bdd.AmazonProject1.TestCase5_LoginandAddtoCart.addtoCard(TestCase5_LoginandAddtoCart.java:41)
	at java.base/jdk.internal.reflect.DirectMethodHandleAccessor.invoke(DirectMethodHandleAccessor.java:103)
	at java.base/java.lang.reflect.Method.invoke(Method.java:580)
	at org.testng.internal.invokers.MethodInvocationHelper.invokeMethod(MethodInvocationHelper.java:141)
	at org.testng.internal.invokers.TestInvoker.invokeMethod(TestInvoker.java:687)
	at org.testng.internal.invokers.TestInvoker.invokeTestMethod(TestInvoker.java:230)
	at org.testng.internal.invokers.MethodRunner.runInSequence(MethodRunner.java:63)
	at org.testng.internal.invokers.TestInvoker$MethodInvocationAgent.invoke(TestInvoker.java:995)
	at org.testng.internal.invokers.TestInvoker.invokeTestMethods(TestInvoker.java:203)
	at org.testng.internal.invokers.TestMethodWorker.invokeTestMethods(TestMethodWorker.java:154)
	at org.testng.internal.invokers.TestMethodWorker.run(TestMethodWorker.java:134)
	at java.base/java.util.ArrayList.forEach(ArrayList.java:1596)
	at org.testng.TestRunner.privateRun(TestRunner.java:741)
	at org.testng.TestRunner.run(TestRunner.java:616)
	at org.testng.SuiteRunner.runTest(SuiteRunner.java:421)
	at org.testng.SuiteRunner.runSequentially(SuiteRunner.java:413)
	at org.testng.SuiteRunner.privateRun(SuiteRunner.java:373)
	at org.testng.SuiteRunner.run(SuiteRunner.java:312)
	at org.testng.SuiteRunnerWorker.runSuite(SuiteRunnerWorker.java:52)
	at org.testng.SuiteRunnerWorker.run(SuiteRunnerWorker.java:95)
	at org.testng.TestNG.runSuitesSequentially(TestNG.java:1274)
	at org.testng.TestNG.runSuitesLocally(TestNG.java:1208)
	at org.testng.TestNG.runSuites(TestNG.java:1112)
	at org.testng.TestNG.run(TestNG.java:1079)
	at org.apache.maven.surefire.testng.TestNGExecutor.run(TestNGExecutor.java:308)
	at org.apache.maven.surefire.testng.TestNGXmlTestSuite.execute(TestNGXmlTestSuite.java:71)
	at org.apache.maven.surefire.testng.TestNGProvider.invoke(TestNGProvider.java:113)
	at org.apache.maven.surefire.booter.ForkedBooter.runSuitesInProcess(ForkedBooter.java:385)
	at org.apache.maven.surefire.booter.ForkedBooter.execute(ForkedBooter.java:162)
	at org.apache.maven.surefire.booter.ForkedBooter.run(ForkedBooter.java:507)
	at org.apache.maven.surefire.booter.ForkedBooter.main(ForkedBooter.java:495)
</pre></div></td>
<td>21</td>
<td>bdd.AmazonProject1.TestCase5_LoginandAddtoCart@1d2adfbe</td></tr>
<tr>
<td title='bdd.AmazonProject1.Testcase1_LoginToAmazon.loginwithValidcredentials()'><b>loginwithValidcredentials</b><br>Test class: bdd.AmazonProject1.Testcase1_LoginToAmazon<br>Parameters: 9704221424, Saniya@0209</td>
<td><div><pre>java.lang.NullPointerException: Cannot invoke &quot;org.openqa.selenium.WebDriver.getClass()&quot; because &quot;exceptionDriver&quot; is null
	at org.openqa.selenium.support.ui.WebDriverWait.timeoutException(WebDriverWait.java:85)
	at org.openqa.selenium.support.ui.FluentWait.until(FluentWait.java:228)
	at bdd.AmazonProject1.HomePage.signinClick(HomePage.java:93)
	at bdd.AmazonProject1.Testcase1_LoginToAmazon.loginwithValidcredentials(Testcase1_LoginToAmazon.java:30)
	at java.base/java.util.ArrayList.forEach(ArrayList.java:1596)
... Removed 29 stack frames</pre></div><a href='#' onClick='toggleBox("stack-trace1858779250", this, "Click to show all stack frames", "Click to hide stack frames")'>Click to show all stack frames</a>
<div class='stack-trace' id='stack-trace1858779250'><pre>java.lang.NullPointerException: Cannot invoke &quot;org.openqa.selenium.WebDriver.getClass()&quot; because &quot;exceptionDriver&quot; is null
	at org.openqa.selenium.support.ui.WebDriverWait.timeoutException(WebDriverWait.java:85)
	at org.openqa.selenium.support.ui.FluentWait.until(FluentWait.java:228)
	at bdd.AmazonProject1.HomePage.signinClick(HomePage.java:93)
	at bdd.AmazonProject1.Testcase1_LoginToAmazon.loginwithValidcredentials(Testcase1_LoginToAmazon.java:30)
	at java.base/jdk.internal.reflect.DirectMethodHandleAccessor.invoke(DirectMethodHandleAccessor.java:103)
	at java.base/java.lang.reflect.Method.invoke(Method.java:580)
	at org.testng.internal.invokers.MethodInvocationHelper.invokeMethod(MethodInvocationHelper.java:141)
	at org.testng.internal.invokers.TestInvoker.invokeMethod(TestInvoker.java:687)
	at org.testng.internal.invokers.TestInvoker.invokeTestMethod(TestInvoker.java:230)
	at org.testng.internal.invokers.MethodRunner.runInSequence(MethodRunner.java:63)
	at org.testng.internal.invokers.TestInvoker$MethodInvocationAgent.invoke(TestInvoker.java:995)
	at org.testng.internal.invokers.TestInvoker.invokeTestMethods(TestInvoker.java:203)
	at org.testng.internal.invokers.TestMethodWorker.invokeTestMethods(TestMethodWorker.java:154)
	at org.testng.internal.invokers.TestMethodWorker.run(TestMethodWorker.java:134)
	at java.base/java.util.ArrayList.forEach(ArrayList.java:1596)
	at org.testng.TestRunner.privateRun(TestRunner.java:741)
	at org.testng.TestRunner.run(TestRunner.java:616)
	at org.testng.SuiteRunner.runTest(SuiteRunner.java:421)
	at org.testng.SuiteRunner.runSequentially(SuiteRunner.java:413)
	at org.testng.SuiteRunner.privateRun(SuiteRunner.java:373)
	at org.testng.SuiteRunner.run(SuiteRunner.java:312)
	at org.testng.SuiteRunnerWorker.runSuite(SuiteRunnerWorker.java:52)
	at org.testng.SuiteRunnerWorker.run(SuiteRunnerWorker.java:95)
	at org.testng.TestNG.runSuitesSequentially(TestNG.java:1274)
	at org.testng.TestNG.runSuitesLocally(TestNG.java:1208)
	at org.testng.TestNG.runSuites(TestNG.java:1112)
	at org.testng.TestNG.run(TestNG.java:1079)
	at org.apache.maven.surefire.testng.TestNGExecutor.run(TestNGExecutor.java:308)
	at org.apache.maven.surefire.testng.TestNGXmlTestSuite.execute(TestNGXmlTestSuite.java:71)
	at org.apache.maven.surefire.testng.TestNGProvider.invoke(TestNGProvider.java:113)
	at org.apache.maven.surefire.booter.ForkedBooter.runSuitesInProcess(ForkedBooter.java:385)
	at org.apache.maven.surefire.booter.ForkedBooter.execute(ForkedBooter.java:162)
	at org.apache.maven.surefire.booter.ForkedBooter.run(ForkedBooter.java:507)
	at org.apache.maven.surefire.booter.ForkedBooter.main(ForkedBooter.java:495)
</pre></div></td>
<td>12</td>
<td>bdd.AmazonProject1.Testcase1_LoginToAmazon@4567f35d</td></tr>
<tr>
<td title='bdd.AmazonProject1.TestCase5_LoginandAddtoCart.addtoCard()'><b>addtoCard</b><br>Test class: bdd.AmazonProject1.TestCase5_LoginandAddtoCart<br>Parameters: 9704221424, Saniya@0209, Jackets, 3, 2<br/>
<a href="#Output-294008652" onClick='toggleBox("Output-294008652", this, "Show output", "Hide output");'>Show output</a>

<a href="#Output-294008652" onClick="toggleAllBoxes();">Show all outputs</a>
<div class='log' id="Output-294008652">
Browser Launched<br/>
Mobile Number Entered<br/>
Password Entered<br/>
Succesfully Login to Amazon<br/>
All items are displayed<br/>
</div>
</td>
<td><div><pre>org.openqa.selenium.ElementClickInterceptedException: element click intercepted: Element &lt;input id=&quot;add-to-cart-button&quot; name=&quot;submit.add-to-cart&quot; title=&quot;Add to Shopping Cart&quot; data-hover=&quot;Select &amp;lt;b&amp;gt;__dims__&amp;lt;/b&amp;gt; from the left&amp;lt;br&amp;gt; to add to Shopping Cart&quot; data-ref=&quot;&quot; class=&quot;a-button-input&quot; type=&quot;submit&quot; formaction=&quot;/cart/add-to-cart/ref=dp_start-bbf_1_glance&quot; value=&quot;Add to cart&quot; aria-labelledby=&quot;submit.add-to-cart-announce&quot;&gt; is not clickable at point (1260, 563). Other element would receive the click: &lt;a tabindex=&quot;0&quot; role=&quot;option&quot; href=&quot;javascript:void(0)&quot; data-value=&quot;{&amp;quot;stringVal&amp;quot;:&amp;quot;3&amp;quot;}&quot; aria-selected=&quot;false&quot; id=&quot;quantity_2&quot; class=&quot;a-dropdown-link&quot;&gt;...&lt;/a&gt;
  (Session info: chrome=145.0.7632.76)
Build info: version: &apos;4.39.0&apos;, revision: &apos;126f156aee&apos;
System info: os.name: &apos;Windows 11&apos;, os.arch: &apos;amd64&apos;, os.version: &apos;10.0&apos;, java.version: &apos;21.0.7&apos;
Driver info: org.openqa.selenium.chrome.ChromeDriver
Command: [42673d124ce878be782d609827f1a8c8, clickElement {id=f.39251F0E49454BAE0A58F26CF5A1453C.d.FAF7094155399FC51191CB52C87C4DFA.e.2927}]
Capabilities {acceptInsecureCerts: false, browserName: chrome, browserVersion: 145.0.7632.76, chrome: {chromedriverVersion: 145.0.7632.77 (da516187054a..., userDataDir: C:\Users\Mohsin\AppData\Loc...}, fedcm:accounts: true, goog:chromeOptions: {debuggerAddress: localhost:65515}, goog:processID: 17100, networkConnectionEnabled: false, pageLoadStrategy: normal, platformName: windows, proxy: Proxy(), se:cdp: ws://localhost:65515/devtoo..., se:cdpVersion: 145.0.7632.76, setWindowRect: true, strictFileInteractability: false, timeouts: {implicit: 0, pageLoad: 300000, script: 30000}, unhandledPromptBehavior: dismiss and notify, webauthn:extension:credBlob: true, webauthn:extension:largeBlob: true, webauthn:extension:minPinLength: true, webauthn:extension:prf: true, webauthn:virtualAuthenticators: true}
Element: [[ChromeDriver: chrome on windows (42673d124ce878be782d609827f1a8c8)] -&gt; xpath: //input[@name=&apos;submit.add-to-cart&apos;]]
Session ID: 42673d124ce878be782d609827f1a8c8
	at org.openqa.selenium.remote.ErrorCodec.decode(ErrorCodec.java:167)
	at org.openqa.selenium.remote.codec.w3c.W3CHttpResponseCodec.decode(W3CHttpResponseCodec.java:142)
	at org.openqa.selenium.remote.codec.w3c.W3CHttpResponseCodec.decode(W3CHttpResponseCodec.java:49)
	at org.openqa.selenium.remote.HttpCommandExecutor.execute(HttpCommandExecutor.java:215)
	at org.openqa.selenium.remote.service.DriverCommandExecutor.invokeExecute(DriverCommandExecutor.java:216)
	at org.openqa.selenium.remote.service.DriverCommandExecutor.execute(DriverCommandExecutor.java:174)
	at org.openqa.selenium.remote.RemoteWebDriver.execute(RemoteWebDriver.java:561)
	at org.openqa.selenium.remote.RemoteWebElement.execute(RemoteWebElement.java:223)
	at org.openqa.selenium.remote.RemoteWebElement.click(RemoteWebElement.java:76)
	at org.openqa.selenium.support.pagefactory.internal.LocatingElementHandler.invoke(LocatingElementHandler.java:51)
	at jdk.proxy2/jdk.proxy2.$Proxy13.click(Unknown Source)
	at bdd.AmazonProject1.HomePage.clickOnaddtoCart(HomePage.java:172)
	at bdd.AmazonProject1.TestCase5_LoginandAddtoCart.addtoCard(TestCase5_LoginandAddtoCart.java:41)
	at java.base/java.util.ArrayList.forEach(ArrayList.java:1596)
... Removed 34 stack frames</pre></div><a href='#' onClick='toggleBox("stack-trace294008652", this, "Click to show all stack frames", "Click to hide stack frames")'>Click to show all stack frames</a>
<div class='stack-trace' id='stack-trace294008652'><pre>org.openqa.selenium.ElementClickInterceptedException: element click intercepted: Element &lt;input id=&quot;add-to-cart-button&quot; name=&quot;submit.add-to-cart&quot; title=&quot;Add to Shopping Cart&quot; data-hover=&quot;Select &amp;lt;b&amp;gt;__dims__&amp;lt;/b&amp;gt; from the left&amp;lt;br&amp;gt; to add to Shopping Cart&quot; data-ref=&quot;&quot; class=&quot;a-button-input&quot; type=&quot;submit&quot; formaction=&quot;/cart/add-to-cart/ref=dp_start-bbf_1_glance&quot; value=&quot;Add to cart&quot; aria-labelledby=&quot;submit.add-to-cart-announce&quot;&gt; is not clickable at point (1260, 563). Other element would receive the click: &lt;a tabindex=&quot;0&quot; role=&quot;option&quot; href=&quot;javascript:void(0)&quot; data-value=&quot;{&amp;quot;stringVal&amp;quot;:&amp;quot;3&amp;quot;}&quot; aria-selected=&quot;false&quot; id=&quot;quantity_2&quot; class=&quot;a-dropdown-link&quot;&gt;...&lt;/a&gt;
  (Session info: chrome=145.0.7632.76)
Build info: version: &apos;4.39.0&apos;, revision: &apos;126f156aee&apos;
System info: os.name: &apos;Windows 11&apos;, os.arch: &apos;amd64&apos;, os.version: &apos;10.0&apos;, java.version: &apos;21.0.7&apos;
Driver info: org.openqa.selenium.chrome.ChromeDriver
Command: [42673d124ce878be782d609827f1a8c8, clickElement {id=f.39251F0E49454BAE0A58F26CF5A1453C.d.FAF7094155399FC51191CB52C87C4DFA.e.2927}]
Capabilities {acceptInsecureCerts: false, browserName: chrome, browserVersion: 145.0.7632.76, chrome: {chromedriverVersion: 145.0.7632.77 (da516187054a..., userDataDir: C:\Users\Mohsin\AppData\Loc...}, fedcm:accounts: true, goog:chromeOptions: {debuggerAddress: localhost:65515}, goog:processID: 17100, networkConnectionEnabled: false, pageLoadStrategy: normal, platformName: windows, proxy: Proxy(), se:cdp: ws://localhost:65515/devtoo..., se:cdpVersion: 145.0.7632.76, setWindowRect: true, strictFileInteractability: false, timeouts: {implicit: 0, pageLoad: 300000, script: 30000}, unhandledPromptBehavior: dismiss and notify, webauthn:extension:credBlob: true, webauthn:extension:largeBlob: true, webauthn:extension:minPinLength: true, webauthn:extension:prf: true, webauthn:virtualAuthenticators: true}
Element: [[ChromeDriver: chrome on windows (42673d124ce878be782d609827f1a8c8)] -&gt; xpath: //input[@name=&apos;submit.add-to-cart&apos;]]
Session ID: 42673d124ce878be782d609827f1a8c8
	at java.base/jdk.internal.reflect.DirectConstructorHandleAccessor.newInstance(DirectConstructorHandleAccessor.java:62)
	at java.base/java.lang.reflect.Constructor.newInstanceWithCaller(Constructor.java:502)
	at java.base/java.lang.reflect.Constructor.newInstance(Constructor.java:486)
	at org.openqa.selenium.remote.ErrorCodec.decode(ErrorCodec.java:167)
	at org.openqa.selenium.remote.codec.w3c.W3CHttpResponseCodec.decode(W3CHttpResponseCodec.java:142)
	at org.openqa.selenium.remote.codec.w3c.W3CHttpResponseCodec.decode(W3CHttpResponseCodec.java:49)
	at org.openqa.selenium.remote.HttpCommandExecutor.execute(HttpCommandExecutor.java:215)
	at org.openqa.selenium.remote.service.DriverCommandExecutor.invokeExecute(DriverCommandExecutor.java:216)
	at org.openqa.selenium.remote.service.DriverCommandExecutor.execute(DriverCommandExecutor.java:174)
	at org.openqa.selenium.remote.RemoteWebDriver.execute(RemoteWebDriver.java:561)
	at org.openqa.selenium.remote.RemoteWebElement.execute(RemoteWebElement.java:223)
	at org.openqa.selenium.remote.RemoteWebElement.click(RemoteWebElement.java:76)
	at java.base/jdk.internal.reflect.DirectMethodHandleAccessor.invoke(DirectMethodHandleAccessor.java:103)
	at java.base/java.lang.reflect.Method.invoke(Method.java:580)
	at org.openqa.selenium.support.pagefactory.internal.LocatingElementHandler.invoke(LocatingElementHandler.java:51)
	at jdk.proxy2/jdk.proxy2.$Proxy13.click(Unknown Source)
	at bdd.AmazonProject1.HomePage.clickOnaddtoCart(HomePage.java:172)
	at bdd.AmazonProject1.TestCase5_LoginandAddtoCart.addtoCard(TestCase5_LoginandAddtoCart.java:41)
	at java.base/jdk.internal.reflect.DirectMethodHandleAccessor.invoke(DirectMethodHandleAccessor.java:103)
	at java.base/java.lang.reflect.Method.invoke(Method.java:580)
	at org.testng.internal.invokers.MethodInvocationHelper.invokeMethod(MethodInvocationHelper.java:141)
	at org.testng.internal.invokers.TestInvoker.invokeMethod(TestInvoker.java:687)
	at org.testng.internal.invokers.TestInvoker.retryFailed(TestInvoker.java:269)
	at org.testng.internal.invokers.MethodRunner.runInSequence(MethodRunner.java:76)
	at org.testng.internal.invokers.TestInvoker$MethodInvocationAgent.invoke(TestInvoker.java:995)
	at org.testng.internal.invokers.TestInvoker.invokeTestMethods(TestInvoker.java:203)
	at org.testng.internal.invokers.TestMethodWorker.invokeTestMethods(TestMethodWorker.java:154)
	at org.testng.internal.invokers.TestMethodWorker.run(TestMethodWorker.java:134)
	at java.base/java.util.ArrayList.forEach(ArrayList.java:1596)
	at org.testng.TestRunner.privateRun(TestRunner.java:741)
	at org.testng.TestRunner.run(TestRunner.java:616)
	at org.testng.SuiteRunner.runTest(SuiteRunner.java:421)
	at org.testng.SuiteRunner.runSequentially(SuiteRunner.java:413)
	at org.testng.SuiteRunner.privateRun(SuiteRunner.java:373)
	at org.testng.SuiteRunner.run(SuiteRunner.java:312)
	at org.testng.SuiteRunnerWorker.runSuite(SuiteRunnerWorker.java:52)
	at org.testng.SuiteRunnerWorker.run(SuiteRunnerWorker.java:95)
	at org.testng.TestNG.runSuitesSequentially(TestNG.java:1274)
	at org.testng.TestNG.runSuitesLocally(TestNG.java:1208)
	at org.testng.TestNG.runSuites(TestNG.java:1112)
	at org.testng.TestNG.run(TestNG.java:1079)
	at org.apache.maven.surefire.testng.TestNGExecutor.run(TestNGExecutor.java:308)
	at org.apache.maven.surefire.testng.TestNGXmlTestSuite.execute(TestNGXmlTestSuite.java:71)
	at org.apache.maven.surefire.testng.TestNGProvider.invoke(TestNGProvider.java:113)
	at org.apache.maven.surefire.booter.ForkedBooter.runSuitesInProcess(ForkedBooter.java:385)
	at org.apache.maven.surefire.booter.ForkedBooter.execute(ForkedBooter.java:162)
	at org.apache.maven.surefire.booter.ForkedBooter.run(ForkedBooter.java:507)
	at org.apache.maven.surefire.booter.ForkedBooter.main(ForkedBooter.java:495)
</pre></div></td>
<td>19</td>
<td>bdd.AmazonProject1.TestCase5_LoginandAddtoCart@1d2adfbe</td></tr>
</table><p>
</body>
</html>