<?xml version="1.0" encoding="UTF-8"?>
<!-- Generated by org.testng.reporters.JUnitXMLReporter -->
<testsuite ignored="0" hostname="LAPTOP-UHB9RVKR" failures="1" tests="2" name="Regression Test2" time="11.968" errors="0" timestamp="2026-02-02T22:43:08 IST">
  <testcase classname="bdd.AmazonProject1.Testcase1_LoginToAmazon" name="loginwithValidcredentials" time="9.491"/>
  <testcase classname="bdd.AmazonProject1.Testcase1_LoginToAmazon" name="loginwithValidcredentials" time="11.944">
    <failure type="java.lang.NullPointerException" message="Cannot invoke &amp;quot;org.openqa.selenium.TakesScreenshot.getScreenshotAs(org.openqa.selenium.OutputType)&amp;quot; because &amp;quot;ts&amp;quot; is null">
      <![CDATA[java.lang.NullPointerException: Cannot invoke "org.openqa.selenium.TakesScreenshot.getScreenshotAs(org.openqa.selenium.OutputType)" because "ts" is null
at utility.Listernerclass.onTestSuccess(Listernerclass.java:29)
at java.base/java.util.ArrayList.forEach(ArrayList.java:1596)
at java.base/java.util.concurrent.FutureTask.run(FutureTask.java:317)
at java.base/java.util.concurrent.ThreadPoolExecutor.runWorker(ThreadPoolExecutor.java:1144)
at java.base/java.util.concurrent.ThreadPoolExecutor$Worker.run(ThreadPoolExecutor.java:642)
at java.base/java.lang.Thread.run(Thread.java:1583)
... Removed 14 stack frames]]>
    </failure>
  </testcase> <!-- loginwithValidcredentials -->
</testsuite> <!-- Regression Test2 -->
