<!DOCTYPE html PUBLIC "-//W3C//DTD XHTML 1.1//EN" "https://www.w3.org/TR/xhtml11/DTD/xhtml11.dtd">
<html xmlns="https://www.w3.org/1999/xhtml">
<head>
<meta http-equiv="content-type" content="text/html; charset=UTF-8"/>
<title>TestNG Report</title>
<style type="text/css">table {margin-bottom:10px;border-collapse:collapse;empty-cells:show}th,td {border:1px solid #009;padding:.25em .5em}th {vertical-align:bottom}td {vertical-align:top}table a {font-weight:bold}.stripe td {background-color: #E6EBF9}.num {text-align:right}.passedodd td {background-color: #3F3}.passedeven td {background-color: #0A0}.skippedodd td {background-color: #DDD}.skippedeven td {background-color: #CCC}.failedodd td,.attn {background-color: #F33}.failedeven td,.stripe .attn {background-color: #D00}.stacktrace {white-space:pre;font-family:monospace}.totop {font-size:85%;text-align:center;border-bottom:2px solid #000}.invisible {display:none}</style>
</head>
<body>
<table>
<tr><th>Test</th><th># Passed</th><th># Skipped</th><th># Retried</th><th># Failed</th><th>Time (ms)</th><th>Included Groups</th><th>Excluded Groups</th></tr>
<tr><th colspan="8">Regression Suite</th></tr>
<tr><td><a href="#t0">Regression Test1</a></td><td class="num">10</td><td class="num">0</td><td class="num attn">3</td><td class="num attn">1</td><td class="num">292,042</td><td></td><td></td></tr>
</table>
<table id='summary'><thead><tr><th>Class</th><th>Method</th><th>Start</th><th>Time (ms)</th></tr></thead><tbody><tr><th colspan="4">Regression Suite</th></tr></tbody><tbody id="t0"><tr><th colspan="4">Regression Test1 &#8212; failed</th></tr><tr class="failedeven"><td rowspan="1">bdd.AmazonProject1.TestCase5_LoginandAddtoCart</td><td><a href="#m0">addtoCard</a></td><td rowspan="1">1771573152731</td><td rowspan="1">12355</td></tr><tr><th colspan="4">Regression Test1 &#8212; retried</th></tr><tr class="retriedeven"><td rowspan="2">bdd.AmazonProject1.TestCase5_LoginandAddtoCart</td><td><a href="#m1">addtoCard</a></td><td rowspan="2">1771573108476</td><td rowspan="2">21161</td></tr><tr class="retriedeven"><td><a href="#m2">addtoCard</a></td></tr><tr class="retriedodd"><td rowspan="1">bdd.AmazonProject1.Testcase1_LoginToAmazon</td><td><a href="#m3">loginwithValidcredentials</a></td><td rowspan="1">1771572959327</td><td rowspan="1">12378</td></tr><tr><th colspan="4">Regression Test1 &#8212; passed</th></tr><tr class="passedeven"><td rowspan="2">bdd.AmazonProject1.TestCase3_LoginandSearchProduct</td><td><a href="#m4">searchProduct</a></td><td rowspan="2">1771572988635</td><td rowspan="2">15685</td></tr><tr class="passedeven"><td><a href="#m5">searchProduct</a></td></tr><tr class="passedodd"><td rowspan="2">bdd.AmazonProject1.TestCase4_LoginAndSearchProductandLogout</td><td><a href="#m6">searchProduct</a></td><td rowspan="2">1771573054977</td><td rowspan="2">25410</td></tr><tr class="passedodd"><td><a href="#m7">searchProduct</a></td></tr><tr class="passedeven"><td rowspan="1">bdd.AmazonProject1.TestCase5_LoginandAddtoCart</td><td><a href="#m8">addtoCard</a></td><td rowspan="1">1771573082559</td><td rowspan="1">22659</td></tr><tr class="passedodd"><td rowspan="1">bdd.AmazonProject1.TestCase9_LoginAndPayment</td><td><a href="#m9">checkoutpaymeent</a></td><td rowspan="1">1771573167208</td><td rowspan="1">47283</td></tr><tr class="passedeven"><td rowspan="2">bdd.AmazonProject1.Testcase1_LoginToAmazon</td><td><a href="#m10">loginwithValidcredentials</a></td><td rowspan="2">1771572950677</td><td rowspan="2">6797</td></tr><tr class="passedeven"><td><a href="#m11">loginwithValidcredentials</a></td></tr><tr class="passedodd"><td rowspan="2">bdd.AmazonProject1.Testcase2_LoginAndlogout</td><td><a href="#m12">logoutToAmazon</a></td><td rowspan="2">1771573228087</td><td rowspan="2">12226</td></tr><tr class="passedodd"><td><a href="#m13">logoutToAmazon</a></td></tr></tbody>
</table>
<h2>Regression Test1</h2><h3 id="m0">bdd.AmazonProject1.TestCase5_LoginandAddtoCart#addtoCard</h3><table class="result"><tr class="param"><th>Parameter #1</th><th>Parameter #2</th><th>Parameter #3</th><th>Parameter #4</th><th>Parameter #5</th></tr><tr class="param stripe"><td>9704221424</td><td>Saniya@0209</td><td>Jackets</td><td>3</td><td>2</td></tr><tr><th colspan="5">Messages</th></tr><tr><td colspan="5"><div class="messages">Browser Launched</div></td></tr><tr><th colspan="5">Exception</th></tr><tr><td colspan="5"><div class="stacktrace">java.lang.NullPointerException: Cannot invoke &quot;org.openqa.selenium.WebDriver.getClass()&quot; because &quot;exceptionDriver&quot; is null
	at org.openqa.selenium.support.ui.WebDriverWait.timeoutException(WebDriverWait.java:85)
	at org.openqa.selenium.support.ui.FluentWait.until(FluentWait.java:228)
	at bdd.AmazonProject1.HomePage.signinClick(HomePage.java:93)
	at bdd.AmazonProject1.TestCase5_LoginandAddtoCart.addtoCard(TestCase5_LoginandAddtoCart.java:32)
	at java.base/java.util.ArrayList.forEach(ArrayList.java:1596)
... Removed 29 stack frames</div></td></tr></table><p class="totop"><a href="#summary">back to summary</a></p>
<h3 id="m1">bdd.AmazonProject1.TestCase5_LoginandAddtoCart#addtoCard</h3><table class="result"><tr class="param"><th>Parameter #1</th><th>Parameter #2</th><th>Parameter #3</th><th>Parameter #4</th><th>Parameter #5</th></tr><tr class="param stripe"><td>9704221424</td><td>Saniya@0209</td><td>Jackets</td><td>3</td><td>2</td></tr><tr><th colspan="5">Messages</th></tr><tr><td colspan="5"><div class="messages">Browser Launched<br/>Mobile Number Entered<br/>Password Entered<br/>Succesfully Login to Amazon<br/>All items are displayed</div></td></tr><tr><th colspan="5">Exception</th></tr><tr><td colspan="5"><div class="stacktrace">org.openqa.selenium.ElementClickInterceptedException: element click intercepted: Element &lt;input id=&quot;add-to-cart-button&quot; name=&quot;submit.add-to-cart&quot; title=&quot;Add to Shopping Cart&quot; data-hover=&quot;Select &amp;lt;b&amp;gt;__dims__&amp;lt;/b&amp;gt; from the left&amp;lt;br&amp;gt; to add to Shopping Cart&quot; data-ref=&quot;&quot; class=&quot;a-button-input&quot; type=&quot;submit&quot; formaction=&quot;/cart/add-to-cart/ref=dp_start-bbf_1_glance&quot; value=&quot;Add to cart&quot; aria-labelledby=&quot;submit.add-to-cart-announce&quot;&gt; is not clickable at point (1260, 539). Other element would receive the click: &lt;a tabindex=&quot;0&quot; role=&quot;option&quot; href=&quot;javascript:void(0)&quot; data-value=&quot;{&amp;quot;stringVal&amp;quot;:&amp;quot;3&amp;quot;}&quot; aria-selected=&quot;false&quot; id=&quot;quantity_2&quot; class=&quot;a-dropdown-link&quot;&gt;...&lt;/a&gt;
  (Session info: chrome=145.0.7632.76)
Build info: version: &apos;4.39.0&apos;, revision: &apos;126f156aee&apos;
System info: os.name: &apos;Windows 11&apos;, os.arch: &apos;amd64&apos;, os.version: &apos;10.0&apos;, java.version: &apos;21.0.7&apos;
Driver info: org.openqa.selenium.chrome.ChromeDriver
Command: [aba33f5922d41338e8ab9c13983dec4b, clickElement {id=f.6FA55138AB0EF0D2C8741B33B2688B74.d.83AAFCBF7022652D112A934D2BA6610A.e.2593}]
Capabilities {acceptInsecureCerts: false, browserName: chrome, browserVersion: 145.0.7632.76, chrome: {chromedriverVersion: 145.0.7632.77 (da516187054a..., userDataDir: C:\Users\Mohsin\AppData\Loc...}, fedcm:accounts: true, goog:chromeOptions: {debuggerAddress: localhost:64461}, goog:processID: 24160, networkConnectionEnabled: false, pageLoadStrategy: normal, platformName: windows, proxy: Proxy(), se:cdp: ws://localhost:64461/devtoo..., se:cdpVersion: 145.0.7632.76, setWindowRect: true, strictFileInteractability: false, timeouts: {implicit: 0, pageLoad: 300000, script: 30000}, unhandledPromptBehavior: dismiss and notify, webauthn:extension:credBlob: true, webauthn:extension:largeBlob: true, webauthn:extension:minPinLength: true, webauthn:extension:prf: true, webauthn:virtualAuthenticators: true}
Element: [[ChromeDriver: chrome on windows (aba33f5922d41338e8ab9c13983dec4b)] -&gt; xpath: //input[@name=&apos;submit.add-to-cart&apos;]]
Session ID: aba33f5922d41338e8ab9c13983dec4b
	at org.openqa.selenium.remote.ErrorCodec.decode(ErrorCodec.java:167)
	at org.openqa.selenium.remote.codec.w3c.W3CHttpResponseCodec.decode(W3CHttpResponseCodec.java:142)
	at org.openqa.selenium.remote.codec.w3c.W3CHttpResponseCodec.decode(W3CHttpResponseCodec.java:49)
	at org.openqa.selenium.remote.HttpCommandExecutor.execute(HttpCommandExecutor.java:215)
	at org.openqa.selenium.remote.service.DriverCommandExecutor.invokeExecute(DriverCommandExecutor.java:216)
	at org.openqa.selenium.remote.service.DriverCommandExecutor.execute(DriverCommandExecutor.java:174)
	at org.openqa.selenium.remote.RemoteWebDriver.execute(RemoteWebDriver.java:561)
	at org.openqa.selenium.remote.RemoteWebElement.execute(RemoteWebElement.java:223)
	at org.openqa.selenium.remote.RemoteWebElement.click(RemoteWebElement.java:76)
	at org.openqa.selenium.support.pagefactory.internal.LocatingElementHandler.invoke(LocatingElementHandler.java:51)
	at jdk.proxy2/jdk.proxy2.$Proxy13.click(Unknown Source)
	at bdd.AmazonProject1.HomePage.clickOnaddtoCart(HomePage.java:172)
	at bdd.AmazonProject1.TestCase5_LoginandAddtoCart.addtoCard(TestCase5_LoginandAddtoCart.java:41)
	at java.base/java.util.ArrayList.forEach(ArrayList.java:1596)
... Removed 34 stack frames</div></td></tr></table><p class="totop"><a href="#summary">back to summary</a></p>
<h3 id="m2">bdd.AmazonProject1.TestCase5_LoginandAddtoCart#addtoCard</h3><table class="result"><tr class="param"><th>Parameter #1</th><th>Parameter #2</th><th>Parameter #3</th><th>Parameter #4</th><th>Parameter #5</th></tr><tr class="param stripe"><td>9704221424</td><td>Saniya@0209</td><td>Jackets</td><td>3</td><td>2</td></tr><tr><th colspan="5">Messages</th></tr><tr><td colspan="5"><div class="messages">Browser Launched<br/>Mobile Number Entered<br/>Password Entered<br/>Succesfully Login to Amazon<br/>All items are displayed</div></td></tr><tr><th colspan="5">Exception</th></tr><tr><td colspan="5"><div class="stacktrace">org.openqa.selenium.ElementClickInterceptedException: element click intercepted: Element &lt;input id=&quot;add-to-cart-button&quot; name=&quot;submit.add-to-cart&quot; title=&quot;Add to Shopping Cart&quot; data-hover=&quot;Select &amp;lt;b&amp;gt;__dims__&amp;lt;/b&amp;gt; from the left&amp;lt;br&amp;gt; to add to Shopping Cart&quot; data-ref=&quot;&quot; class=&quot;a-button-input&quot; type=&quot;submit&quot; formaction=&quot;/cart/add-to-cart/ref=dp_start-bbf_1_glance&quot; value=&quot;Add to cart&quot; aria-labelledby=&quot;submit.add-to-cart-announce&quot;&gt; is not clickable at point (1260, 563). Other element would receive the click: &lt;a tabindex=&quot;0&quot; role=&quot;option&quot; href=&quot;javascript:void(0)&quot; data-value=&quot;{&amp;quot;stringVal&amp;quot;:&amp;quot;3&amp;quot;}&quot; aria-selected=&quot;false&quot; id=&quot;quantity_2&quot; class=&quot;a-dropdown-link&quot;&gt;...&lt;/a&gt;
  (Session info: chrome=145.0.7632.76)
Build info: version: &apos;4.39.0&apos;, revision: &apos;126f156aee&apos;
System info: os.name: &apos;Windows 11&apos;, os.arch: &apos;amd64&apos;, os.version: &apos;10.0&apos;, java.version: &apos;21.0.7&apos;
Driver info: org.openqa.selenium.chrome.ChromeDriver
Command: [42673d124ce878be782d609827f1a8c8, clickElement {id=f.39251F0E49454BAE0A58F26CF5A1453C.d.FAF7094155399FC51191CB52C87C4DFA.e.2927}]
Capabilities {acceptInsecureCerts: false, browserName: chrome, browserVersion: 145.0.7632.76, chrome: {chromedriverVersion: 145.0.7632.77 (da516187054a..., userDataDir: C:\Users\Mohsin\AppData\Loc...}, fedcm:accounts: true, goog:chromeOptions: {debuggerAddress: localhost:65515}, goog:processID: 17100, networkConnectionEnabled: false, pageLoadStrategy: normal, platformName: windows, proxy: Proxy(), se:cdp: ws://localhost:65515/devtoo..., se:cdpVersion: 145.0.7632.76, setWindowRect: true, strictFileInteractability: false, timeouts: {implicit: 0, pageLoad: 300000, script: 30000}, unhandledPromptBehavior: dismiss and notify, webauthn:extension:credBlob: true, webauthn:extension:largeBlob: true, webauthn:extension:minPinLength: true, webauthn:extension:prf: true, webauthn:virtualAuthenticators: true}
Element: [[ChromeDriver: chrome on windows (42673d124ce878be782d609827f1a8c8)] -&gt; xpath: //input[@name=&apos;submit.add-to-cart&apos;]]
Session ID: 42673d124ce878be782d609827f1a8c8
	at org.openqa.selenium.remote.ErrorCodec.decode(ErrorCodec.java:167)
	at org.openqa.selenium.remote.codec.w3c.W3CHttpResponseCodec.decode(W3CHttpResponseCodec.java:142)
	at org.openqa.selenium.remote.codec.w3c.W3CHttpResponseCodec.decode(W3CHttpResponseCodec.java:49)
	at org.openqa.selenium.remote.HttpCommandExecutor.execute(HttpCommandExecutor.java:215)
	at org.openqa.selenium.remote.service.DriverCommandExecutor.invokeExecute(DriverCommandExecutor.java:216)
	at org.openqa.selenium.remote.service.DriverCommandExecutor.execute(DriverCommandExecutor.java:174)
	at org.openqa.selenium.remote.RemoteWebDriver.execute(RemoteWebDriver.java:561)
	at org.openqa.selenium.remote.RemoteWebElement.execute(RemoteWebElement.java:223)
	at org.openqa.selenium.remote.RemoteWebElement.click(RemoteWebElement.java:76)
	at org.openqa.selenium.support.pagefactory.internal.LocatingElementHandler.invoke(LocatingElementHandler.java:51)
	at jdk.proxy2/jdk.proxy2.$Proxy13.click(Unknown Source)
	at bdd.AmazonProject1.HomePage.clickOnaddtoCart(HomePage.java:172)
	at bdd.AmazonProject1.TestCase5_LoginandAddtoCart.addtoCard(TestCase5_LoginandAddtoCart.java:41)
	at java.base/java.util.ArrayList.forEach(ArrayList.java:1596)
... Removed 34 stack frames</div></td></tr></table><p class="totop"><a href="#summary">back to summary</a></p>
<h3 id="m3">bdd.AmazonProject1.Testcase1_LoginToAmazon#loginwithValidcredentials</h3><table class="result"><tr class="param"><th>Parameter #1</th><th>Parameter #2</th></tr><tr class="param stripe"><td>9704221424</td><td>Saniya@0209</td></tr><tr><th colspan="2">Exception</th></tr><tr><td colspan="2"><div class="stacktrace">java.lang.NullPointerException: Cannot invoke &quot;org.openqa.selenium.WebDriver.getClass()&quot; because &quot;exceptionDriver&quot; is null
	at org.openqa.selenium.support.ui.WebDriverWait.timeoutException(WebDriverWait.java:85)
	at org.openqa.selenium.support.ui.FluentWait.until(FluentWait.java:228)
	at bdd.AmazonProject1.HomePage.signinClick(HomePage.java:93)
	at bdd.AmazonProject1.Testcase1_LoginToAmazon.loginwithValidcredentials(Testcase1_LoginToAmazon.java:30)
	at java.base/java.util.ArrayList.forEach(ArrayList.java:1596)
... Removed 29 stack frames</div></td></tr></table><p class="totop"><a href="#summary">back to summary</a></p>
<h3 id="m4">bdd.AmazonProject1.TestCase3_LoginandSearchProduct#searchProduct</h3><table class="result"><tr class="param"><th>Parameter #1</th><th>Parameter #2</th><th>Parameter #3</th><th>Parameter #4</th></tr><tr class="param stripe"><td>6304188726</td><td>Saniya@1234</td><td>Men shoe</td><td>1</td></tr><tr><th colspan="4">Messages</th></tr><tr><td colspan="4"><div class="messages">Mobile Number Entered<br/>Password Entered<br/>Succesfully Login to Amazon<br/>All items are displayed</div></td></tr></table><p class="totop"><a href="#summary">back to summary</a></p>
<h3 id="m5">bdd.AmazonProject1.TestCase3_LoginandSearchProduct#searchProduct</h3><table class="result"><tr class="param"><th>Parameter #1</th><th>Parameter #2</th><th>Parameter #3</th><th>Parameter #4</th></tr><tr class="param stripe"><td>9704221424</td><td>Saniya@0209</td><td>Mobiles</td><td>3</td></tr><tr><th colspan="4">Messages</th></tr><tr><td colspan="4"><div class="messages">Mobile Number Entered<br/>Password Entered<br/>Succesfully Login to Amazon<br/>All items are displayed</div></td></tr></table><p class="totop"><a href="#summary">back to summary</a></p>
<h3 id="m6">bdd.AmazonProject1.TestCase4_LoginAndSearchProductandLogout#searchProduct</h3><table class="result"><tr class="param"><th>Parameter #1</th><th>Parameter #2</th><th>Parameter #3</th><th>Parameter #4</th></tr><tr class="param stripe"><td>9704221424</td><td>Saniya@0209</td><td>Mobiles</td><td>3</td></tr><tr><th colspan="4">Messages</th></tr><tr><td colspan="4"><div class="messages">Mobile Number Entered<br/>Password Entered<br/>Succesfully Login to Amazon<br/>All items are displayed</div></td></tr></table><p class="totop"><a href="#summary">back to summary</a></p>
<h3 id="m7">bdd.AmazonProject1.TestCase4_LoginAndSearchProductandLogout#searchProduct</h3><table class="result"><tr class="param"><th>Parameter #1</th><th>Parameter #2</th><th>Parameter #3</th><th>Parameter #4</th></tr><tr class="param stripe"><td>6304188726</td><td>Saniya@1234</td><td>Men shoe</td><td>1</td></tr><tr><th colspan="4">Messages</th></tr><tr><td colspan="4"><div class="messages">Mobile Number Entered<br/>Password Entered<br/>Succesfully Login to Amazon<br/>All items are displayed</div></td></tr></table><p class="totop"><a href="#summary">back to summary</a></p>
<h3 id="m8">bdd.AmazonProject1.TestCase5_LoginandAddtoCart#addtoCard</h3><table class="result"><tr class="param"><th>Parameter #1</th><th>Parameter #2</th><th>Parameter #3</th><th>Parameter #4</th><th>Parameter #5</th></tr><tr class="param stripe"><td>6304188726</td><td>Saniya@1234</td><td>Men shoe</td><td>1</td><td>4</td></tr><tr><th colspan="5">Messages</th></tr><tr><td colspan="5"><div class="messages">Browser Launched<br/>Mobile Number Entered<br/>Password Entered<br/>Succesfully Login to Amazon<br/>All items are displayed<br/>Clicked on Add to cart button</div></td></tr></table><p class="totop"><a href="#summary">back to summary</a></p>
<h3 id="m9">bdd.AmazonProject1.TestCase9_LoginAndPayment#checkoutpaymeent</h3><table class="result"><tr class="param"><th>Parameter #1</th><th>Parameter #2</th><th>Parameter #3</th><th>Parameter #4</th><th>Parameter #5</th></tr><tr class="param stripe"><td>6304188726</td><td>Saniya@1234</td><td>Men shoe</td><td>1</td><td>4</td></tr><tr><th colspan="5">Messages</th></tr><tr><td colspan="5"><div class="messages">Browser Launched<br/>Mobile Number Entered<br/>Password Entered<br/>Succesfully Login to Amazon<br/>All items are displayed<br/>Clicked on Add to cart button</div></td></tr></table><p class="totop"><a href="#summary">back to summary</a></p>
<h3 id="m10">bdd.AmazonProject1.Testcase1_LoginToAmazon#loginwithValidcredentials</h3><table class="result"><tr class="param"><th>Parameter #1</th><th>Parameter #2</th></tr><tr class="param stripe"><td>6304188726</td><td>Saniya@1234</td></tr><tr><th colspan="2">Messages</th></tr><tr><td colspan="2"><div class="messages">Mobile Number Entered<br/>Password Entered<br/>Succesfully Login to Amazon</div></td></tr></table><p class="totop"><a href="#summary">back to summary</a></p>
<h3 id="m11">bdd.AmazonProject1.Testcase1_LoginToAmazon#loginwithValidcredentials</h3><table class="result"><tr class="param"><th>Parameter #1</th><th>Parameter #2</th></tr><tr class="param stripe"><td>9704221424</td><td>Saniya@0209</td></tr><tr><th colspan="2">Messages</th></tr><tr><td colspan="2"><div class="messages">Mobile Number Entered<br/>Password Entered<br/>Succesfully Login to Amazon</div></td></tr></table><p class="totop"><a href="#summary">back to summary</a></p>
<h3 id="m12">bdd.AmazonProject1.Testcase2_LoginAndlogout#logoutToAmazon</h3><table class="result"><tr class="param"><th>Parameter #1</th><th>Parameter #2</th></tr><tr class="param stripe"><td>9704221424</td><td>Saniya@0209</td></tr><tr><th colspan="2">Messages</th></tr><tr><td colspan="2"><div class="messages">Mobile Number Entered<br/>Password Entered<br/>Succesfully Login to Amazon</div></td></tr></table><p class="totop"><a href="#summary">back to summary</a></p>
<h3 id="m13">bdd.AmazonProject1.Testcase2_LoginAndlogout#logoutToAmazon</h3><table class="result"><tr class="param"><th>Parameter #1</th><th>Parameter #2</th></tr><tr class="param stripe"><td>6304188726</td><td>Saniya@1234</td></tr><tr><th colspan="2">Messages</th></tr><tr><td colspan="2"><div class="messages">Mobile Number Entered<br/>Password Entered<br/>Succesfully Login to Amazon</div></td></tr></table><p class="totop"><a href="#summary">back to summary</a></p>
</body>
</html>
