<?xml version="1.0" encoding="UTF-8"?>
<testng-results ignored="0" total="14" passed="14" failed="0" skipped="0">
  <reporter-output>
    <line>
      <![CDATA[Mobile Number Entered]]>
    </line>
    <line>
      <![CDATA[Password Entered]]>
    </line>
    <line>
      <![CDATA[Succesfully Login to Amazon]]>
    </line>
    <line>
      <![CDATA[Mobile Number Entered]]>
    </line>
    <line>
      <![CDATA[Password Entered]]>
    </line>
    <line>
      <![CDATA[Succesfully Login to Amazon]]>
    </line>
    <line>
      <![CDATA[Mobile Number Entered]]>
    </line>
    <line>
      <![CDATA[Password Entered]]>
    </line>
    <line>
      <![CDATA[Succesfully Login to Amazon]]>
    </line>
    <line>
      <![CDATA[Mobile Number Entered]]>
    </line>
    <line>
      <![CDATA[Password Entered]]>
    </line>
    <line>
      <![CDATA[Succesfully Login to Amazon]]>
    </line>
    <line>
      <![CDATA[Mobile Number Entered]]>
    </line>
    <line>
      <![CDATA[Password Entered]]>
    </line>
    <line>
      <![CDATA[Succesfully Login to Amazon]]>
    </line>
    <line>
      <![CDATA[All items are displayed]]>
    </line>
    <line>
      <![CDATA[Mobile Number Entered]]>
    </line>
    <line>
      <![CDATA[Password Entered]]>
    </line>
    <line>
      <![CDATA[Succesfully Login to Amazon]]>
    </line>
    <line>
      <![CDATA[All items are displayed]]>
    </line>
    <line>
      <![CDATA[Mobile Number Entered]]>
    </line>
    <line>
      <![CDATA[Password Entered]]>
    </line>
    <line>
      <![CDATA[Succesfully Login to Amazon]]>
    </line>
    <line>
      <![CDATA[All items are displayed]]>
    </line>
    <line>
      <![CDATA[Mobile Number Entered]]>
    </line>
    <line>
      <![CDATA[Password Entered]]>
    </line>
    <line>
      <![CDATA[Succesfully Login to Amazon]]>
    </line>
    <line>
      <![CDATA[All items are displayed]]>
    </line>
    <line>
      <![CDATA[Browser Launched]]>
    </line>
    <line>
      <![CDATA[Mobile Number Entered]]>
    </line>
    <line>
      <![CDATA[Password Entered]]>
    </line>
    <line>
      <![CDATA[Succesfully Login to Amazon]]>
    </line>
    <line>
      <![CDATA[All items are displayed]]>
    </line>
    <line>
      <![CDATA[Clicked on Add to cart button]]>
    </line>
    <line>
      <![CDATA[Browser Launched]]>
    </line>
    <line>
      <![CDATA[Mobile Number Entered]]>
    </line>
    <line>
      <![CDATA[Password Entered]]>
    </line>
    <line>
      <![CDATA[Succesfully Login to Amazon]]>
    </line>
    <line>
      <![CDATA[All items are displayed]]>
    </line>
    <line>
      <![CDATA[Clicked on Add to cart button]]>
    </line>
    <line>
      <![CDATA[Browser Launched]]>
    </line>
    <line>
      <![CDATA[Mobile Number Entered]]>
    </line>
    <line>
      <![CDATA[Password Entered]]>
    </line>
    <line>
      <![CDATA[Succesfully Login to Amazon]]>
    </line>
    <line>
      <![CDATA[All items are displayed]]>
    </line>
    <line>
      <![CDATA[Clicked on Add to cart button]]>
    </line>
    <line>
      <![CDATA[Items are  available in cart page]]>
    </line>
    <line>
      <![CDATA[Browser Launched]]>
    </line>
    <line>
      <![CDATA[Mobile Number Entered]]>
    </line>
    <line>
      <![CDATA[Password Entered]]>
    </line>
    <line>
      <![CDATA[Succesfully Login to Amazon]]>
    </line>
    <line>
      <![CDATA[All items are displayed]]>
    </line>
    <line>
      <![CDATA[Clicked on Add to cart button]]>
    </line>
    <line>
      <![CDATA[Items are  available in cart page]]>
    </line>
    <line>
      <![CDATA[Browser Launched]]>
    </line>
    <line>
      <![CDATA[Mobile Number Entered]]>
    </line>
    <line>
      <![CDATA[Password Entered]]>
    </line>
    <line>
      <![CDATA[Succesfully Login to Amazon]]>
    </line>
    <line>
      <![CDATA[All items are displayed]]>
    </line>
    <line>
      <![CDATA[Clicked on Add to cart button]]>
    </line>
    <line>
      <![CDATA[Items are  available in cart page]]>
    </line>
    <line>
      <![CDATA[Browser Launched]]>
    </line>
    <line>
      <![CDATA[Mobile Number Entered]]>
    </line>
    <line>
      <![CDATA[Password Entered]]>
    </line>
    <line>
      <![CDATA[Succesfully Login to Amazon]]>
    </line>
    <line>
      <![CDATA[All items are displayed]]>
    </line>
    <line>
      <![CDATA[Clicked on Add to cart button]]>
    </line>
    <line>
      <![CDATA[Items are  available in cart page]]>
    </line>
  </reporter-output>
  <suite started-at="2026-01-31T19:36:14 IST" name="Regression Suite" finished-at="2026-01-31T19:43:04 IST" duration-ms="410240">
    <groups>
      <group name="system">
        <method signature="Testcase1_LoginToAmazon.loginwithValidcredentials(java.lang.String,java.lang.String)[pri:0, instance:bdd.AmazonProject1.Testcase1_LoginToAmazon@6356695f]" name="loginwithValidcredentials" class="bdd.AmazonProject1.Testcase1_LoginToAmazon"/>
      </group> <!-- system -->
      <group name="regression">
        <method signature="Testcase2_LoginAndlogout.logoutToAmazon(java.lang.String,java.lang.String)[pri:0, instance:bdd.AmazonProject1.Testcase2_LoginAndlogout@49ec71f8]" name="logoutToAmazon" class="bdd.AmazonProject1.Testcase2_LoginAndlogout"/>
      </group> <!-- regression -->
      <group name="smoke">
        <method signature="TestCase3_LoginandSearchProduct.searchProduct(java.lang.String,java.lang.String,java.lang.String,java.lang.String)[pri:0, instance:bdd.AmazonProject1.TestCase3_LoginandSearchProduct@1d2adfbe]" name="searchProduct" class="bdd.AmazonProject1.TestCase3_LoginandSearchProduct"/>
        <method signature="TestCase4_LoginAndSearchProductandLogout.searchProduct(java.lang.String,java.lang.String,java.lang.String,java.lang.String)[pri:0, instance:bdd.AmazonProject1.TestCase4_LoginAndSearchProductandLogout@36902638]" name="searchProduct" class="bdd.AmazonProject1.TestCase4_LoginAndSearchProductandLogout"/>
      </group> <!-- smoke -->
    </groups>
    <test started-at="2026-01-31T19:36:14 IST" name="Regression Test" finished-at="2026-01-31T19:43:04 IST" duration-ms="410240">
      <class name="bdd.AmazonProject1.TestCase4_LoginAndSearchProductandLogout">
        <test-method is-config="true" signature="launchbrowser(java.lang.String,java.lang.String)[pri:0, instance:bdd.AmazonProject1.TestCase4_LoginAndSearchProductandLogout@36902638]" started-at="2026-01-31T19:39:00 IST" name="launchbrowser" finished-at="2026-01-31T19:39:03 IST" duration-ms="3466" status="PASS">
          <params>
            <param index="0">
              <value>
                <![CDATA[chrome]]>
              </value>
            </param>
            <param index="1">
              <value>
                <![CDATA[https://www.amazon.in/]]>
              </value>
            </param>
          </params>
          <reporter-output>
          </reporter-output>
        </test-method> <!-- launchbrowser -->
        <test-method signature="searchProduct(java.lang.String,java.lang.String,java.lang.String,java.lang.String)[pri:0, instance:bdd.AmazonProject1.TestCase4_LoginAndSearchProductandLogout@36902638]" started-at="2026-01-31T19:39:03 IST" name="searchProduct" data-provider="searchproductsdata" finished-at="2026-01-31T19:39:24 IST" duration-ms="21140" status="PASS">
          <params>
            <param index="0">
              <value>
                <![CDATA[6304188726]]>
              </value>
            </param>
            <param index="1">
              <value>
                <![CDATA[Saniya@1234]]>
              </value>
            </param>
            <param index="2">
              <value>
                <![CDATA[Men shoe]]>
              </value>
            </param>
            <param index="3">
              <value>
                <![CDATA[1]]>
              </value>
            </param>
          </params>
          <reporter-output>
            <line>
              <![CDATA[Mobile Number Entered]]>
            </line>
            <line>
              <![CDATA[Password Entered]]>
            </line>
            <line>
              <![CDATA[Succesfully Login to Amazon]]>
            </line>
            <line>
              <![CDATA[All items are displayed]]>
            </line>
          </reporter-output>
        </test-method> <!-- searchProduct -->
        <test-method is-config="true" signature="quitbrowser()[pri:0, instance:bdd.AmazonProject1.TestCase4_LoginAndSearchProductandLogout@36902638]" started-at="2026-01-31T19:39:24 IST" name="quitbrowser" finished-at="2026-01-31T19:39:25 IST" duration-ms="231" status="PASS">
          <reporter-output>
          </reporter-output>
        </test-method> <!-- quitbrowser -->
        <test-method is-config="true" signature="launchbrowser(java.lang.String,java.lang.String)[pri:0, instance:bdd.AmazonProject1.TestCase4_LoginAndSearchProductandLogout@36902638]" started-at="2026-01-31T19:39:25 IST" name="launchbrowser" finished-at="2026-01-31T19:39:27 IST" duration-ms="2093" status="PASS">
          <params>
            <param index="0">
              <value>
                <![CDATA[chrome]]>
              </value>
            </param>
            <param index="1">
              <value>
                <![CDATA[https://www.amazon.in/]]>
              </value>
            </param>
          </params>
          <reporter-output>
          </reporter-output>
        </test-method> <!-- launchbrowser -->
        <test-method signature="searchProduct(java.lang.String,java.lang.String,java.lang.String,java.lang.String)[pri:0, instance:bdd.AmazonProject1.TestCase4_LoginAndSearchProductandLogout@36902638]" started-at="2026-01-31T19:39:27 IST" name="searchProduct" data-provider="searchproductsdata" finished-at="2026-01-31T19:39:48 IST" duration-ms="20900" status="PASS">
          <params>
            <param index="0">
              <value>
                <![CDATA[9704221424]]>
              </value>
            </param>
            <param index="1">
              <value>
                <![CDATA[Saniya@0209]]>
              </value>
            </param>
            <param index="2">
              <value>
                <![CDATA[Mobiles]]>
              </value>
            </param>
            <param index="3">
              <value>
                <![CDATA[3]]>
              </value>
            </param>
          </params>
          <reporter-output>
            <line>
              <![CDATA[Mobile Number Entered]]>
            </line>
            <line>
              <![CDATA[Password Entered]]>
            </line>
            <line>
              <![CDATA[Succesfully Login to Amazon]]>
            </line>
            <line>
              <![CDATA[All items are displayed]]>
            </line>
          </reporter-output>
        </test-method> <!-- searchProduct -->
        <test-method is-config="true" signature="quitbrowser()[pri:0, instance:bdd.AmazonProject1.TestCase4_LoginAndSearchProductandLogout@36902638]" started-at="2026-01-31T19:39:48 IST" name="quitbrowser" finished-at="2026-01-31T19:39:48 IST" duration-ms="277" status="PASS">
          <reporter-output>
          </reporter-output>
        </test-method> <!-- quitbrowser -->
      </class> <!-- bdd.AmazonProject1.TestCase4_LoginAndSearchProductandLogout -->
      <class name="bdd.AmazonProject1.TestCase3_LoginandSearchProduct">
        <test-method is-config="true" signature="launchbrowser(java.lang.String,java.lang.String)[pri:0, instance:bdd.AmazonProject1.TestCase3_LoginandSearchProduct@1d2adfbe]" started-at="2026-01-31T19:38:17 IST" name="launchbrowser" finished-at="2026-01-31T19:38:23 IST" duration-ms="6178" status="PASS">
          <params>
            <param index="0">
              <value>
                <![CDATA[chrome]]>
              </value>
            </param>
            <param index="1">
              <value>
                <![CDATA[https://www.amazon.in/]]>
              </value>
            </param>
          </params>
          <reporter-output>
          </reporter-output>
        </test-method> <!-- launchbrowser -->
        <test-method signature="searchProduct(java.lang.String,java.lang.String,java.lang.String,java.lang.String)[pri:0, instance:bdd.AmazonProject1.TestCase3_LoginandSearchProduct@1d2adfbe]" started-at="2026-01-31T19:38:23 IST" name="searchProduct" data-provider="searchproductsdata" finished-at="2026-01-31T19:38:36 IST" duration-ms="12287" status="PASS">
          <params>
            <param index="0">
              <value>
                <![CDATA[6304188726]]>
              </value>
            </param>
            <param index="1">
              <value>
                <![CDATA[Saniya@1234]]>
              </value>
            </param>
            <param index="2">
              <value>
                <![CDATA[Men shoe]]>
              </value>
            </param>
            <param index="3">
              <value>
                <![CDATA[1]]>
              </value>
            </param>
          </params>
          <reporter-output>
            <line>
              <![CDATA[Mobile Number Entered]]>
            </line>
            <line>
              <![CDATA[Password Entered]]>
            </line>
            <line>
              <![CDATA[Succesfully Login to Amazon]]>
            </line>
            <line>
              <![CDATA[All items are displayed]]>
            </line>
          </reporter-output>
        </test-method> <!-- searchProduct -->
        <test-method is-config="true" signature="quitbrowser()[pri:0, instance:bdd.AmazonProject1.TestCase3_LoginandSearchProduct@1d2adfbe]" started-at="2026-01-31T19:38:38 IST" name="quitbrowser" finished-at="2026-01-31T19:38:38 IST" duration-ms="228" status="PASS">
          <reporter-output>
          </reporter-output>
        </test-method> <!-- quitbrowser -->
        <test-method is-config="true" signature="launchbrowser(java.lang.String,java.lang.String)[pri:0, instance:bdd.AmazonProject1.TestCase3_LoginandSearchProduct@1d2adfbe]" started-at="2026-01-31T19:38:38 IST" name="launchbrowser" finished-at="2026-01-31T19:38:40 IST" duration-ms="2068" status="PASS">
          <params>
            <param index="0">
              <value>
                <![CDATA[chrome]]>
              </value>
            </param>
            <param index="1">
              <value>
                <![CDATA[https://www.amazon.in/]]>
              </value>
            </param>
          </params>
          <reporter-output>
          </reporter-output>
        </test-method> <!-- launchbrowser -->
        <test-method signature="searchProduct(java.lang.String,java.lang.String,java.lang.String,java.lang.String)[pri:0, instance:bdd.AmazonProject1.TestCase3_LoginandSearchProduct@1d2adfbe]" started-at="2026-01-31T19:38:40 IST" name="searchProduct" data-provider="searchproductsdata" finished-at="2026-01-31T19:38:53 IST" duration-ms="13449" status="PASS">
          <params>
            <param index="0">
              <value>
                <![CDATA[9704221424]]>
              </value>
            </param>
            <param index="1">
              <value>
                <![CDATA[Saniya@0209]]>
              </value>
            </param>
            <param index="2">
              <value>
                <![CDATA[Mobiles]]>
              </value>
            </param>
            <param index="3">
              <value>
                <![CDATA[3]]>
              </value>
            </param>
          </params>
          <reporter-output>
            <line>
              <![CDATA[Mobile Number Entered]]>
            </line>
            <line>
              <![CDATA[Password Entered]]>
            </line>
            <line>
              <![CDATA[Succesfully Login to Amazon]]>
            </line>
            <line>
              <![CDATA[All items are displayed]]>
            </line>
          </reporter-output>
        </test-method> <!-- searchProduct -->
        <test-method is-config="true" signature="quitbrowser()[pri:0, instance:bdd.AmazonProject1.TestCase3_LoginandSearchProduct@1d2adfbe]" started-at="2026-01-31T19:38:59 IST" name="quitbrowser" finished-at="2026-01-31T19:39:00 IST" duration-ms="310" status="PASS">
          <reporter-output>
          </reporter-output>
        </test-method> <!-- quitbrowser -->
      </class> <!-- bdd.AmazonProject1.TestCase3_LoginandSearchProduct -->
      <class name="bdd.AmazonProject1.TestCase6_LoginAndRemoveCartItems">
        <test-method is-config="true" signature="launchbrowser(java.lang.String,java.lang.String)[pri:0, instance:bdd.AmazonProject1.TestCase6_LoginAndRemoveCartItems@8f4ea7c]" started-at="2026-01-31T19:40:53 IST" name="launchbrowser" finished-at="2026-01-31T19:40:55 IST" duration-ms="2417" status="PASS">
          <params>
            <param index="0">
              <value>
                <![CDATA[chrome]]>
              </value>
            </param>
            <param index="1">
              <value>
                <![CDATA[https://www.amazon.in/]]>
              </value>
            </param>
          </params>
          <reporter-output>
          </reporter-output>
        </test-method> <!-- launchbrowser -->
        <test-method signature="RemoveCartItem(java.lang.String,java.lang.String,java.lang.String,java.lang.String,java.lang.String)[pri:0, instance:bdd.AmazonProject1.TestCase6_LoginAndRemoveCartItems@8f4ea7c]" started-at="2026-01-31T19:40:55 IST" name="RemoveCartItem" data-provider="addToCartData" finished-at="2026-01-31T19:41:24 IST" duration-ms="28698" status="PASS">
          <params>
            <param index="0">
              <value>
                <![CDATA[6304188726]]>
              </value>
            </param>
            <param index="1">
              <value>
                <![CDATA[Saniya@1234]]>
              </value>
            </param>
            <param index="2">
              <value>
                <![CDATA[Men shoe]]>
              </value>
            </param>
            <param index="3">
              <value>
                <![CDATA[1]]>
              </value>
            </param>
            <param index="4">
              <value>
                <![CDATA[4]]>
              </value>
            </param>
          </params>
          <reporter-output>
            <line>
              <![CDATA[Browser Launched]]>
            </line>
            <line>
              <![CDATA[Mobile Number Entered]]>
            </line>
            <line>
              <![CDATA[Password Entered]]>
            </line>
            <line>
              <![CDATA[Succesfully Login to Amazon]]>
            </line>
            <line>
              <![CDATA[All items are displayed]]>
            </line>
            <line>
              <![CDATA[Clicked on Add to cart button]]>
            </line>
            <line>
              <![CDATA[Items are  available in cart page]]>
            </line>
          </reporter-output>
        </test-method> <!-- RemoveCartItem -->
        <test-method is-config="true" signature="quitbrowser()[pri:0, instance:bdd.AmazonProject1.TestCase6_LoginAndRemoveCartItems@8f4ea7c]" started-at="2026-01-31T19:41:24 IST" name="quitbrowser" finished-at="2026-01-31T19:41:24 IST" duration-ms="216" status="PASS">
          <reporter-output>
          </reporter-output>
        </test-method> <!-- quitbrowser -->
        <test-method is-config="true" signature="launchbrowser(java.lang.String,java.lang.String)[pri:0, instance:bdd.AmazonProject1.TestCase6_LoginAndRemoveCartItems@8f4ea7c]" started-at="2026-01-31T19:41:24 IST" name="launchbrowser" finished-at="2026-01-31T19:41:26 IST" duration-ms="2469" status="PASS">
          <params>
            <param index="0">
              <value>
                <![CDATA[chrome]]>
              </value>
            </param>
            <param index="1">
              <value>
                <![CDATA[https://www.amazon.in/]]>
              </value>
            </param>
          </params>
          <reporter-output>
          </reporter-output>
        </test-method> <!-- launchbrowser -->
        <test-method signature="RemoveCartItem(java.lang.String,java.lang.String,java.lang.String,java.lang.String,java.lang.String)[pri:0, instance:bdd.AmazonProject1.TestCase6_LoginAndRemoveCartItems@8f4ea7c]" started-at="2026-01-31T19:41:26 IST" name="RemoveCartItem" data-provider="addToCartData" finished-at="2026-01-31T19:41:55 IST" duration-ms="28145" status="PASS">
          <params>
            <param index="0">
              <value>
                <![CDATA[9704221424]]>
              </value>
            </param>
            <param index="1">
              <value>
                <![CDATA[Saniya@0209]]>
              </value>
            </param>
            <param index="2">
              <value>
                <![CDATA[Jackets]]>
              </value>
            </param>
            <param index="3">
              <value>
                <![CDATA[3]]>
              </value>
            </param>
            <param index="4">
              <value>
                <![CDATA[2]]>
              </value>
            </param>
          </params>
          <reporter-output>
            <line>
              <![CDATA[Browser Launched]]>
            </line>
            <line>
              <![CDATA[Mobile Number Entered]]>
            </line>
            <line>
              <![CDATA[Password Entered]]>
            </line>
            <line>
              <![CDATA[Succesfully Login to Amazon]]>
            </line>
            <line>
              <![CDATA[All items are displayed]]>
            </line>
            <line>
              <![CDATA[Clicked on Add to cart button]]>
            </line>
            <line>
              <![CDATA[Items are  available in cart page]]>
            </line>
          </reporter-output>
        </test-method> <!-- RemoveCartItem -->
        <test-method is-config="true" signature="quitbrowser()[pri:0, instance:bdd.AmazonProject1.TestCase6_LoginAndRemoveCartItems@8f4ea7c]" started-at="2026-01-31T19:41:55 IST" name="quitbrowser" finished-at="2026-01-31T19:41:55 IST" duration-ms="501" status="PASS">
          <reporter-output>
          </reporter-output>
        </test-method> <!-- quitbrowser -->
      </class> <!-- bdd.AmazonProject1.TestCase6_LoginAndRemoveCartItems -->
      <class name="bdd.AmazonProject1.Testcase1_LoginToAmazon">
        <test-method is-config="true" signature="launchbrowser(java.lang.String,java.lang.String)[pri:0, instance:bdd.AmazonProject1.Testcase1_LoginToAmazon@6356695f]" started-at="2026-01-31T19:36:14 IST" name="launchbrowser" finished-at="2026-01-31T19:36:20 IST" duration-ms="5235" status="PASS">
          <params>
            <param index="0">
              <value>
                <![CDATA[chrome]]>
              </value>
            </param>
            <param index="1">
              <value>
                <![CDATA[https://www.amazon.in/]]>
              </value>
            </param>
          </params>
          <reporter-output>
          </reporter-output>
        </test-method> <!-- launchbrowser -->
        <test-method signature="loginwithValidcredentials(java.lang.String,java.lang.String)[pri:0, instance:bdd.AmazonProject1.Testcase1_LoginToAmazon@6356695f]" started-at="2026-01-31T19:36:20 IST" name="loginwithValidcredentials" data-provider="logindata" finished-at="2026-01-31T19:36:30 IST" duration-ms="10690" status="PASS">
          <params>
            <param index="0">
              <value>
                <![CDATA[6304188726]]>
              </value>
            </param>
            <param index="1">
              <value>
                <![CDATA[Saniya@1234]]>
              </value>
            </param>
          </params>
          <reporter-output>
            <line>
              <![CDATA[Mobile Number Entered]]>
            </line>
            <line>
              <![CDATA[Password Entered]]>
            </line>
            <line>
              <![CDATA[Succesfully Login to Amazon]]>
            </line>
          </reporter-output>
        </test-method> <!-- loginwithValidcredentials -->
        <test-method is-config="true" signature="quitbrowser()[pri:0, instance:bdd.AmazonProject1.Testcase1_LoginToAmazon@6356695f]" started-at="2026-01-31T19:36:31 IST" name="quitbrowser" finished-at="2026-01-31T19:36:31 IST" duration-ms="223" status="PASS">
          <reporter-output>
          </reporter-output>
        </test-method> <!-- quitbrowser -->
        <test-method is-config="true" signature="launchbrowser(java.lang.String,java.lang.String)[pri:0, instance:bdd.AmazonProject1.Testcase1_LoginToAmazon@6356695f]" started-at="2026-01-31T19:36:31 IST" name="launchbrowser" finished-at="2026-01-31T19:36:54 IST" duration-ms="22618" status="PASS">
          <params>
            <param index="0">
              <value>
                <![CDATA[chrome]]>
              </value>
            </param>
            <param index="1">
              <value>
                <![CDATA[https://www.amazon.in/]]>
              </value>
            </param>
          </params>
          <reporter-output>
          </reporter-output>
        </test-method> <!-- launchbrowser -->
        <test-method signature="loginwithValidcredentials(java.lang.String,java.lang.String)[pri:0, instance:bdd.AmazonProject1.Testcase1_LoginToAmazon@6356695f]" started-at="2026-01-31T19:36:54 IST" name="loginwithValidcredentials" data-provider="logindata" finished-at="2026-01-31T19:37:02 IST" duration-ms="8024" status="PASS">
          <params>
            <param index="0">
              <value>
                <![CDATA[9704221424]]>
              </value>
            </param>
            <param index="1">
              <value>
                <![CDATA[Saniya@0209]]>
              </value>
            </param>
          </params>
          <reporter-output>
            <line>
              <![CDATA[Mobile Number Entered]]>
            </line>
            <line>
              <![CDATA[Password Entered]]>
            </line>
            <line>
              <![CDATA[Succesfully Login to Amazon]]>
            </line>
          </reporter-output>
        </test-method> <!-- loginwithValidcredentials -->
        <test-method is-config="true" signature="quitbrowser()[pri:0, instance:bdd.AmazonProject1.Testcase1_LoginToAmazon@6356695f]" started-at="2026-01-31T19:37:02 IST" name="quitbrowser" finished-at="2026-01-31T19:37:02 IST" duration-ms="199" status="PASS">
          <reporter-output>
          </reporter-output>
        </test-method> <!-- quitbrowser -->
      </class> <!-- bdd.AmazonProject1.Testcase1_LoginToAmazon -->
      <class name="bdd.AmazonProject1.Testcase2_LoginAndlogout">
        <test-method is-config="true" signature="launchbrowser(java.lang.String,java.lang.String)[pri:0, instance:bdd.AmazonProject1.Testcase2_LoginAndlogout@49ec71f8]" started-at="2026-01-31T19:37:02 IST" name="launchbrowser" finished-at="2026-01-31T19:37:05 IST" duration-ms="3034" status="PASS">
          <params>
            <param index="0">
              <value>
                <![CDATA[chrome]]>
              </value>
            </param>
            <param index="1">
              <value>
                <![CDATA[https://www.amazon.in/]]>
              </value>
            </param>
          </params>
          <reporter-output>
          </reporter-output>
        </test-method> <!-- launchbrowser -->
        <test-method signature="logoutToAmazon(java.lang.String,java.lang.String)[pri:0, instance:bdd.AmazonProject1.Testcase2_LoginAndlogout@49ec71f8]" started-at="2026-01-31T19:37:05 IST" name="logoutToAmazon" data-provider="logindata" finished-at="2026-01-31T19:37:15 IST" duration-ms="9670" status="PASS">
          <params>
            <param index="0">
              <value>
                <![CDATA[6304188726]]>
              </value>
            </param>
            <param index="1">
              <value>
                <![CDATA[Saniya@1234]]>
              </value>
            </param>
          </params>
          <reporter-output>
            <line>
              <![CDATA[Mobile Number Entered]]>
            </line>
            <line>
              <![CDATA[Password Entered]]>
            </line>
            <line>
              <![CDATA[Succesfully Login to Amazon]]>
            </line>
          </reporter-output>
        </test-method> <!-- logoutToAmazon -->
        <test-method is-config="true" signature="quitbrowser()[pri:0, instance:bdd.AmazonProject1.Testcase2_LoginAndlogout@49ec71f8]" started-at="2026-01-31T19:37:15 IST" name="quitbrowser" finished-at="2026-01-31T19:37:15 IST" duration-ms="196" status="PASS">
          <reporter-output>
          </reporter-output>
        </test-method> <!-- quitbrowser -->
        <test-method is-config="true" signature="launchbrowser(java.lang.String,java.lang.String)[pri:0, instance:bdd.AmazonProject1.Testcase2_LoginAndlogout@49ec71f8]" started-at="2026-01-31T19:37:15 IST" name="launchbrowser" finished-at="2026-01-31T19:37:49 IST" duration-ms="33652" status="PASS">
          <params>
            <param index="0">
              <value>
                <![CDATA[chrome]]>
              </value>
            </param>
            <param index="1">
              <value>
                <![CDATA[https://www.amazon.in/]]>
              </value>
            </param>
          </params>
          <reporter-output>
          </reporter-output>
        </test-method> <!-- launchbrowser -->
        <test-method signature="logoutToAmazon(java.lang.String,java.lang.String)[pri:0, instance:bdd.AmazonProject1.Testcase2_LoginAndlogout@49ec71f8]" started-at="2026-01-31T19:37:49 IST" name="logoutToAmazon" data-provider="logindata" finished-at="2026-01-31T19:38:17 IST" duration-ms="28144" status="PASS">
          <params>
            <param index="0">
              <value>
                <![CDATA[9704221424]]>
              </value>
            </param>
            <param index="1">
              <value>
                <![CDATA[Saniya@0209]]>
              </value>
            </param>
          </params>
          <reporter-output>
            <line>
              <![CDATA[Mobile Number Entered]]>
            </line>
            <line>
              <![CDATA[Password Entered]]>
            </line>
            <line>
              <![CDATA[Succesfully Login to Amazon]]>
            </line>
          </reporter-output>
        </test-method> <!-- logoutToAmazon -->
        <test-method is-config="true" signature="quitbrowser()[pri:0, instance:bdd.AmazonProject1.Testcase2_LoginAndlogout@49ec71f8]" started-at="2026-01-31T19:38:17 IST" name="quitbrowser" finished-at="2026-01-31T19:38:17 IST" duration-ms="249" status="PASS">
          <reporter-output>
          </reporter-output>
        </test-method> <!-- quitbrowser -->
      </class> <!-- bdd.AmazonProject1.Testcase2_LoginAndlogout -->
      <class name="bdd.AmazonProject1.TestCase7_LoginAndIncreaseCartItems">
        <test-method is-config="true" signature="launchbrowser(java.lang.String,java.lang.String)[pri:0, instance:bdd.AmazonProject1.TestCase7_LoginAndIncreaseCartItems@436813f3]" started-at="2026-01-31T19:41:55 IST" name="launchbrowser" finished-at="2026-01-31T19:41:58 IST" duration-ms="2694" status="PASS">
          <params>
            <param index="0">
              <value>
                <![CDATA[chrome]]>
              </value>
            </param>
            <param index="1">
              <value>
                <![CDATA[https://www.amazon.in/]]>
              </value>
            </param>
          </params>
          <reporter-output>
          </reporter-output>
        </test-method> <!-- launchbrowser -->
        <test-method signature="addedCartItem(java.lang.String,java.lang.String,java.lang.String,java.lang.String,java.lang.String)[pri:0, instance:bdd.AmazonProject1.TestCase7_LoginAndIncreaseCartItems@436813f3]" started-at="2026-01-31T19:41:58 IST" name="addedCartItem" data-provider="addToCartData" finished-at="2026-01-31T19:42:27 IST" duration-ms="29147" status="PASS">
          <params>
            <param index="0">
              <value>
                <![CDATA[6304188726]]>
              </value>
            </param>
            <param index="1">
              <value>
                <![CDATA[Saniya@1234]]>
              </value>
            </param>
            <param index="2">
              <value>
                <![CDATA[Men shoe]]>
              </value>
            </param>
            <param index="3">
              <value>
                <![CDATA[1]]>
              </value>
            </param>
            <param index="4">
              <value>
                <![CDATA[4]]>
              </value>
            </param>
          </params>
          <reporter-output>
            <line>
              <![CDATA[Browser Launched]]>
            </line>
            <line>
              <![CDATA[Mobile Number Entered]]>
            </line>
            <line>
              <![CDATA[Password Entered]]>
            </line>
            <line>
              <![CDATA[Succesfully Login to Amazon]]>
            </line>
            <line>
              <![CDATA[All items are displayed]]>
            </line>
            <line>
              <![CDATA[Clicked on Add to cart button]]>
            </line>
            <line>
              <![CDATA[Items are  available in cart page]]>
            </line>
          </reporter-output>
        </test-method> <!-- addedCartItem -->
        <test-method is-config="true" signature="quitbrowser()[pri:0, instance:bdd.AmazonProject1.TestCase7_LoginAndIncreaseCartItems@436813f3]" started-at="2026-01-31T19:42:28 IST" name="quitbrowser" finished-at="2026-01-31T19:42:28 IST" duration-ms="444" status="PASS">
          <reporter-output>
          </reporter-output>
        </test-method> <!-- quitbrowser -->
        <test-method is-config="true" signature="launchbrowser(java.lang.String,java.lang.String)[pri:0, instance:bdd.AmazonProject1.TestCase7_LoginAndIncreaseCartItems@436813f3]" started-at="2026-01-31T19:42:28 IST" name="launchbrowser" finished-at="2026-01-31T19:42:30 IST" duration-ms="2473" status="PASS">
          <params>
            <param index="0">
              <value>
                <![CDATA[chrome]]>
              </value>
            </param>
            <param index="1">
              <value>
                <![CDATA[https://www.amazon.in/]]>
              </value>
            </param>
          </params>
          <reporter-output>
          </reporter-output>
        </test-method> <!-- launchbrowser -->
        <test-method signature="addedCartItem(java.lang.String,java.lang.String,java.lang.String,java.lang.String,java.lang.String)[pri:0, instance:bdd.AmazonProject1.TestCase7_LoginAndIncreaseCartItems@436813f3]" started-at="2026-01-31T19:42:30 IST" name="addedCartItem" data-provider="addToCartData" finished-at="2026-01-31T19:43:04 IST" duration-ms="33179" status="PASS">
          <params>
            <param index="0">
              <value>
                <![CDATA[9704221424]]>
              </value>
            </param>
            <param index="1">
              <value>
                <![CDATA[Saniya@0209]]>
              </value>
            </param>
            <param index="2">
              <value>
                <![CDATA[Jackets]]>
              </value>
            </param>
            <param index="3">
              <value>
                <![CDATA[3]]>
              </value>
            </param>
            <param index="4">
              <value>
                <![CDATA[2]]>
              </value>
            </param>
          </params>
          <reporter-output>
            <line>
              <![CDATA[Browser Launched]]>
            </line>
            <line>
              <![CDATA[Mobile Number Entered]]>
            </line>
            <line>
              <![CDATA[Password Entered]]>
            </line>
            <line>
              <![CDATA[Succesfully Login to Amazon]]>
            </line>
            <line>
              <![CDATA[All items are displayed]]>
            </line>
            <line>
              <![CDATA[Clicked on Add to cart button]]>
            </line>
            <line>
              <![CDATA[Items are  available in cart page]]>
            </line>
          </reporter-output>
        </test-method> <!-- addedCartItem -->
        <test-method is-config="true" signature="quitbrowser()[pri:0, instance:bdd.AmazonProject1.TestCase7_LoginAndIncreaseCartItems@436813f3]" started-at="2026-01-31T19:43:04 IST" name="quitbrowser" finished-at="2026-01-31T19:43:04 IST" duration-ms="406" status="PASS">
          <reporter-output>
          </reporter-output>
        </test-method> <!-- quitbrowser -->
      </class> <!-- bdd.AmazonProject1.TestCase7_LoginAndIncreaseCartItems -->
      <class name="bdd.AmazonProject1.TestCase5_LoginandAddtoCart">
        <test-method is-config="true" signature="launchbrowser(java.lang.String,java.lang.String)[pri:0, instance:bdd.AmazonProject1.TestCase5_LoginandAddtoCart@223d2c72]" started-at="2026-01-31T19:39:48 IST" name="launchbrowser" finished-at="2026-01-31T19:39:50 IST" duration-ms="2230" status="PASS">
          <params>
            <param index="0">
              <value>
                <![CDATA[chrome]]>
              </value>
            </param>
            <param index="1">
              <value>
                <![CDATA[https://www.amazon.in/]]>
              </value>
            </param>
          </params>
          <reporter-output>
          </reporter-output>
        </test-method> <!-- launchbrowser -->
        <test-method signature="addtoCard(java.lang.String,java.lang.String,java.lang.String,java.lang.String,java.lang.String)[pri:0, instance:bdd.AmazonProject1.TestCase5_LoginandAddtoCart@223d2c72]" started-at="2026-01-31T19:39:50 IST" name="addtoCard" data-provider="addToCartData" finished-at="2026-01-31T19:40:12 IST" duration-ms="21961" status="PASS">
          <params>
            <param index="0">
              <value>
                <![CDATA[6304188726]]>
              </value>
            </param>
            <param index="1">
              <value>
                <![CDATA[Saniya@1234]]>
              </value>
            </param>
            <param index="2">
              <value>
                <![CDATA[Men shoe]]>
              </value>
            </param>
            <param index="3">
              <value>
                <![CDATA[1]]>
              </value>
            </param>
            <param index="4">
              <value>
                <![CDATA[4]]>
              </value>
            </param>
          </params>
          <reporter-output>
            <line>
              <![CDATA[Browser Launched]]>
            </line>
            <line>
              <![CDATA[Mobile Number Entered]]>
            </line>
            <line>
              <![CDATA[Password Entered]]>
            </line>
            <line>
              <![CDATA[Succesfully Login to Amazon]]>
            </line>
            <line>
              <![CDATA[All items are displayed]]>
            </line>
            <line>
              <![CDATA[Clicked on Add to cart button]]>
            </line>
          </reporter-output>
        </test-method> <!-- addtoCard -->
        <test-method is-config="true" signature="quitbrowser()[pri:0, instance:bdd.AmazonProject1.TestCase5_LoginandAddtoCart@223d2c72]" started-at="2026-01-31T19:40:12 IST" name="quitbrowser" finished-at="2026-01-31T19:40:13 IST" duration-ms="222" status="PASS">
          <reporter-output>
          </reporter-output>
        </test-method> <!-- quitbrowser -->
        <test-method is-config="true" signature="launchbrowser(java.lang.String,java.lang.String)[pri:0, instance:bdd.AmazonProject1.TestCase5_LoginandAddtoCart@223d2c72]" started-at="2026-01-31T19:40:13 IST" name="launchbrowser" finished-at="2026-01-31T19:40:15 IST" duration-ms="2178" status="PASS">
          <params>
            <param index="0">
              <value>
                <![CDATA[chrome]]>
              </value>
            </param>
            <param index="1">
              <value>
                <![CDATA[https://www.amazon.in/]]>
              </value>
            </param>
          </params>
          <reporter-output>
          </reporter-output>
        </test-method> <!-- launchbrowser -->
        <test-method signature="addtoCard(java.lang.String,java.lang.String,java.lang.String,java.lang.String,java.lang.String)[pri:0, instance:bdd.AmazonProject1.TestCase5_LoginandAddtoCart@223d2c72]" started-at="2026-01-31T19:40:15 IST" name="addtoCard" data-provider="addToCartData" finished-at="2026-01-31T19:40:52 IST" duration-ms="36976" status="PASS">
          <params>
            <param index="0">
              <value>
                <![CDATA[9704221424]]>
              </value>
            </param>
            <param index="1">
              <value>
                <![CDATA[Saniya@0209]]>
              </value>
            </param>
            <param index="2">
              <value>
                <![CDATA[Jackets]]>
              </value>
            </param>
            <param index="3">
              <value>
                <![CDATA[3]]>
              </value>
            </param>
            <param index="4">
              <value>
                <![CDATA[2]]>
              </value>
            </param>
          </params>
          <reporter-output>
            <line>
              <![CDATA[Browser Launched]]>
            </line>
            <line>
              <![CDATA[Mobile Number Entered]]>
            </line>
            <line>
              <![CDATA[Password Entered]]>
            </line>
            <line>
              <![CDATA[Succesfully Login to Amazon]]>
            </line>
            <line>
              <![CDATA[All items are displayed]]>
            </line>
            <line>
              <![CDATA[Clicked on Add to cart button]]>
            </line>
          </reporter-output>
        </test-method> <!-- addtoCard -->
        <test-method is-config="true" signature="quitbrowser()[pri:0, instance:bdd.AmazonProject1.TestCase5_LoginandAddtoCart@223d2c72]" started-at="2026-01-31T19:40:52 IST" name="quitbrowser" finished-at="2026-01-31T19:40:53 IST" duration-ms="273" status="PASS">
          <reporter-output>
          </reporter-output>
        </test-method> <!-- quitbrowser -->
      </class> <!-- bdd.AmazonProject1.TestCase5_LoginandAddtoCart -->
    </test> <!-- Regression Test -->
  </suite> <!-- Regression Suite -->
</testng-results>
