<?xml version="1.0" encoding="UTF-8"?>
<testng-results retried="3" ignored="0" total="14" passed="10" failed="1" skipped="0">
  <reporter-output>
    <line>
      <![CDATA[Mobile Number Entered]]>
    </line>
    <line>
      <![CDATA[Password Entered]]>
    </line>
    <line>
      <![CDATA[Succesfully Login to Amazon]]>
    </line>
    <line>
      <![CDATA[Mobile Number Entered]]>
    </line>
    <line>
      <![CDATA[Password Entered]]>
    </line>
    <line>
      <![CDATA[Succesfully Login to Amazon]]>
    </line>
    <line>
      <![CDATA[Mobile Number Entered]]>
    </line>
    <line>
      <![CDATA[Password Entered]]>
    </line>
    <line>
      <![CDATA[Succesfully Login to Amazon]]>
    </line>
    <line>
      <![CDATA[All items are displayed]]>
    </line>
    <line>
      <![CDATA[Mobile Number Entered]]>
    </line>
    <line>
      <![CDATA[Password Entered]]>
    </line>
    <line>
      <![CDATA[Succesfully Login to Amazon]]>
    </line>
    <line>
      <![CDATA[All items are displayed]]>
    </line>
    <line>
      <![CDATA[Mobile Number Entered]]>
    </line>
    <line>
      <![CDATA[Password Entered]]>
    </line>
    <line>
      <![CDATA[Succesfully Login to Amazon]]>
    </line>
    <line>
      <![CDATA[All items are displayed]]>
    </line>
    <line>
      <![CDATA[Mobile Number Entered]]>
    </line>
    <line>
      <![CDATA[Password Entered]]>
    </line>
    <line>
      <![CDATA[Succesfully Login to Amazon]]>
    </line>
    <line>
      <![CDATA[All items are displayed]]>
    </line>
    <line>
      <![CDATA[Browser Launched]]>
    </line>
    <line>
      <![CDATA[Mobile Number Entered]]>
    </line>
    <line>
      <![CDATA[Password Entered]]>
    </line>
    <line>
      <![CDATA[Succesfully Login to Amazon]]>
    </line>
    <line>
      <![CDATA[All items are displayed]]>
    </line>
    <line>
      <![CDATA[Clicked on Add to cart button]]>
    </line>
    <line>
      <![CDATA[Browser Launched]]>
    </line>
    <line>
      <![CDATA[Mobile Number Entered]]>
    </line>
    <line>
      <![CDATA[Password Entered]]>
    </line>
    <line>
      <![CDATA[Succesfully Login to Amazon]]>
    </line>
    <line>
      <![CDATA[All items are displayed]]>
    </line>
    <line>
      <![CDATA[Browser Launched]]>
    </line>
    <line>
      <![CDATA[Mobile Number Entered]]>
    </line>
    <line>
      <![CDATA[Password Entered]]>
    </line>
    <line>
      <![CDATA[Succesfully Login to Amazon]]>
    </line>
    <line>
      <![CDATA[All items are displayed]]>
    </line>
    <line>
      <![CDATA[Browser Launched]]>
    </line>
    <line>
      <![CDATA[Browser Launched]]>
    </line>
    <line>
      <![CDATA[Mobile Number Entered]]>
    </line>
    <line>
      <![CDATA[Password Entered]]>
    </line>
    <line>
      <![CDATA[Succesfully Login to Amazon]]>
    </line>
    <line>
      <![CDATA[All items are displayed]]>
    </line>
    <line>
      <![CDATA[Clicked on Add to cart button]]>
    </line>
    <line>
      <![CDATA[Mobile Number Entered]]>
    </line>
    <line>
      <![CDATA[Password Entered]]>
    </line>
    <line>
      <![CDATA[Succesfully Login to Amazon]]>
    </line>
    <line>
      <![CDATA[Mobile Number Entered]]>
    </line>
    <line>
      <![CDATA[Password Entered]]>
    </line>
    <line>
      <![CDATA[Succesfully Login to Amazon]]>
    </line>
  </reporter-output>
  <suite started-at="2026-02-20T13:05:48 IST" name="Regression Suite" finished-at="2026-02-20T13:10:40 IST" duration-ms="292042">
    <groups>
      <group name="system">
        <method signature="Testcase1_LoginToAmazon.loginwithValidcredentials(java.lang.String,java.lang.String)[pri:0, instance:bdd.AmazonProject1.Testcase1_LoginToAmazon@4567f35d]" name="loginwithValidcredentials" class="bdd.AmazonProject1.Testcase1_LoginToAmazon"/>
      </group> <!-- system -->
      <group name="smoke">
        <method signature="TestCase3_LoginandSearchProduct.searchProduct(java.lang.String,java.lang.String,java.lang.String,java.lang.String)[pri:0, instance:bdd.AmazonProject1.TestCase3_LoginandSearchProduct@564fabc8]" name="searchProduct" class="bdd.AmazonProject1.TestCase3_LoginandSearchProduct"/>
        <method signature="TestCase4_LoginAndSearchProductandLogout.searchProduct(java.lang.String,java.lang.String,java.lang.String,java.lang.String)[pri:0, instance:bdd.AmazonProject1.TestCase4_LoginAndSearchProductandLogout@16d04d3d]" name="searchProduct" class="bdd.AmazonProject1.TestCase4_LoginAndSearchProductandLogout"/>
      </group> <!-- smoke -->
    </groups>
    <test started-at="2026-02-20T13:05:48 IST" name="Regression Test1" finished-at="2026-02-20T13:10:40 IST" duration-ms="292042">
      <class name="bdd.AmazonProject1.TestCase4_LoginAndSearchProductandLogout">
        <test-method is-config="true" signature="launchbrowser(java.lang.String,java.lang.String)[pri:0, instance:bdd.AmazonProject1.TestCase4_LoginAndSearchProductandLogout@16d04d3d]" started-at="2026-02-20T13:07:10 IST" name="launchbrowser" finished-at="2026-02-20T13:07:12 IST" duration-ms="1989" status="PASS">
          <params>
            <param index="0">
              <value>
                <![CDATA[chrome]]>
              </value>
            </param>
            <param index="1">
              <value>
                <![CDATA[https://www.amazon.in/]]>
              </value>
            </param>
          </params>
          <reporter-output>
          </reporter-output>
        </test-method> <!-- launchbrowser -->
        <test-method signature="searchProduct(java.lang.String,java.lang.String,java.lang.String,java.lang.String)[pri:0, instance:bdd.AmazonProject1.TestCase4_LoginAndSearchProductandLogout@16d04d3d]" started-at="2026-02-20T13:07:12 IST" name="searchProduct" data-provider="searchproductsdata" finished-at="2026-02-20T13:07:32 IST" duration-ms="20516" status="PASS">
          <params>
            <param index="0">
              <value>
                <![CDATA[6304188726]]>
              </value>
            </param>
            <param index="1">
              <value>
                <![CDATA[Saniya@1234]]>
              </value>
            </param>
            <param index="2">
              <value>
                <![CDATA[Men shoe]]>
              </value>
            </param>
            <param index="3">
              <value>
                <![CDATA[1]]>
              </value>
            </param>
          </params>
          <reporter-output>
            <line>
              <![CDATA[Mobile Number Entered]]>
            </line>
            <line>
              <![CDATA[Password Entered]]>
            </line>
            <line>
              <![CDATA[Succesfully Login to Amazon]]>
            </line>
            <line>
              <![CDATA[All items are displayed]]>
            </line>
          </reporter-output>
        </test-method> <!-- searchProduct -->
        <test-method is-config="true" signature="quitbrowser()[pri:0, instance:bdd.AmazonProject1.TestCase4_LoginAndSearchProductandLogout@16d04d3d]" started-at="2026-02-20T13:07:33 IST" name="quitbrowser" finished-at="2026-02-20T13:07:33 IST" duration-ms="346" status="PASS">
          <reporter-output>
          </reporter-output>
        </test-method> <!-- quitbrowser -->
        <test-method is-config="true" signature="launchbrowser(java.lang.String,java.lang.String)[pri:0, instance:bdd.AmazonProject1.TestCase4_LoginAndSearchProductandLogout@16d04d3d]" started-at="2026-02-20T13:07:33 IST" name="launchbrowser" finished-at="2026-02-20T13:07:34 IST" duration-ms="1596" status="PASS">
          <params>
            <param index="0">
              <value>
                <![CDATA[chrome]]>
              </value>
            </param>
            <param index="1">
              <value>
                <![CDATA[https://www.amazon.in/]]>
              </value>
            </param>
          </params>
          <reporter-output>
          </reporter-output>
        </test-method> <!-- launchbrowser -->
        <test-method signature="searchProduct(java.lang.String,java.lang.String,java.lang.String,java.lang.String)[pri:0, instance:bdd.AmazonProject1.TestCase4_LoginAndSearchProductandLogout@16d04d3d]" started-at="2026-02-20T13:07:34 IST" name="searchProduct" data-provider="searchproductsdata" finished-at="2026-02-20T13:08:00 IST" duration-ms="25410" status="PASS">
          <params>
            <param index="0">
              <value>
                <![CDATA[9704221424]]>
              </value>
            </param>
            <param index="1">
              <value>
                <![CDATA[Saniya@0209]]>
              </value>
            </param>
            <param index="2">
              <value>
                <![CDATA[Mobiles]]>
              </value>
            </param>
            <param index="3">
              <value>
                <![CDATA[3]]>
              </value>
            </param>
          </params>
          <reporter-output>
            <line>
              <![CDATA[Mobile Number Entered]]>
            </line>
            <line>
              <![CDATA[Password Entered]]>
            </line>
            <line>
              <![CDATA[Succesfully Login to Amazon]]>
            </line>
            <line>
              <![CDATA[All items are displayed]]>
            </line>
          </reporter-output>
        </test-method> <!-- searchProduct -->
        <test-method is-config="true" signature="quitbrowser()[pri:0, instance:bdd.AmazonProject1.TestCase4_LoginAndSearchProductandLogout@16d04d3d]" started-at="2026-02-20T13:08:00 IST" name="quitbrowser" finished-at="2026-02-20T13:08:00 IST" duration-ms="383" status="PASS">
          <reporter-output>
          </reporter-output>
        </test-method> <!-- quitbrowser -->
      </class> <!-- bdd.AmazonProject1.TestCase4_LoginAndSearchProductandLogout -->
      <class name="bdd.AmazonProject1.TestCase9_LoginAndPayment">
        <test-method is-config="true" signature="launchbrowser(java.lang.String,java.lang.String)[pri:0, instance:bdd.AmazonProject1.TestCase9_LoginAndPayment@36902638]" started-at="2026-02-20T13:09:25 IST" name="launchbrowser" finished-at="2026-02-20T13:09:27 IST" duration-ms="1335" status="PASS">
          <params>
            <param index="0">
              <value>
                <![CDATA[chrome]]>
              </value>
            </param>
            <param index="1">
              <value>
                <![CDATA[https://www.amazon.in/]]>
              </value>
            </param>
          </params>
          <reporter-output>
          </reporter-output>
        </test-method> <!-- launchbrowser -->
        <test-method signature="checkoutpaymeent(java.lang.String,java.lang.String,java.lang.String,java.lang.String,java.lang.String)[pri:0, instance:bdd.AmazonProject1.TestCase9_LoginAndPayment@36902638]" started-at="2026-02-20T13:09:27 IST" name="checkoutpaymeent" data-provider="paymentData" finished-at="2026-02-20T13:10:14 IST" duration-ms="47283" status="PASS">
          <params>
            <param index="0">
              <value>
                <![CDATA[6304188726]]>
              </value>
            </param>
            <param index="1">
              <value>
                <![CDATA[Saniya@1234]]>
              </value>
            </param>
            <param index="2">
              <value>
                <![CDATA[Men shoe]]>
              </value>
            </param>
            <param index="3">
              <value>
                <![CDATA[1]]>
              </value>
            </param>
            <param index="4">
              <value>
                <![CDATA[4]]>
              </value>
            </param>
          </params>
          <reporter-output>
            <line>
              <![CDATA[Browser Launched]]>
            </line>
            <line>
              <![CDATA[Mobile Number Entered]]>
            </line>
            <line>
              <![CDATA[Password Entered]]>
            </line>
            <line>
              <![CDATA[Succesfully Login to Amazon]]>
            </line>
            <line>
              <![CDATA[All items are displayed]]>
            </line>
            <line>
              <![CDATA[Clicked on Add to cart button]]>
            </line>
          </reporter-output>
        </test-method> <!-- checkoutpaymeent -->
        <test-method is-config="true" signature="quitbrowser()[pri:0, instance:bdd.AmazonProject1.TestCase9_LoginAndPayment@36902638]" started-at="2026-02-20T13:10:14 IST" name="quitbrowser" finished-at="2026-02-20T13:10:14 IST" duration-ms="234" status="PASS">
          <reporter-output>
          </reporter-output>
        </test-method> <!-- quitbrowser -->
      </class> <!-- bdd.AmazonProject1.TestCase9_LoginAndPayment -->
      <class name="bdd.AmazonProject1.TestCase3_LoginandSearchProduct">
        <test-method is-config="true" signature="launchbrowser(java.lang.String,java.lang.String)[pri:0, instance:bdd.AmazonProject1.TestCase3_LoginandSearchProduct@564fabc8]" started-at="2026-02-20T13:06:26 IST" name="launchbrowser" finished-at="2026-02-20T13:06:28 IST" duration-ms="1649" status="PASS">
          <params>
            <param index="0">
              <value>
                <![CDATA[chrome]]>
              </value>
            </param>
            <param index="1">
              <value>
                <![CDATA[https://www.amazon.in/]]>
              </value>
            </param>
          </params>
          <reporter-output>
          </reporter-output>
        </test-method> <!-- launchbrowser -->
        <test-method signature="searchProduct(java.lang.String,java.lang.String,java.lang.String,java.lang.String)[pri:0, instance:bdd.AmazonProject1.TestCase3_LoginandSearchProduct@564fabc8]" started-at="2026-02-20T13:06:28 IST" name="searchProduct" data-provider="searchproductsdata" finished-at="2026-02-20T13:06:44 IST" duration-ms="15685" status="PASS">
          <params>
            <param index="0">
              <value>
                <![CDATA[6304188726]]>
              </value>
            </param>
            <param index="1">
              <value>
                <![CDATA[Saniya@1234]]>
              </value>
            </param>
            <param index="2">
              <value>
                <![CDATA[Men shoe]]>
              </value>
            </param>
            <param index="3">
              <value>
                <![CDATA[1]]>
              </value>
            </param>
          </params>
          <reporter-output>
            <line>
              <![CDATA[Mobile Number Entered]]>
            </line>
            <line>
              <![CDATA[Password Entered]]>
            </line>
            <line>
              <![CDATA[Succesfully Login to Amazon]]>
            </line>
            <line>
              <![CDATA[All items are displayed]]>
            </line>
          </reporter-output>
        </test-method> <!-- searchProduct -->
        <test-method is-config="true" signature="quitbrowser()[pri:0, instance:bdd.AmazonProject1.TestCase3_LoginandSearchProduct@564fabc8]" started-at="2026-02-20T13:06:48 IST" name="quitbrowser" finished-at="2026-02-20T13:06:48 IST" duration-ms="396" status="PASS">
          <reporter-output>
          </reporter-output>
        </test-method> <!-- quitbrowser -->
        <test-method is-config="true" signature="launchbrowser(java.lang.String,java.lang.String)[pri:0, instance:bdd.AmazonProject1.TestCase3_LoginandSearchProduct@564fabc8]" started-at="2026-02-20T13:06:48 IST" name="launchbrowser" finished-at="2026-02-20T13:06:50 IST" duration-ms="1741" status="PASS">
          <params>
            <param index="0">
              <value>
                <![CDATA[chrome]]>
              </value>
            </param>
            <param index="1">
              <value>
                <![CDATA[https://www.amazon.in/]]>
              </value>
            </param>
          </params>
          <reporter-output>
          </reporter-output>
        </test-method> <!-- launchbrowser -->
        <test-method signature="searchProduct(java.lang.String,java.lang.String,java.lang.String,java.lang.String)[pri:0, instance:bdd.AmazonProject1.TestCase3_LoginandSearchProduct@564fabc8]" started-at="2026-02-20T13:06:50 IST" name="searchProduct" data-provider="searchproductsdata" finished-at="2026-02-20T13:07:03 IST" duration-ms="13316" status="PASS">
          <params>
            <param index="0">
              <value>
                <![CDATA[9704221424]]>
              </value>
            </param>
            <param index="1">
              <value>
                <![CDATA[Saniya@0209]]>
              </value>
            </param>
            <param index="2">
              <value>
                <![CDATA[Mobiles]]>
              </value>
            </param>
            <param index="3">
              <value>
                <![CDATA[3]]>
              </value>
            </param>
          </params>
          <reporter-output>
            <line>
              <![CDATA[Mobile Number Entered]]>
            </line>
            <line>
              <![CDATA[Password Entered]]>
            </line>
            <line>
              <![CDATA[Succesfully Login to Amazon]]>
            </line>
            <line>
              <![CDATA[All items are displayed]]>
            </line>
          </reporter-output>
        </test-method> <!-- searchProduct -->
        <test-method is-config="true" signature="quitbrowser()[pri:0, instance:bdd.AmazonProject1.TestCase3_LoginandSearchProduct@564fabc8]" started-at="2026-02-20T13:07:10 IST" name="quitbrowser" finished-at="2026-02-20T13:07:10 IST" duration-ms="370" status="PASS">
          <reporter-output>
          </reporter-output>
        </test-method> <!-- quitbrowser -->
      </class> <!-- bdd.AmazonProject1.TestCase3_LoginandSearchProduct -->
      <class name="bdd.AmazonProject1.Testcase1_LoginToAmazon">
        <test-method is-config="true" signature="launchbrowser(java.lang.String,java.lang.String)[pri:0, instance:bdd.AmazonProject1.Testcase1_LoginToAmazon@4567f35d]" started-at="2026-02-20T13:05:49 IST" name="launchbrowser" finished-at="2026-02-20T13:05:50 IST" duration-ms="1615" status="PASS">
          <params>
            <param index="0">
              <value>
                <![CDATA[chrome]]>
              </value>
            </param>
            <param index="1">
              <value>
                <![CDATA[https://www.amazon.in/]]>
              </value>
            </param>
          </params>
          <reporter-output>
          </reporter-output>
        </test-method> <!-- launchbrowser -->
        <test-method signature="loginwithValidcredentials(java.lang.String,java.lang.String)[pri:0, instance:bdd.AmazonProject1.Testcase1_LoginToAmazon@4567f35d]" started-at="2026-02-20T13:05:50 IST" name="loginwithValidcredentials" data-provider="logindata" finished-at="2026-02-20T13:05:57 IST" duration-ms="6797" status="PASS">
          <params>
            <param index="0">
              <value>
                <![CDATA[6304188726]]>
              </value>
            </param>
            <param index="1">
              <value>
                <![CDATA[Saniya@1234]]>
              </value>
            </param>
          </params>
          <reporter-output>
            <line>
              <![CDATA[Mobile Number Entered]]>
            </line>
            <line>
              <![CDATA[Password Entered]]>
            </line>
            <line>
              <![CDATA[Succesfully Login to Amazon]]>
            </line>
          </reporter-output>
        </test-method> <!-- loginwithValidcredentials -->
        <test-method is-config="true" signature="quitbrowser()[pri:0, instance:bdd.AmazonProject1.Testcase1_LoginToAmazon@4567f35d]" started-at="2026-02-20T13:05:57 IST" name="quitbrowser" finished-at="2026-02-20T13:05:58 IST" duration-ms="192" status="PASS">
          <reporter-output>
          </reporter-output>
        </test-method> <!-- quitbrowser -->
        <test-method is-config="true" signature="launchbrowser(java.lang.String,java.lang.String)[pri:0, instance:bdd.AmazonProject1.Testcase1_LoginToAmazon@4567f35d]" started-at="2026-02-20T13:05:58 IST" name="launchbrowser" finished-at="2026-02-20T13:05:59 IST" duration-ms="1285" status="PASS">
          <params>
            <param index="0">
              <value>
                <![CDATA[chrome]]>
              </value>
            </param>
            <param index="1">
              <value>
                <![CDATA[https://www.amazon.in/]]>
              </value>
            </param>
          </params>
          <reporter-output>
          </reporter-output>
        </test-method> <!-- launchbrowser -->
        <test-method retried="true" signature="loginwithValidcredentials(java.lang.String,java.lang.String)[pri:0, instance:bdd.AmazonProject1.Testcase1_LoginToAmazon@4567f35d]" started-at="2026-02-20T13:05:59 IST" name="loginwithValidcredentials" data-provider="logindata" finished-at="2026-02-20T13:06:11 IST" duration-ms="12378" status="SKIP">
          <params>
            <param index="0">
              <value>
                <![CDATA[9704221424]]>
              </value>
            </param>
            <param index="1">
              <value>
                <![CDATA[Saniya@0209]]>
              </value>
            </param>
          </params>
          <exception class="java.lang.NullPointerException">
            <message>
              <![CDATA[Cannot invoke "org.openqa.selenium.WebDriver.getClass()" because "exceptionDriver" is null]]>
            </message>
            <full-stacktrace>
              <![CDATA[java.lang.NullPointerException: Cannot invoke "org.openqa.selenium.WebDriver.getClass()" because "exceptionDriver" is null
at org.openqa.selenium.support.ui.WebDriverWait.timeoutException(WebDriverWait.java:85)
at org.openqa.selenium.support.ui.FluentWait.until(FluentWait.java:228)
at bdd.AmazonProject1.HomePage.signinClick(HomePage.java:93)
at bdd.AmazonProject1.Testcase1_LoginToAmazon.loginwithValidcredentials(Testcase1_LoginToAmazon.java:30)
at java.base/jdk.internal.reflect.DirectMethodHandleAccessor.invoke(DirectMethodHandleAccessor.java:103)
at java.base/java.lang.reflect.Method.invoke(Method.java:580)
at org.testng.internal.invokers.MethodInvocationHelper.invokeMethod(MethodInvocationHelper.java:141)
at org.testng.internal.invokers.TestInvoker.invokeMethod(TestInvoker.java:687)
at org.testng.internal.invokers.TestInvoker.invokeTestMethod(TestInvoker.java:230)
at org.testng.internal.invokers.MethodRunner.runInSequence(MethodRunner.java:63)
at org.testng.internal.invokers.TestInvoker$MethodInvocationAgent.invoke(TestInvoker.java:995)
at org.testng.internal.invokers.TestInvoker.invokeTestMethods(TestInvoker.java:203)
at org.testng.internal.invokers.TestMethodWorker.invokeTestMethods(TestMethodWorker.java:154)
at org.testng.internal.invokers.TestMethodWorker.run(TestMethodWorker.java:134)
at java.base/java.util.ArrayList.forEach(ArrayList.java:1596)
at org.testng.TestRunner.privateRun(TestRunner.java:741)
at org.testng.TestRunner.run(TestRunner.java:616)
at org.testng.SuiteRunner.runTest(SuiteRunner.java:421)
at org.testng.SuiteRunner.runSequentially(SuiteRunner.java:413)
at org.testng.SuiteRunner.privateRun(SuiteRunner.java:373)
at org.testng.SuiteRunner.run(SuiteRunner.java:312)
at org.testng.SuiteRunnerWorker.runSuite(SuiteRunnerWorker.java:52)
at org.testng.SuiteRunnerWorker.run(SuiteRunnerWorker.java:95)
at org.testng.TestNG.runSuitesSequentially(TestNG.java:1274)
at org.testng.TestNG.runSuitesLocally(TestNG.java:1208)
at org.testng.TestNG.runSuites(TestNG.java:1112)
at org.testng.TestNG.run(TestNG.java:1079)
at org.apache.maven.surefire.testng.TestNGExecutor.run(TestNGExecutor.java:308)
at org.apache.maven.surefire.testng.TestNGXmlTestSuite.execute(TestNGXmlTestSuite.java:71)
at org.apache.maven.surefire.testng.TestNGProvider.invoke(TestNGProvider.java:113)
at org.apache.maven.surefire.booter.ForkedBooter.runSuitesInProcess(ForkedBooter.java:385)
at org.apache.maven.surefire.booter.ForkedBooter.execute(ForkedBooter.java:162)
at org.apache.maven.surefire.booter.ForkedBooter.run(ForkedBooter.java:507)
at org.apache.maven.surefire.booter.ForkedBooter.main(ForkedBooter.java:495)
]]>
            </full-stacktrace>
          </exception> <!-- java.lang.NullPointerException -->
          <reporter-output>
          </reporter-output>
        </test-method> <!-- loginwithValidcredentials -->
        <test-method is-config="true" signature="quitbrowser()[pri:0, instance:bdd.AmazonProject1.Testcase1_LoginToAmazon@4567f35d]" started-at="2026-02-20T13:06:11 IST" name="quitbrowser" finished-at="2026-02-20T13:06:12 IST" duration-ms="316" status="PASS">
          <reporter-output>
          </reporter-output>
        </test-method> <!-- quitbrowser -->
        <test-method is-config="true" signature="launchbrowser(java.lang.String,java.lang.String)[pri:0, instance:bdd.AmazonProject1.Testcase1_LoginToAmazon@4567f35d]" started-at="2026-02-20T13:06:12 IST" name="launchbrowser" finished-at="2026-02-20T13:06:13 IST" duration-ms="1310" status="PASS">
          <params>
            <param index="0">
              <value>
                <![CDATA[chrome]]>
              </value>
            </param>
            <param index="1">
              <value>
                <![CDATA[https://www.amazon.in/]]>
              </value>
            </param>
          </params>
          <reporter-output>
          </reporter-output>
        </test-method> <!-- launchbrowser -->
        <test-method signature="loginwithValidcredentials(java.lang.String,java.lang.String)[pri:0, instance:bdd.AmazonProject1.Testcase1_LoginToAmazon@4567f35d]" started-at="2026-02-20T13:06:13 IST" name="loginwithValidcredentials" data-provider="logindata" finished-at="2026-02-20T13:06:24 IST" duration-ms="11617" status="PASS">
          <params>
            <param index="0">
              <value>
                <![CDATA[9704221424]]>
              </value>
            </param>
            <param index="1">
              <value>
                <![CDATA[Saniya@0209]]>
              </value>
            </param>
          </params>
          <reporter-output>
            <line>
              <![CDATA[Mobile Number Entered]]>
            </line>
            <line>
              <![CDATA[Password Entered]]>
            </line>
            <line>
              <![CDATA[Succesfully Login to Amazon]]>
            </line>
          </reporter-output>
        </test-method> <!-- loginwithValidcredentials -->
        <test-method is-config="true" signature="quitbrowser()[pri:0, instance:bdd.AmazonProject1.Testcase1_LoginToAmazon@4567f35d]" started-at="2026-02-20T13:06:25 IST" name="quitbrowser" finished-at="2026-02-20T13:06:26 IST" duration-ms="1424" status="PASS">
          <reporter-output>
          </reporter-output>
        </test-method> <!-- quitbrowser -->
      </class> <!-- bdd.AmazonProject1.Testcase1_LoginToAmazon -->
      <class name="bdd.AmazonProject1.Testcase2_LoginAndlogout">
        <test-method is-config="true" signature="launchbrowser(java.lang.String,java.lang.String)[pri:0, instance:bdd.AmazonProject1.Testcase2_LoginAndlogout@49ec71f8]" started-at="2026-02-20T13:10:14 IST" name="launchbrowser" finished-at="2026-02-20T13:10:16 IST" duration-ms="1513" status="PASS">
          <params>
            <param index="0">
              <value>
                <![CDATA[chrome]]>
              </value>
            </param>
            <param index="1">
              <value>
                <![CDATA[https://www.amazon.in/]]>
              </value>
            </param>
          </params>
          <reporter-output>
          </reporter-output>
        </test-method> <!-- launchbrowser -->
        <test-method signature="logoutToAmazon(java.lang.String,java.lang.String)[pri:0, instance:bdd.AmazonProject1.Testcase2_LoginAndlogout@49ec71f8]" started-at="2026-02-20T13:10:16 IST" name="logoutToAmazon" data-provider="logindata" depends-on-groups="system" finished-at="2026-02-20T13:10:26 IST" duration-ms="9767" status="PASS">
          <params>
            <param index="0">
              <value>
                <![CDATA[6304188726]]>
              </value>
            </param>
            <param index="1">
              <value>
                <![CDATA[Saniya@1234]]>
              </value>
            </param>
          </params>
          <reporter-output>
            <line>
              <![CDATA[Mobile Number Entered]]>
            </line>
            <line>
              <![CDATA[Password Entered]]>
            </line>
            <line>
              <![CDATA[Succesfully Login to Amazon]]>
            </line>
          </reporter-output>
        </test-method> <!-- logoutToAmazon -->
        <test-method is-config="true" signature="quitbrowser()[pri:0, instance:bdd.AmazonProject1.Testcase2_LoginAndlogout@49ec71f8]" started-at="2026-02-20T13:10:26 IST" name="quitbrowser" finished-at="2026-02-20T13:10:26 IST" duration-ms="185" status="PASS">
          <reporter-output>
          </reporter-output>
        </test-method> <!-- quitbrowser -->
        <test-method is-config="true" signature="launchbrowser(java.lang.String,java.lang.String)[pri:0, instance:bdd.AmazonProject1.Testcase2_LoginAndlogout@49ec71f8]" started-at="2026-02-20T13:10:26 IST" name="launchbrowser" finished-at="2026-02-20T13:10:28 IST" duration-ms="1549" status="PASS">
          <params>
            <param index="0">
              <value>
                <![CDATA[chrome]]>
              </value>
            </param>
            <param index="1">
              <value>
                <![CDATA[https://www.amazon.in/]]>
              </value>
            </param>
          </params>
          <reporter-output>
          </reporter-output>
        </test-method> <!-- launchbrowser -->
        <test-method signature="logoutToAmazon(java.lang.String,java.lang.String)[pri:0, instance:bdd.AmazonProject1.Testcase2_LoginAndlogout@49ec71f8]" started-at="2026-02-20T13:10:28 IST" name="logoutToAmazon" data-provider="logindata" depends-on-groups="system" finished-at="2026-02-20T13:10:40 IST" duration-ms="12226" status="PASS">
          <params>
            <param index="0">
              <value>
                <![CDATA[9704221424]]>
              </value>
            </param>
            <param index="1">
              <value>
                <![CDATA[Saniya@0209]]>
              </value>
            </param>
          </params>
          <reporter-output>
            <line>
              <![CDATA[Mobile Number Entered]]>
            </line>
            <line>
              <![CDATA[Password Entered]]>
            </line>
            <line>
              <![CDATA[Succesfully Login to Amazon]]>
            </line>
          </reporter-output>
        </test-method> <!-- logoutToAmazon -->
        <test-method is-config="true" signature="quitbrowser()[pri:0, instance:bdd.AmazonProject1.Testcase2_LoginAndlogout@49ec71f8]" started-at="2026-02-20T13:10:40 IST" name="quitbrowser" finished-at="2026-02-20T13:10:40 IST" duration-ms="230" status="PASS">
          <reporter-output>
          </reporter-output>
        </test-method> <!-- quitbrowser -->
      </class> <!-- bdd.AmazonProject1.Testcase2_LoginAndlogout -->
      <class name="bdd.AmazonProject1.TestCase5_LoginandAddtoCart">
        <test-method is-config="true" signature="launchbrowser(java.lang.String,java.lang.String)[pri:0, instance:bdd.AmazonProject1.TestCase5_LoginandAddtoCart@1d2adfbe]" started-at="2026-02-20T13:08:00 IST" name="launchbrowser" finished-at="2026-02-20T13:08:02 IST" duration-ms="1653" status="PASS">
          <params>
            <param index="0">
              <value>
                <![CDATA[chrome]]>
              </value>
            </param>
            <param index="1">
              <value>
                <![CDATA[https://www.amazon.in/]]>
              </value>
            </param>
          </params>
          <reporter-output>
          </reporter-output>
        </test-method> <!-- launchbrowser -->
        <test-method signature="addtoCard(java.lang.String,java.lang.String,java.lang.String,java.lang.String,java.lang.String)[pri:0, instance:bdd.AmazonProject1.TestCase5_LoginandAddtoCart@1d2adfbe]" started-at="2026-02-20T13:08:02 IST" name="addtoCard" data-provider="addToCartData" finished-at="2026-02-20T13:08:25 IST" duration-ms="22659" status="PASS">
          <params>
            <param index="0">
              <value>
                <![CDATA[6304188726]]>
              </value>
            </param>
            <param index="1">
              <value>
                <![CDATA[Saniya@1234]]>
              </value>
            </param>
            <param index="2">
              <value>
                <![CDATA[Men shoe]]>
              </value>
            </param>
            <param index="3">
              <value>
                <![CDATA[1]]>
              </value>
            </param>
            <param index="4">
              <value>
                <![CDATA[4]]>
              </value>
            </param>
          </params>
          <reporter-output>
            <line>
              <![CDATA[Browser Launched]]>
            </line>
            <line>
              <![CDATA[Mobile Number Entered]]>
            </line>
            <line>
              <![CDATA[Password Entered]]>
            </line>
            <line>
              <![CDATA[Succesfully Login to Amazon]]>
            </line>
            <line>
              <![CDATA[All items are displayed]]>
            </line>
            <line>
              <![CDATA[Clicked on Add to cart button]]>
            </line>
          </reporter-output>
        </test-method> <!-- addtoCard -->
        <test-method is-config="true" signature="quitbrowser()[pri:0, instance:bdd.AmazonProject1.TestCase5_LoginandAddtoCart@1d2adfbe]" started-at="2026-02-20T13:08:25 IST" name="quitbrowser" finished-at="2026-02-20T13:08:26 IST" duration-ms="1292" status="PASS">
          <reporter-output>
          </reporter-output>
        </test-method> <!-- quitbrowser -->
        <test-method is-config="true" signature="launchbrowser(java.lang.String,java.lang.String)[pri:0, instance:bdd.AmazonProject1.TestCase5_LoginandAddtoCart@1d2adfbe]" started-at="2026-02-20T13:08:26 IST" name="launchbrowser" finished-at="2026-02-20T13:08:28 IST" duration-ms="1601" status="PASS">
          <params>
            <param index="0">
              <value>
                <![CDATA[chrome]]>
              </value>
            </param>
            <param index="1">
              <value>
                <![CDATA[https://www.amazon.in/]]>
              </value>
            </param>
          </params>
          <reporter-output>
          </reporter-output>
        </test-method> <!-- launchbrowser -->
        <test-method retried="true" signature="addtoCard(java.lang.String,java.lang.String,java.lang.String,java.lang.String,java.lang.String)[pri:0, instance:bdd.AmazonProject1.TestCase5_LoginandAddtoCart@1d2adfbe]" started-at="2026-02-20T13:08:28 IST" name="addtoCard" data-provider="addToCartData" finished-at="2026-02-20T13:08:49 IST" duration-ms="21161" status="SKIP">
          <params>
            <param index="0">
              <value>
                <![CDATA[9704221424]]>
              </value>
            </param>
            <param index="1">
              <value>
                <![CDATA[Saniya@0209]]>
              </value>
            </param>
            <param index="2">
              <value>
                <![CDATA[Jackets]]>
              </value>
            </param>
            <param index="3">
              <value>
                <![CDATA[3]]>
              </value>
            </param>
            <param index="4">
              <value>
                <![CDATA[2]]>
              </value>
            </param>
          </params>
          <exception class="org.openqa.selenium.ElementClickInterceptedException">
            <message>
              <![CDATA[element click intercepted: Element <input id="add-to-cart-button" name="submit.add-to-cart" title="Add to Shopping Cart" data-hover="Select &lt;b&gt;__dims__&lt;/b&gt; from the left&lt;br&gt; to add to Shopping Cart" data-ref="" class="a-button-input" type="submit" formaction="/cart/add-to-cart/ref=dp_start-bbf_1_glance" value="Add to cart" aria-labelledby="submit.add-to-cart-announce"> is not clickable at point (1260, 539). Other element would receive the click: <a tabindex="0" role="option" href="javascript:void(0)" data-value="{&quot;stringVal&quot;:&quot;3&quot;}" aria-selected="false" id="quantity_2" class="a-dropdown-link">...</a>
  (Session info: chrome=145.0.7632.76)
Build info: version: '4.39.0', revision: '126f156aee'
System info: os.name: 'Windows 11', os.arch: 'amd64', os.version: '10.0', java.version: '21.0.7'
Driver info: org.openqa.selenium.chrome.ChromeDriver
Command: [aba33f5922d41338e8ab9c13983dec4b, clickElement {id=f.6FA55138AB0EF0D2C8741B33B2688B74.d.83AAFCBF7022652D112A934D2BA6610A.e.2593}]
Capabilities {acceptInsecureCerts: false, browserName: chrome, browserVersion: 145.0.7632.76, chrome: {chromedriverVersion: 145.0.7632.77 (da516187054a..., userDataDir: C:\Users\Mohsin\AppData\Loc...}, fedcm:accounts: true, goog:chromeOptions: {debuggerAddress: localhost:64461}, goog:processID: 24160, networkConnectionEnabled: false, pageLoadStrategy: normal, platformName: windows, proxy: Proxy(), se:cdp: ws://localhost:64461/devtoo..., se:cdpVersion: 145.0.7632.76, setWindowRect: true, strictFileInteractability: false, timeouts: {implicit: 0, pageLoad: 300000, script: 30000}, unhandledPromptBehavior: dismiss and notify, webauthn:extension:credBlob: true, webauthn:extension:largeBlob: true, webauthn:extension:minPinLength: true, webauthn:extension:prf: true, webauthn:virtualAuthenticators: true}
Element: [[ChromeDriver: chrome on windows (aba33f5922d41338e8ab9c13983dec4b)] -> xpath: //input[@name='submit.add-to-cart']]
Session ID: aba33f5922d41338e8ab9c13983dec4b]]>
            </message>
            <full-stacktrace>
              <![CDATA[org.openqa.selenium.ElementClickInterceptedException: element click intercepted: Element <input id="add-to-cart-button" name="submit.add-to-cart" title="Add to Shopping Cart" data-hover="Select &lt;b&gt;__dims__&lt;/b&gt; from the left&lt;br&gt; to add to Shopping Cart" data-ref="" class="a-button-input" type="submit" formaction="/cart/add-to-cart/ref=dp_start-bbf_1_glance" value="Add to cart" aria-labelledby="submit.add-to-cart-announce"> is not clickable at point (1260, 539). Other element would receive the click: <a tabindex="0" role="option" href="javascript:void(0)" data-value="{&quot;stringVal&quot;:&quot;3&quot;}" aria-selected="false" id="quantity_2" class="a-dropdown-link">...</a>
  (Session info: chrome=145.0.7632.76)
Build info: version: '4.39.0', revision: '126f156aee'
System info: os.name: 'Windows 11', os.arch: 'amd64', os.version: '10.0', java.version: '21.0.7'
Driver info: org.openqa.selenium.chrome.ChromeDriver
Command: [aba33f5922d41338e8ab9c13983dec4b, clickElement {id=f.6FA55138AB0EF0D2C8741B33B2688B74.d.83AAFCBF7022652D112A934D2BA6610A.e.2593}]
Capabilities {acceptInsecureCerts: false, browserName: chrome, browserVersion: 145.0.7632.76, chrome: {chromedriverVersion: 145.0.7632.77 (da516187054a..., userDataDir: C:\Users\Mohsin\AppData\Loc...}, fedcm:accounts: true, goog:chromeOptions: {debuggerAddress: localhost:64461}, goog:processID: 24160, networkConnectionEnabled: false, pageLoadStrategy: normal, platformName: windows, proxy: Proxy(), se:cdp: ws://localhost:64461/devtoo..., se:cdpVersion: 145.0.7632.76, setWindowRect: true, strictFileInteractability: false, timeouts: {implicit: 0, pageLoad: 300000, script: 30000}, unhandledPromptBehavior: dismiss and notify, webauthn:extension:credBlob: true, webauthn:extension:largeBlob: true, webauthn:extension:minPinLength: true, webauthn:extension:prf: true, webauthn:virtualAuthenticators: true}
Element: [[ChromeDriver: chrome on windows (aba33f5922d41338e8ab9c13983dec4b)] -> xpath: //input[@name='submit.add-to-cart']]
Session ID: aba33f5922d41338e8ab9c13983dec4b
at java.base/jdk.internal.reflect.DirectConstructorHandleAccessor.newInstance(DirectConstructorHandleAccessor.java:62)
at java.base/java.lang.reflect.Constructor.newInstanceWithCaller(Constructor.java:502)
at java.base/java.lang.reflect.Constructor.newInstance(Constructor.java:486)
at org.openqa.selenium.remote.ErrorCodec.decode(ErrorCodec.java:167)
at org.openqa.selenium.remote.codec.w3c.W3CHttpResponseCodec.decode(W3CHttpResponseCodec.java:142)
at org.openqa.selenium.remote.codec.w3c.W3CHttpResponseCodec.decode(W3CHttpResponseCodec.java:49)
at org.openqa.selenium.remote.HttpCommandExecutor.execute(HttpCommandExecutor.java:215)
at org.openqa.selenium.remote.service.DriverCommandExecutor.invokeExecute(DriverCommandExecutor.java:216)
at org.openqa.selenium.remote.service.DriverCommandExecutor.execute(DriverCommandExecutor.java:174)
at org.openqa.selenium.remote.RemoteWebDriver.execute(RemoteWebDriver.java:561)
at org.openqa.selenium.remote.RemoteWebElement.execute(RemoteWebElement.java:223)
at org.openqa.selenium.remote.RemoteWebElement.click(RemoteWebElement.java:76)
at java.base/jdk.internal.reflect.DirectMethodHandleAccessor.invoke(DirectMethodHandleAccessor.java:103)
at java.base/java.lang.reflect.Method.invoke(Method.java:580)
at org.openqa.selenium.support.pagefactory.internal.LocatingElementHandler.invoke(LocatingElementHandler.java:51)
at jdk.proxy2/jdk.proxy2.$Proxy13.click(Unknown Source)
at bdd.AmazonProject1.HomePage.clickOnaddtoCart(HomePage.java:172)
at bdd.AmazonProject1.TestCase5_LoginandAddtoCart.addtoCard(TestCase5_LoginandAddtoCart.java:41)
at java.base/jdk.internal.reflect.DirectMethodHandleAccessor.invoke(DirectMethodHandleAccessor.java:103)
at java.base/java.lang.reflect.Method.invoke(Method.java:580)
at org.testng.internal.invokers.MethodInvocationHelper.invokeMethod(MethodInvocationHelper.java:141)
at org.testng.internal.invokers.TestInvoker.invokeMethod(TestInvoker.java:687)
at org.testng.internal.invokers.TestInvoker.invokeTestMethod(TestInvoker.java:230)
at org.testng.internal.invokers.MethodRunner.runInSequence(MethodRunner.java:63)
at org.testng.internal.invokers.TestInvoker$MethodInvocationAgent.invoke(TestInvoker.java:995)
at org.testng.internal.invokers.TestInvoker.invokeTestMethods(TestInvoker.java:203)
at org.testng.internal.invokers.TestMethodWorker.invokeTestMethods(TestMethodWorker.java:154)
at org.testng.internal.invokers.TestMethodWorker.run(TestMethodWorker.java:134)
at java.base/java.util.ArrayList.forEach(ArrayList.java:1596)
at org.testng.TestRunner.privateRun(TestRunner.java:741)
at org.testng.TestRunner.run(TestRunner.java:616)
at org.testng.SuiteRunner.runTest(SuiteRunner.java:421)
at org.testng.SuiteRunner.runSequentially(SuiteRunner.java:413)
at org.testng.SuiteRunner.privateRun(SuiteRunner.java:373)
at org.testng.SuiteRunner.run(SuiteRunner.java:312)
at org.testng.SuiteRunnerWorker.runSuite(SuiteRunnerWorker.java:52)
at org.testng.SuiteRunnerWorker.run(SuiteRunnerWorker.java:95)
at org.testng.TestNG.runSuitesSequentially(TestNG.java:1274)
at org.testng.TestNG.runSuitesLocally(TestNG.java:1208)
at org.testng.TestNG.runSuites(TestNG.java:1112)
at org.testng.TestNG.run(TestNG.java:1079)
at org.apache.maven.surefire.testng.TestNGExecutor.run(TestNGExecutor.java:308)
at org.apache.maven.surefire.testng.TestNGXmlTestSuite.execute(TestNGXmlTestSuite.java:71)
at org.apache.maven.surefire.testng.TestNGProvider.invoke(TestNGProvider.java:113)
at org.apache.maven.surefire.booter.ForkedBooter.runSuitesInProcess(ForkedBooter.java:385)
at org.apache.maven.surefire.booter.ForkedBooter.execute(ForkedBooter.java:162)
at org.apache.maven.surefire.booter.ForkedBooter.run(ForkedBooter.java:507)
at org.apache.maven.surefire.booter.ForkedBooter.main(ForkedBooter.java:495)
]]>
            </full-stacktrace>
          </exception> <!-- org.openqa.selenium.ElementClickInterceptedException -->
          <reporter-output>
            <line>
              <![CDATA[Browser Launched]]>
            </line>
            <line>
              <![CDATA[Mobile Number Entered]]>
            </line>
            <line>
              <![CDATA[Password Entered]]>
            </line>
            <line>
              <![CDATA[Succesfully Login to Amazon]]>
            </line>
            <line>
              <![CDATA[All items are displayed]]>
            </line>
          </reporter-output>
        </test-method> <!-- addtoCard -->
        <test-method is-config="true" signature="quitbrowser()[pri:0, instance:bdd.AmazonProject1.TestCase5_LoginandAddtoCart@1d2adfbe]" started-at="2026-02-20T13:08:49 IST" name="quitbrowser" finished-at="2026-02-20T13:08:49 IST" duration-ms="297" status="PASS">
          <reporter-output>
          </reporter-output>
        </test-method> <!-- quitbrowser -->
        <test-method is-config="true" signature="launchbrowser(java.lang.String,java.lang.String)[pri:0, instance:bdd.AmazonProject1.TestCase5_LoginandAddtoCart@1d2adfbe]" started-at="2026-02-20T13:08:49 IST" name="launchbrowser" finished-at="2026-02-20T13:08:51 IST" duration-ms="1481" status="PASS">
          <params>
            <param index="0">
              <value>
                <![CDATA[chrome]]>
              </value>
            </param>
            <param index="1">
              <value>
                <![CDATA[https://www.amazon.in/]]>
              </value>
            </param>
          </params>
          <reporter-output>
          </reporter-output>
        </test-method> <!-- launchbrowser -->
        <test-method retried="true" signature="addtoCard(java.lang.String,java.lang.String,java.lang.String,java.lang.String,java.lang.String)[pri:0, instance:bdd.AmazonProject1.TestCase5_LoginandAddtoCart@1d2adfbe]" started-at="2026-02-20T13:08:51 IST" name="addtoCard" data-provider="addToCartData" finished-at="2026-02-20T13:09:10 IST" duration-ms="19457" status="SKIP">
          <params>
            <param index="0">
              <value>
                <![CDATA[9704221424]]>
              </value>
            </param>
            <param index="1">
              <value>
                <![CDATA[Saniya@0209]]>
              </value>
            </param>
            <param index="2">
              <value>
                <![CDATA[Jackets]]>
              </value>
            </param>
            <param index="3">
              <value>
                <![CDATA[3]]>
              </value>
            </param>
            <param index="4">
              <value>
                <![CDATA[2]]>
              </value>
            </param>
          </params>
          <exception class="org.openqa.selenium.ElementClickInterceptedException">
            <message>
              <![CDATA[element click intercepted: Element <input id="add-to-cart-button" name="submit.add-to-cart" title="Add to Shopping Cart" data-hover="Select &lt;b&gt;__dims__&lt;/b&gt; from the left&lt;br&gt; to add to Shopping Cart" data-ref="" class="a-button-input" type="submit" formaction="/cart/add-to-cart/ref=dp_start-bbf_1_glance" value="Add to cart" aria-labelledby="submit.add-to-cart-announce"> is not clickable at point (1260, 563). Other element would receive the click: <a tabindex="0" role="option" href="javascript:void(0)" data-value="{&quot;stringVal&quot;:&quot;3&quot;}" aria-selected="false" id="quantity_2" class="a-dropdown-link">...</a>
  (Session info: chrome=145.0.7632.76)
Build info: version: '4.39.0', revision: '126f156aee'
System info: os.name: 'Windows 11', os.arch: 'amd64', os.version: '10.0', java.version: '21.0.7'
Driver info: org.openqa.selenium.chrome.ChromeDriver
Command: [42673d124ce878be782d609827f1a8c8, clickElement {id=f.39251F0E49454BAE0A58F26CF5A1453C.d.FAF7094155399FC51191CB52C87C4DFA.e.2927}]
Capabilities {acceptInsecureCerts: false, browserName: chrome, browserVersion: 145.0.7632.76, chrome: {chromedriverVersion: 145.0.7632.77 (da516187054a..., userDataDir: C:\Users\Mohsin\AppData\Loc...}, fedcm:accounts: true, goog:chromeOptions: {debuggerAddress: localhost:65515}, goog:processID: 17100, networkConnectionEnabled: false, pageLoadStrategy: normal, platformName: windows, proxy: Proxy(), se:cdp: ws://localhost:65515/devtoo..., se:cdpVersion: 145.0.7632.76, setWindowRect: true, strictFileInteractability: false, timeouts: {implicit: 0, pageLoad: 300000, script: 30000}, unhandledPromptBehavior: dismiss and notify, webauthn:extension:credBlob: true, webauthn:extension:largeBlob: true, webauthn:extension:minPinLength: true, webauthn:extension:prf: true, webauthn:virtualAuthenticators: true}
Element: [[ChromeDriver: chrome on windows (42673d124ce878be782d609827f1a8c8)] -> xpath: //input[@name='submit.add-to-cart']]
Session ID: 42673d124ce878be782d609827f1a8c8]]>
            </message>
            <full-stacktrace>
              <![CDATA[org.openqa.selenium.ElementClickInterceptedException: element click intercepted: Element <input id="add-to-cart-button" name="submit.add-to-cart" title="Add to Shopping Cart" data-hover="Select &lt;b&gt;__dims__&lt;/b&gt; from the left&lt;br&gt; to add to Shopping Cart" data-ref="" class="a-button-input" type="submit" formaction="/cart/add-to-cart/ref=dp_start-bbf_1_glance" value="Add to cart" aria-labelledby="submit.add-to-cart-announce"> is not clickable at point (1260, 563). Other element would receive the click: <a tabindex="0" role="option" href="javascript:void(0)" data-value="{&quot;stringVal&quot;:&quot;3&quot;}" aria-selected="false" id="quantity_2" class="a-dropdown-link">...</a>
  (Session info: chrome=145.0.7632.76)
Build info: version: '4.39.0', revision: '126f156aee'
System info: os.name: 'Windows 11', os.arch: 'amd64', os.version: '10.0', java.version: '21.0.7'
Driver info: org.openqa.selenium.chrome.ChromeDriver
Command: [42673d124ce878be782d609827f1a8c8, clickElement {id=f.39251F0E49454BAE0A58F26CF5A1453C.d.FAF7094155399FC51191CB52C87C4DFA.e.2927}]
Capabilities {acceptInsecureCerts: false, browserName: chrome, browserVersion: 145.0.7632.76, chrome: {chromedriverVersion: 145.0.7632.77 (da516187054a..., userDataDir: C:\Users\Mohsin\AppData\Loc...}, fedcm:accounts: true, goog:chromeOptions: {debuggerAddress: localhost:65515}, goog:processID: 17100, networkConnectionEnabled: false, pageLoadStrategy: normal, platformName: windows, proxy: Proxy(), se:cdp: ws://localhost:65515/devtoo..., se:cdpVersion: 145.0.7632.76, setWindowRect: true, strictFileInteractability: false, timeouts: {implicit: 0, pageLoad: 300000, script: 30000}, unhandledPromptBehavior: dismiss and notify, webauthn:extension:credBlob: true, webauthn:extension:largeBlob: true, webauthn:extension:minPinLength: true, webauthn:extension:prf: true, webauthn:virtualAuthenticators: true}
Element: [[ChromeDriver: chrome on windows (42673d124ce878be782d609827f1a8c8)] -> xpath: //input[@name='submit.add-to-cart']]
Session ID: 42673d124ce878be782d609827f1a8c8
at java.base/jdk.internal.reflect.DirectConstructorHandleAccessor.newInstance(DirectConstructorHandleAccessor.java:62)
at java.base/java.lang.reflect.Constructor.newInstanceWithCaller(Constructor.java:502)
at java.base/java.lang.reflect.Constructor.newInstance(Constructor.java:486)
at org.openqa.selenium.remote.ErrorCodec.decode(ErrorCodec.java:167)
at org.openqa.selenium.remote.codec.w3c.W3CHttpResponseCodec.decode(W3CHttpResponseCodec.java:142)
at org.openqa.selenium.remote.codec.w3c.W3CHttpResponseCodec.decode(W3CHttpResponseCodec.java:49)
at org.openqa.selenium.remote.HttpCommandExecutor.execute(HttpCommandExecutor.java:215)
at org.openqa.selenium.remote.service.DriverCommandExecutor.invokeExecute(DriverCommandExecutor.java:216)
at org.openqa.selenium.remote.service.DriverCommandExecutor.execute(DriverCommandExecutor.java:174)
at org.openqa.selenium.remote.RemoteWebDriver.execute(RemoteWebDriver.java:561)
at org.openqa.selenium.remote.RemoteWebElement.execute(RemoteWebElement.java:223)
at org.openqa.selenium.remote.RemoteWebElement.click(RemoteWebElement.java:76)
at java.base/jdk.internal.reflect.DirectMethodHandleAccessor.invoke(DirectMethodHandleAccessor.java:103)
at java.base/java.lang.reflect.Method.invoke(Method.java:580)
at org.openqa.selenium.support.pagefactory.internal.LocatingElementHandler.invoke(LocatingElementHandler.java:51)
at jdk.proxy2/jdk.proxy2.$Proxy13.click(Unknown Source)
at bdd.AmazonProject1.HomePage.clickOnaddtoCart(HomePage.java:172)
at bdd.AmazonProject1.TestCase5_LoginandAddtoCart.addtoCard(TestCase5_LoginandAddtoCart.java:41)
at java.base/jdk.internal.reflect.DirectMethodHandleAccessor.invoke(DirectMethodHandleAccessor.java:103)
at java.base/java.lang.reflect.Method.invoke(Method.java:580)
at org.testng.internal.invokers.MethodInvocationHelper.invokeMethod(MethodInvocationHelper.java:141)
at org.testng.internal.invokers.TestInvoker.invokeMethod(TestInvoker.java:687)
at org.testng.internal.invokers.TestInvoker.retryFailed(TestInvoker.java:269)
at org.testng.internal.invokers.MethodRunner.runInSequence(MethodRunner.java:76)
at org.testng.internal.invokers.TestInvoker$MethodInvocationAgent.invoke(TestInvoker.java:995)
at org.testng.internal.invokers.TestInvoker.invokeTestMethods(TestInvoker.java:203)
at org.testng.internal.invokers.TestMethodWorker.invokeTestMethods(TestMethodWorker.java:154)
at org.testng.internal.invokers.TestMethodWorker.run(TestMethodWorker.java:134)
at java.base/java.util.ArrayList.forEach(ArrayList.java:1596)
at org.testng.TestRunner.privateRun(TestRunner.java:741)
at org.testng.TestRunner.run(TestRunner.java:616)
at org.testng.SuiteRunner.runTest(SuiteRunner.java:421)
at org.testng.SuiteRunner.runSequentially(SuiteRunner.java:413)
at org.testng.SuiteRunner.privateRun(SuiteRunner.java:373)
at org.testng.SuiteRunner.run(SuiteRunner.java:312)
at org.testng.SuiteRunnerWorker.runSuite(SuiteRunnerWorker.java:52)
at org.testng.SuiteRunnerWorker.run(SuiteRunnerWorker.java:95)
at org.testng.TestNG.runSuitesSequentially(TestNG.java:1274)
at org.testng.TestNG.runSuitesLocally(TestNG.java:1208)
at org.testng.TestNG.runSuites(TestNG.java:1112)
at org.testng.TestNG.run(TestNG.java:1079)
at org.apache.maven.surefire.testng.TestNGExecutor.run(TestNGExecutor.java:308)
at org.apache.maven.surefire.testng.TestNGXmlTestSuite.execute(TestNGXmlTestSuite.java:71)
at org.apache.maven.surefire.testng.TestNGProvider.invoke(TestNGProvider.java:113)
at org.apache.maven.surefire.booter.ForkedBooter.runSuitesInProcess(ForkedBooter.java:385)
at org.apache.maven.surefire.booter.ForkedBooter.execute(ForkedBooter.java:162)
at org.apache.maven.surefire.booter.ForkedBooter.run(ForkedBooter.java:507)
at org.apache.maven.surefire.booter.ForkedBooter.main(ForkedBooter.java:495)
]]>
            </full-stacktrace>
          </exception> <!-- org.openqa.selenium.ElementClickInterceptedException -->
          <reporter-output>
            <line>
              <![CDATA[Browser Launched]]>
            </line>
            <line>
              <![CDATA[Mobile Number Entered]]>
            </line>
            <line>
              <![CDATA[Password Entered]]>
            </line>
            <line>
              <![CDATA[Succesfully Login to Amazon]]>
            </line>
            <line>
              <![CDATA[All items are displayed]]>
            </line>
          </reporter-output>
        </test-method> <!-- addtoCard -->
        <test-method is-config="true" signature="quitbrowser()[pri:0, instance:bdd.AmazonProject1.TestCase5_LoginandAddtoCart@1d2adfbe]" started-at="2026-02-20T13:09:10 IST" name="quitbrowser" finished-at="2026-02-20T13:09:11 IST" duration-ms="234" status="PASS">
          <reporter-output>
          </reporter-output>
        </test-method> <!-- quitbrowser -->
        <test-method is-config="true" signature="launchbrowser(java.lang.String,java.lang.String)[pri:0, instance:bdd.AmazonProject1.TestCase5_LoginandAddtoCart@1d2adfbe]" started-at="2026-02-20T13:09:11 IST" name="launchbrowser" finished-at="2026-02-20T13:09:12 IST" duration-ms="1622" status="PASS">
          <params>
            <param index="0">
              <value>
                <![CDATA[chrome]]>
              </value>
            </param>
            <param index="1">
              <value>
                <![CDATA[https://www.amazon.in/]]>
              </value>
            </param>
          </params>
          <reporter-output>
          </reporter-output>
        </test-method> <!-- launchbrowser -->
        <test-method signature="addtoCard(java.lang.String,java.lang.String,java.lang.String,java.lang.String,java.lang.String)[pri:0, instance:bdd.AmazonProject1.TestCase5_LoginandAddtoCart@1d2adfbe]" started-at="2026-02-20T13:09:12 IST" name="addtoCard" data-provider="addToCartData" finished-at="2026-02-20T13:09:25 IST" duration-ms="12355" status="FAIL">
          <params>
            <param index="0">
              <value>
                <![CDATA[9704221424]]>
              </value>
            </param>
            <param index="1">
              <value>
                <![CDATA[Saniya@0209]]>
              </value>
            </param>
            <param index="2">
              <value>
                <![CDATA[Jackets]]>
              </value>
            </param>
            <param index="3">
              <value>
                <![CDATA[3]]>
              </value>
            </param>
            <param index="4">
              <value>
                <![CDATA[2]]>
              </value>
            </param>
          </params>
          <exception class="java.lang.NullPointerException">
            <message>
              <![CDATA[Cannot invoke "org.openqa.selenium.WebDriver.getClass()" because "exceptionDriver" is null]]>
            </message>
            <full-stacktrace>
              <![CDATA[java.lang.NullPointerException: Cannot invoke "org.openqa.selenium.WebDriver.getClass()" because "exceptionDriver" is null
at org.openqa.selenium.support.ui.WebDriverWait.timeoutException(WebDriverWait.java:85)
at org.openqa.selenium.support.ui.FluentWait.until(FluentWait.java:228)
at bdd.AmazonProject1.HomePage.signinClick(HomePage.java:93)
at bdd.AmazonProject1.TestCase5_LoginandAddtoCart.addtoCard(TestCase5_LoginandAddtoCart.java:32)
at java.base/jdk.internal.reflect.DirectMethodHandleAccessor.invoke(DirectMethodHandleAccessor.java:103)
at java.base/java.lang.reflect.Method.invoke(Method.java:580)
at org.testng.internal.invokers.MethodInvocationHelper.invokeMethod(MethodInvocationHelper.java:141)
at org.testng.internal.invokers.TestInvoker.invokeMethod(TestInvoker.java:687)
at org.testng.internal.invokers.TestInvoker.retryFailed(TestInvoker.java:269)
at org.testng.internal.invokers.MethodRunner.runInSequence(MethodRunner.java:76)
at org.testng.internal.invokers.TestInvoker$MethodInvocationAgent.invoke(TestInvoker.java:995)
at org.testng.internal.invokers.TestInvoker.invokeTestMethods(TestInvoker.java:203)
at org.testng.internal.invokers.TestMethodWorker.invokeTestMethods(TestMethodWorker.java:154)
at org.testng.internal.invokers.TestMethodWorker.run(TestMethodWorker.java:134)
at java.base/java.util.ArrayList.forEach(ArrayList.java:1596)
at org.testng.TestRunner.privateRun(TestRunner.java:741)
at org.testng.TestRunner.run(TestRunner.java:616)
at org.testng.SuiteRunner.runTest(SuiteRunner.java:421)
at org.testng.SuiteRunner.runSequentially(SuiteRunner.java:413)
at org.testng.SuiteRunner.privateRun(SuiteRunner.java:373)
at org.testng.SuiteRunner.run(SuiteRunner.java:312)
at org.testng.SuiteRunnerWorker.runSuite(SuiteRunnerWorker.java:52)
at org.testng.SuiteRunnerWorker.run(SuiteRunnerWorker.java:95)
at org.testng.TestNG.runSuitesSequentially(TestNG.java:1274)
at org.testng.TestNG.runSuitesLocally(TestNG.java:1208)
at org.testng.TestNG.runSuites(TestNG.java:1112)
at org.testng.TestNG.run(TestNG.java:1079)
at org.apache.maven.surefire.testng.TestNGExecutor.run(TestNGExecutor.java:308)
at org.apache.maven.surefire.testng.TestNGXmlTestSuite.execute(TestNGXmlTestSuite.java:71)
at org.apache.maven.surefire.testng.TestNGProvider.invoke(TestNGProvider.java:113)
at org.apache.maven.surefire.booter.ForkedBooter.runSuitesInProcess(ForkedBooter.java:385)
at org.apache.maven.surefire.booter.ForkedBooter.execute(ForkedBooter.java:162)
at org.apache.maven.surefire.booter.ForkedBooter.run(ForkedBooter.java:507)
at org.apache.maven.surefire.booter.ForkedBooter.main(ForkedBooter.java:495)
]]>
            </full-stacktrace>
          </exception> <!-- java.lang.NullPointerException -->
          <reporter-output>
            <line>
              <![CDATA[Browser Launched]]>
            </line>
          </reporter-output>
        </test-method> <!-- addtoCard -->
        <test-method is-config="true" signature="quitbrowser()[pri:0, instance:bdd.AmazonProject1.TestCase5_LoginandAddtoCart@1d2adfbe]" started-at="2026-02-20T13:09:25 IST" name="quitbrowser" finished-at="2026-02-20T13:09:25 IST" duration-ms="200" status="PASS">
          <reporter-output>
          </reporter-output>
        </test-method> <!-- quitbrowser -->
      </class> <!-- bdd.AmazonProject1.TestCase5_LoginandAddtoCart -->
    </test> <!-- Regression Test1 -->
  </suite> <!-- Regression Suite -->
</testng-results>
