<?xml version="1.0" encoding="UTF-8"?>
<testsuite xmlns:xsi="http://www.w3.org/2001/XMLSchema-instance" xsi:noNamespaceSchemaLocation="https://maven.apache.org/surefire/maven-surefire-plugin/xsd/surefire-test-report.xsd" version="3.0.2" name="TestSuite" time="292.506" tests="14" errors="0" skipped="3" failures="1">
  <properties>
[...]
</properties>
  <testcase name="loginwithValidcredentials[6304188726, Saniya@1234](1)" classname="bdd.AmazonProject1.Testcase1_LoginToAmazon" time="6.797">
    <system-err><![CDATA[SLF4J(W): No SLF4J providers were found.
SLF4J(W): Defaulting to no-operation (NOP) logger implementation
SLF4J(W): See https://www.slf4j.org/codes.html#noProviders for further details.
ERROR StatusLogger Log4j2 could not find a logging implementation. Please add log4j-core to the classpath. Using SimpleLogger to log to the console...
Feb 20, 2026 1:05:50 PM org.openqa.selenium.devtools.CdpVersionFinder findNearestMatch
WARNING: Unable to find an exact match for CDP version 145, returning the closest version; found: 143; Please update to a Selenium version that supports CDP version 145
]]></system-err>
  </testcase>
  <testcase name="loginwithValidcredentials[9704221424, Saniya@0209](2)" classname="bdd.AmazonProject1.Testcase1_LoginToAmazon" time="0.0">
    <skipped message="Cannot invoke &quot;org.openqa.selenium.WebDriver.getClass()&quot; because &quot;exceptionDriver&quot; is null"/>
    <system-err><![CDATA[Feb 20, 2026 1:05:58 PM org.openqa.selenium.devtools.CdpVersionFinder findNearestMatch
WARNING: Unable to find an exact match for CDP version 145, returning the closest version; found: 143; Please update to a Selenium version that supports CDP version 145
]]></system-err>
  </testcase>
  <testcase name="loginwithValidcredentials[9704221424, Saniya@0209](3)" classname="bdd.AmazonProject1.Testcase1_LoginToAmazon" time="11.619">
    <system-err><![CDATA[Feb 20, 2026 1:06:12 PM org.openqa.selenium.devtools.CdpVersionFinder findNearestMatch
WARNING: Unable to find an exact match for CDP version 145, returning the closest version; found: 143; Please update to a Selenium version that supports CDP version 145
]]></system-err>
  </testcase>
  <testcase name="searchProduct[6304188726, Saniya@1234, Men shoe, 1](1)" classname="bdd.AmazonProject1.TestCase3_LoginandSearchProduct" time="15.686">
    <system-err><![CDATA[Feb 20, 2026 1:06:27 PM org.openqa.selenium.devtools.CdpVersionFinder findNearestMatch
WARNING: Unable to find an exact match for CDP version 145, returning the closest version; found: 143; Please update to a Selenium version that supports CDP version 145
]]></system-err>
  </testcase>
  <testcase name="searchProduct[9704221424, Saniya@0209, Mobiles, 3](2)" classname="bdd.AmazonProject1.TestCase3_LoginandSearchProduct" time="13.317">
    <system-err><![CDATA[Feb 20, 2026 1:06:49 PM org.openqa.selenium.devtools.CdpVersionFinder findNearestMatch
WARNING: Unable to find an exact match for CDP version 145, returning the closest version; found: 143; Please update to a Selenium version that supports CDP version 145
]]></system-err>
  </testcase>
  <testcase name="searchProduct[6304188726, Saniya@1234, Men shoe, 1](1)" classname="bdd.AmazonProject1.TestCase4_LoginAndSearchProductandLogout" time="20.514">
    <system-err><![CDATA[Feb 20, 2026 1:07:11 PM org.openqa.selenium.devtools.CdpVersionFinder findNearestMatch
WARNING: Unable to find an exact match for CDP version 145, returning the closest version; found: 143; Please update to a Selenium version that supports CDP version 145
]]></system-err>
  </testcase>
  <testcase name="searchProduct[9704221424, Saniya@0209, Mobiles, 3](2)" classname="bdd.AmazonProject1.TestCase4_LoginAndSearchProductandLogout" time="25.409">
    <system-err><![CDATA[Feb 20, 2026 1:07:34 PM org.openqa.selenium.devtools.CdpVersionFinder findNearestMatch
WARNING: Unable to find an exact match for CDP version 145, returning the closest version; found: 143; Please update to a Selenium version that supports CDP version 145
]]></system-err>
  </testcase>
  <testcase name="addtoCard[6304188726, Saniya@1234, Men shoe, 1, 4](1)" classname="bdd.AmazonProject1.TestCase5_LoginandAddtoCart" time="22.659">
    <system-err><![CDATA[Feb 20, 2026 1:08:01 PM org.openqa.selenium.devtools.CdpVersionFinder findNearestMatch
WARNING: Unable to find an exact match for CDP version 145, returning the closest version; found: 143; Please update to a Selenium version that supports CDP version 145
]]></system-err>
  </testcase>
  <testcase name="addtoCard[9704221424, Saniya@0209, Jackets, 3, 2](2)" classname="bdd.AmazonProject1.TestCase5_LoginandAddtoCart" time="0.0">
    <skipped message="element click intercepted: Element &lt;input id=&quot;add-to-cart-button&quot; name=&quot;submit.add-to-cart&quot; title=&quot;Add to Shopping Cart&quot; data-hover=&quot;Select &amp;lt;b&amp;gt;__dims__&amp;lt;/b&amp;gt; from the left&amp;lt;br&amp;gt; to add to Shopping Cart&quot; data-ref=&quot;&quot; class=&quot;a-button-input&quot; type=&quot;submit&quot; formaction=&quot;/cart/add-to-cart/ref=dp_start-bbf_1_glance&quot; value=&quot;Add to cart&quot; aria-labelledby=&quot;submit.add-to-cart-announce&quot;&gt; is not clickable at point (1260, 539). Other element would receive the click: &lt;a tabindex=&quot;0&quot; role=&quot;option&quot; href=&quot;javascript:void(0)&quot; data-value=&quot;{&amp;quot;stringVal&amp;quot;:&amp;quot;3&amp;quot;}&quot; aria-selected=&quot;false&quot; id=&quot;quantity_2&quot; class=&quot;a-dropdown-link&quot;&gt;...&lt;/a&gt;&#10;  (Session info: chrome=145.0.7632.76)&#10;Build info: version: &apos;4.39.0&apos;, revision: &apos;126f156aee&apos;&#10;System info: os.name: &apos;Windows 11&apos;, os.arch: &apos;amd64&apos;, os.version: &apos;10.0&apos;, java.version: &apos;21.0.7&apos;&#10;Driver info: org.openqa.selenium.chrome.ChromeDriver&#10;Command: [aba33f5922d41338e8ab9c13983dec4b, clickElement {id=f.6FA55138AB0EF0D2C8741B33B2688B74.d.83AAFCBF7022652D112A934D2BA6610A.e.2593}]&#10;Capabilities {acceptInsecureCerts: false, browserName: chrome, browserVersion: 145.0.7632.76, chrome: {chromedriverVersion: 145.0.7632.77 (da516187054a..., userDataDir: C:\Users\Mohsin\AppData\Loc...}, fedcm:accounts: true, goog:chromeOptions: {debuggerAddress: localhost:64461}, goog:processID: 24160, networkConnectionEnabled: false, pageLoadStrategy: normal, platformName: windows, proxy: Proxy(), se:cdp: ws://localhost:64461/devtoo..., se:cdpVersion: 145.0.7632.76, setWindowRect: true, strictFileInteractability: false, timeouts: {implicit: 0, pageLoad: 300000, script: 30000}, unhandledPromptBehavior: dismiss and notify, webauthn:extension:credBlob: true, webauthn:extension:largeBlob: true, webauthn:extension:minPinLength: true, webauthn:extension:prf: true, webauthn:virtualAuthenticators: true}&#10;Element: [[ChromeDriver: chrome on windows (aba33f5922d41338e8ab9c13983dec4b)] -&gt; xpath: //input[@name=&apos;submit.add-to-cart&apos;]]&#10;Session ID: aba33f5922d41338e8ab9c13983dec4b"/>
    <system-err><![CDATA[Feb 20, 2026 1:08:27 PM org.openqa.selenium.devtools.CdpVersionFinder findNearestMatch
WARNING: Unable to find an exact match for CDP version 145, returning the closest version; found: 143; Please update to a Selenium version that supports CDP version 145
]]></system-err>
  </testcase>
  <testcase name="addtoCard[9704221424, Saniya@0209, Jackets, 3, 2](3)" classname="bdd.AmazonProject1.TestCase5_LoginandAddtoCart" time="0.0">
    <skipped message="element click intercepted: Element &lt;input id=&quot;add-to-cart-button&quot; name=&quot;submit.add-to-cart&quot; title=&quot;Add to Shopping Cart&quot; data-hover=&quot;Select &amp;lt;b&amp;gt;__dims__&amp;lt;/b&amp;gt; from the left&amp;lt;br&amp;gt; to add to Shopping Cart&quot; data-ref=&quot;&quot; class=&quot;a-button-input&quot; type=&quot;submit&quot; formaction=&quot;/cart/add-to-cart/ref=dp_start-bbf_1_glance&quot; value=&quot;Add to cart&quot; aria-labelledby=&quot;submit.add-to-cart-announce&quot;&gt; is not clickable at point (1260, 563). Other element would receive the click: &lt;a tabindex=&quot;0&quot; role=&quot;option&quot; href=&quot;javascript:void(0)&quot; data-value=&quot;{&amp;quot;stringVal&amp;quot;:&amp;quot;3&amp;quot;}&quot; aria-selected=&quot;false&quot; id=&quot;quantity_2&quot; class=&quot;a-dropdown-link&quot;&gt;...&lt;/a&gt;&#10;  (Session info: chrome=145.0.7632.76)&#10;Build info: version: &apos;4.39.0&apos;, revision: &apos;126f156aee&apos;&#10;System info: os.name: &apos;Windows 11&apos;, os.arch: &apos;amd64&apos;, os.version: &apos;10.0&apos;, java.version: &apos;21.0.7&apos;&#10;Driver info: org.openqa.selenium.chrome.ChromeDriver&#10;Command: [42673d124ce878be782d609827f1a8c8, clickElement {id=f.39251F0E49454BAE0A58F26CF5A1453C.d.FAF7094155399FC51191CB52C87C4DFA.e.2927}]&#10;Capabilities {acceptInsecureCerts: false, browserName: chrome, browserVersion: 145.0.7632.76, chrome: {chromedriverVersion: 145.0.7632.77 (da516187054a..., userDataDir: C:\Users\Mohsin\AppData\Loc...}, fedcm:accounts: true, goog:chromeOptions: {debuggerAddress: localhost:65515}, goog:processID: 17100, networkConnectionEnabled: false, pageLoadStrategy: normal, platformName: windows, proxy: Proxy(), se:cdp: ws://localhost:65515/devtoo..., se:cdpVersion: 145.0.7632.76, setWindowRect: true, strictFileInteractability: false, timeouts: {implicit: 0, pageLoad: 300000, script: 30000}, unhandledPromptBehavior: dismiss and notify, webauthn:extension:credBlob: true, webauthn:extension:largeBlob: true, webauthn:extension:minPinLength: true, webauthn:extension:prf: true, webauthn:virtualAuthenticators: true}&#10;Element: [[ChromeDriver: chrome on windows (42673d124ce878be782d609827f1a8c8)] -&gt; xpath: //input[@name=&apos;submit.add-to-cart&apos;]]&#10;Session ID: 42673d124ce878be782d609827f1a8c8"/>
    <system-err><![CDATA[Feb 20, 2026 1:08:50 PM org.openqa.selenium.devtools.CdpVersionFinder findNearestMatch
WARNING: Unable to find an exact match for CDP version 145, returning the closest version; found: 143; Please update to a Selenium version that supports CDP version 145
]]></system-err>
  </testcase>
  <testcase name="addtoCard[9704221424, Saniya@0209, Jackets, 3, 2](4)" classname="bdd.AmazonProject1.TestCase5_LoginandAddtoCart" time="12.356">
    <failure message="Cannot invoke &quot;org.openqa.selenium.WebDriver.getClass()&quot; because &quot;exceptionDriver&quot; is null" type="java.lang.NullPointerException"><![CDATA[java.lang.NullPointerException: Cannot invoke "org.openqa.selenium.WebDriver.getClass()" because "exceptionDriver" is null
	at org.openqa.selenium.support.ui.WebDriverWait.timeoutException(WebDriverWait.java:85)
	at org.openqa.selenium.support.ui.FluentWait.until(FluentWait.java:228)
	at bdd.AmazonProject1.HomePage.signinClick(HomePage.java:93)
	at bdd.AmazonProject1.TestCase5_LoginandAddtoCart.addtoCard(TestCase5_LoginandAddtoCart.java:32)
	at java.base/jdk.internal.reflect.DirectMethodHandleAccessor.invoke(DirectMethodHandleAccessor.java:103)
	at java.base/java.lang.reflect.Method.invoke(Method.java:580)
	at org.testng.internal.invokers.MethodInvocationHelper.invokeMethod(MethodInvocationHelper.java:141)
	at org.testng.internal.invokers.TestInvoker.invokeMethod(TestInvoker.java:687)
	at org.testng.internal.invokers.TestInvoker.retryFailed(TestInvoker.java:269)
	at org.testng.internal.invokers.MethodRunner.runInSequence(MethodRunner.java:76)
	at org.testng.internal.invokers.TestInvoker$MethodInvocationAgent.invoke(TestInvoker.java:995)
	at org.testng.internal.invokers.TestInvoker.invokeTestMethods(TestInvoker.java:203)
	at org.testng.internal.invokers.TestMethodWorker.invokeTestMethods(TestMethodWorker.java:154)
	at org.testng.internal.invokers.TestMethodWorker.run(TestMethodWorker.java:134)
	at java.base/java.util.ArrayList.forEach(ArrayList.java:1596)
	at org.testng.TestRunner.privateRun(TestRunner.java:741)
	at org.testng.TestRunner.run(TestRunner.java:616)
	at org.testng.SuiteRunner.runTest(SuiteRunner.java:421)
	at org.testng.SuiteRunner.runSequentially(SuiteRunner.java:413)
	at org.testng.SuiteRunner.privateRun(SuiteRunner.java:373)
	at org.testng.SuiteRunner.run(SuiteRunner.java:312)
	at org.testng.SuiteRunnerWorker.runSuite(SuiteRunnerWorker.java:52)
	at org.testng.SuiteRunnerWorker.run(SuiteRunnerWorker.java:95)
	at org.testng.TestNG.runSuitesSequentially(TestNG.java:1274)
	at org.testng.TestNG.runSuitesLocally(TestNG.java:1208)
	at org.testng.TestNG.runSuites(TestNG.java:1112)
	at org.testng.TestNG.run(TestNG.java:1079)
	at org.apache.maven.surefire.testng.TestNGExecutor.run(TestNGExecutor.java:308)
	at org.apache.maven.surefire.testng.TestNGXmlTestSuite.execute(TestNGXmlTestSuite.java:71)
	at org.apache.maven.surefire.testng.TestNGProvider.invoke(TestNGProvider.java:113)
	at org.apache.maven.surefire.booter.ForkedBooter.runSuitesInProcess(ForkedBooter.java:385)
	at org.apache.maven.surefire.booter.ForkedBooter.execute(ForkedBooter.java:162)
	at org.apache.maven.surefire.booter.ForkedBooter.run(ForkedBooter.java:507)
	at org.apache.maven.surefire.booter.ForkedBooter.main(ForkedBooter.java:495)
]]></failure>
    <system-err><![CDATA[Feb 20, 2026 1:09:11 PM org.openqa.selenium.devtools.CdpVersionFinder findNearestMatch
WARNING: Unable to find an exact match for CDP version 145, returning the closest version; found: 143; Please update to a Selenium version that supports CDP version 145
]]></system-err>
  </testcase>
  <testcase name="checkoutpaymeent[6304188726, Saniya@1234, Men shoe, 1, 4](1)" classname="bdd.AmazonProject1.TestCase9_LoginAndPayment" time="47.282">
    <system-err><![CDATA[Feb 20, 2026 1:09:26 PM org.openqa.selenium.devtools.CdpVersionFinder findNearestMatch
WARNING: Unable to find an exact match for CDP version 145, returning the closest version; found: 143; Please update to a Selenium version that supports CDP version 145
]]></system-err>
  </testcase>
  <testcase name="logoutToAmazon[6304188726, Saniya@1234](1)" classname="bdd.AmazonProject1.Testcase2_LoginAndlogout" time="9.767">
    <system-err><![CDATA[Feb 20, 2026 1:10:15 PM org.openqa.selenium.devtools.CdpVersionFinder findNearestMatch
WARNING: Unable to find an exact match for CDP version 145, returning the closest version; found: 143; Please update to a Selenium version that supports CDP version 145
]]></system-err>
  </testcase>
  <testcase name="logoutToAmazon[9704221424, Saniya@0209](2)" classname="bdd.AmazonProject1.Testcase2_LoginAndlogout" time="12.227">
    <system-err><![CDATA[Feb 20, 2026 1:10:27 PM org.openqa.selenium.devtools.CdpVersionFinder findNearestMatch
WARNING: Unable to find an exact match for CDP version 145, returning the closest version; found: 143; Please update to a Selenium version that supports CDP version 145
]]></system-err>
  </testcase>
</testsuite>