<?xml version="1.0" encoding="UTF-8"?>
<testsuite xmlns:xsi="http://www.w3.org/2001/XMLSchema-instance" xsi:noNamespaceSchemaLocation="https://maven.apache.org/surefire/maven-surefire-plugin/xsd/surefire-test-report.xsd" version="3.0.2" name="TestSuite" time="410.802" tests="14" errors="0" skipped="0" failures="0">
  <properties>
[...]
</properties>
  <testcase name="loginwithValidcredentials[6304188726, Saniya@1234](1)" classname="bdd.AmazonProject1.Testcase1_LoginToAmazon" time="10.695">
    <system-err><![CDATA[SLF4J(W): No SLF4J providers were found.
SLF4J(W): Defaulting to no-operation (NOP) logger implementation
SLF4J(W): See https://www.slf4j.org/codes.html#noProviders for further details.
ERROR StatusLogger Log4j2 could not find a logging implementation. Please add log4j-core to the classpath. Using SimpleLogger to log to the console...
Jan 31, 2026 7:36:17 PM org.openqa.selenium.devtools.CdpVersionFinder findNearestMatch
WARNING: Unable to find an exact match for CDP version 144, returning the closest version; found: 143; Please update to a Selenium version that supports CDP version 144
]]></system-err>
  </testcase>
  <testcase name="loginwithValidcredentials[9704221424, Saniya@0209](2)" classname="bdd.AmazonProject1.Testcase1_LoginToAmazon" time="8.024">
    <system-err><![CDATA[Jan 31, 2026 7:36:32 PM org.openqa.selenium.devtools.CdpVersionFinder findNearestMatch
WARNING: Unable to find an exact match for CDP version 144, returning the closest version; found: 143; Please update to a Selenium version that supports CDP version 144
]]></system-err>
  </testcase>
  <testcase name="logoutToAmazon[6304188726, Saniya@1234](1)" classname="bdd.AmazonProject1.Testcase2_LoginAndlogout" time="9.669">
    <system-err><![CDATA[Jan 31, 2026 7:37:03 PM org.openqa.selenium.devtools.CdpVersionFinder findNearestMatch
WARNING: Unable to find an exact match for CDP version 144, returning the closest version; found: 143; Please update to a Selenium version that supports CDP version 144
]]></system-err>
  </testcase>
  <testcase name="logoutToAmazon[9704221424, Saniya@0209](2)" classname="bdd.AmazonProject1.Testcase2_LoginAndlogout" time="28.144">
    <system-err><![CDATA[Jan 31, 2026 7:37:16 PM org.openqa.selenium.devtools.CdpVersionFinder findNearestMatch
WARNING: Unable to find an exact match for CDP version 144, returning the closest version; found: 143; Please update to a Selenium version that supports CDP version 144
]]></system-err>
  </testcase>
  <testcase name="searchProduct[6304188726, Saniya@1234, Men shoe, 1](1)" classname="bdd.AmazonProject1.TestCase3_LoginandSearchProduct" time="12.287">
    <system-err><![CDATA[Jan 31, 2026 7:38:18 PM org.openqa.selenium.devtools.CdpVersionFinder findNearestMatch
WARNING: Unable to find an exact match for CDP version 144, returning the closest version; found: 143; Please update to a Selenium version that supports CDP version 144
]]></system-err>
  </testcase>
  <testcase name="searchProduct[9704221424, Saniya@0209, Mobiles, 3](2)" classname="bdd.AmazonProject1.TestCase3_LoginandSearchProduct" time="13.449">
    <system-err><![CDATA[Jan 31, 2026 7:38:39 PM org.openqa.selenium.devtools.CdpVersionFinder findNearestMatch
WARNING: Unable to find an exact match for CDP version 144, returning the closest version; found: 143; Please update to a Selenium version that supports CDP version 144
]]></system-err>
  </testcase>
  <testcase name="searchProduct[6304188726, Saniya@1234, Men shoe, 1](1)" classname="bdd.AmazonProject1.TestCase4_LoginAndSearchProductandLogout" time="21.139">
    <system-err><![CDATA[Jan 31, 2026 7:39:01 PM org.openqa.selenium.devtools.CdpVersionFinder findNearestMatch
WARNING: Unable to find an exact match for CDP version 144, returning the closest version; found: 143; Please update to a Selenium version that supports CDP version 144
]]></system-err>
  </testcase>
  <testcase name="searchProduct[9704221424, Saniya@0209, Mobiles, 3](2)" classname="bdd.AmazonProject1.TestCase4_LoginAndSearchProductandLogout" time="20.896">
    <system-err><![CDATA[Jan 31, 2026 7:39:25 PM org.openqa.selenium.devtools.CdpVersionFinder findNearestMatch
WARNING: Unable to find an exact match for CDP version 144, returning the closest version; found: 143; Please update to a Selenium version that supports CDP version 144
]]></system-err>
  </testcase>
  <testcase name="addtoCard[6304188726, Saniya@1234, Men shoe, 1, 4](1)" classname="bdd.AmazonProject1.TestCase5_LoginandAddtoCart" time="21.96">
    <system-err><![CDATA[Jan 31, 2026 7:39:49 PM org.openqa.selenium.devtools.CdpVersionFinder findNearestMatch
WARNING: Unable to find an exact match for CDP version 144, returning the closest version; found: 143; Please update to a Selenium version that supports CDP version 144
]]></system-err>
  </testcase>
  <testcase name="addtoCard[9704221424, Saniya@0209, Jackets, 3, 2](2)" classname="bdd.AmazonProject1.TestCase5_LoginandAddtoCart" time="36.971">
    <system-err><![CDATA[Jan 31, 2026 7:40:14 PM org.openqa.selenium.devtools.CdpVersionFinder findNearestMatch
WARNING: Unable to find an exact match for CDP version 144, returning the closest version; found: 143; Please update to a Selenium version that supports CDP version 144
]]></system-err>
  </testcase>
  <testcase name="RemoveCartItem[6304188726, Saniya@1234, Men shoe, 1, 4](1)" classname="bdd.AmazonProject1.TestCase6_LoginAndRemoveCartItems" time="28.698">
    <system-err><![CDATA[Jan 31, 2026 7:40:54 PM org.openqa.selenium.devtools.CdpVersionFinder findNearestMatch
WARNING: Unable to find an exact match for CDP version 144, returning the closest version; found: 143; Please update to a Selenium version that supports CDP version 144
]]></system-err>
  </testcase>
  <testcase name="RemoveCartItem[9704221424, Saniya@0209, Jackets, 3, 2](2)" classname="bdd.AmazonProject1.TestCase6_LoginAndRemoveCartItems" time="28.146">
    <system-err><![CDATA[Jan 31, 2026 7:41:25 PM org.openqa.selenium.devtools.CdpVersionFinder findNearestMatch
WARNING: Unable to find an exact match for CDP version 144, returning the closest version; found: 143; Please update to a Selenium version that supports CDP version 144
]]></system-err>
  </testcase>
  <testcase name="addedCartItem[6304188726, Saniya@1234, Men shoe, 1, 4](1)" classname="bdd.AmazonProject1.TestCase7_LoginAndIncreaseCartItems" time="29.147">
    <system-err><![CDATA[Jan 31, 2026 7:41:56 PM org.openqa.selenium.devtools.CdpVersionFinder findNearestMatch
WARNING: Unable to find an exact match for CDP version 144, returning the closest version; found: 143; Please update to a Selenium version that supports CDP version 144
]]></system-err>
  </testcase>
  <testcase name="addedCartItem[9704221424, Saniya@0209, Jackets, 3, 2](2)" classname="bdd.AmazonProject1.TestCase7_LoginAndIncreaseCartItems" time="33.176">
    <system-err><![CDATA[Jan 31, 2026 7:42:29 PM org.openqa.selenium.devtools.CdpVersionFinder findNearestMatch
WARNING: Unable to find an exact match for CDP version 144, returning the closest version; found: 143; Please update to a Selenium version that supports CDP version 144
]]></system-err>
  </testcase>
</testsuite>