<?xml version="1.0" encoding="UTF-8"?>
<!-- Generated by org.testng.reporters.JUnitXMLReporter -->
<testsuite ignored="0" hostname="LAPTOP-UHB9RVKR" failures="0" tests="5" name="Test With Edge" time="117.236" errors="0" timestamp="2026-01-23T22:08:04 IST">
  <testcase classname="bdd.AmazonProject1.Testcase1_LoginToAmazon" name="loginwithValidcredentials" time="5.472">
    <skipped/>
  </testcase> <!-- loginwithValidcredentials -->
  <testcase classname="bdd.AmazonProject1.Testcase1_LoginToAmazon" name="loginwithValidcredentials" time="12.539"/>
  <testcase classname="bdd.AmazonProject1.TestCase3_LoginandSearchProduct" name="searchProduct" time="36.263"/>
  <testcase classname="bdd.AmazonProject1.TestCase4_LoginAndSearchProductandLogout" name="searchProduct" time="25.672"/>
  <testcase classname="bdd.AmazonProject1.Testcase2_LoginAndlogout" name="logoutToAmazon" time="19.581"/>
</testsuite> <!-- Test With Edge -->
