<?xml version="1.0" encoding="UTF-8"?>
<testng-results ignored="0" total="1" passed="1" failed="0" skipped="0">
  <reporter-output>
    <line>
      <![CDATA[Browser Launched]]>
    </line>
    <line>
      <![CDATA[Mobile Number Entered]]>
    </line>
    <line>
      <![CDATA[Password Entered]]>
    </line>
    <line>
      <![CDATA[Succesfully Login to Amazon]]>
    </line>
  </reporter-output>
  <suite started-at="2026-02-17T14:24:39 IST" name="Suite5" finished-at="2026-02-17T14:25:00 IST" duration-ms="21213">
    <groups>
    </groups>
    <test started-at="2026-02-17T14:24:39 IST" name="Test5" finished-at="2026-02-17T14:25:00 IST" duration-ms="21213">
      <class name="bdd.AmazonProject1.TestCase8_LoginAndNavigateElectronic">
        <test-method is-config="true" signature="launchbrowser(java.lang.String,java.lang.String)[pri:0, instance:bdd.AmazonProject1.TestCase8_LoginAndNavigateElectronic@54d9d12d]" started-at="2026-02-17T14:24:39 IST" name="launchbrowser" finished-at="2026-02-17T14:24:42 IST" duration-ms="2654" status="PASS">
          <params>
            <param index="0">
              <value>
                <![CDATA[chrome]]>
              </value>
            </param>
            <param index="1">
              <value>
                <![CDATA[https://www.amazon.in/]]>
              </value>
            </param>
          </params>
          <reporter-output>
          </reporter-output>
        </test-method> <!-- launchbrowser -->
        <test-method signature="searchElectronics(java.lang.String,java.lang.String,java.lang.String,java.lang.String)[pri:0, instance:bdd.AmazonProject1.TestCase8_LoginAndNavigateElectronic@54d9d12d]" started-at="2026-02-17T14:24:42 IST" name="searchElectronics" data-provider="ProductsData" finished-at="2026-02-17T14:24:59 IST" duration-ms="17454" status="PASS">
          <params>
            <param index="0">
              <value>
                <![CDATA[9704221424]]>
              </value>
            </param>
            <param index="1">
              <value>
                <![CDATA[Saniya@0209]]>
              </value>
            </param>
            <param index="2">
              <value>
                <![CDATA[Mobiles]]>
              </value>
            </param>
            <param index="3">
              <value>
                <![CDATA[Smartphones & Basic Mobiles]]>
              </value>
            </param>
          </params>
          <reporter-output>
            <line>
              <![CDATA[Browser Launched]]>
            </line>
            <line>
              <![CDATA[Mobile Number Entered]]>
            </line>
            <line>
              <![CDATA[Password Entered]]>
            </line>
            <line>
              <![CDATA[Succesfully Login to Amazon]]>
            </line>
          </reporter-output>
        </test-method> <!-- searchElectronics -->
        <test-method is-config="true" signature="quitbrowser()[pri:0, instance:bdd.AmazonProject1.TestCase8_LoginAndNavigateElectronic@54d9d12d]" started-at="2026-02-17T14:25:00 IST" name="quitbrowser" finished-at="2026-02-17T14:25:00 IST" duration-ms="259" status="PASS">
          <reporter-output>
          </reporter-output>
        </test-method> <!-- quitbrowser -->
      </class> <!-- bdd.AmazonProject1.TestCase8_LoginAndNavigateElectronic -->
    </test> <!-- Test5 -->
  </suite> <!-- Suite5 -->
</testng-results>
