<?xml version="1.0" encoding="UTF-8"?>
<!-- Generated by org.testng.reporters.JUnitReportReporter -->
<testsuite hostname="LAPTOP-UHB9RVKR" failures="0" tests="1" name="bdd.AmazonProject1.TestCase8_LoginAndNavigateElectronic" time="24.937" errors="0" timestamp="2026-01-31T21:31:26 IST" skipped="0">
  <testcase classname="bdd.AmazonProject1.TestCase8_LoginAndNavigateElectronic" name="searchElectronics" time="24.937">
    <system-out>
      <![CDATA[Browser Launched
Mobile Number Entered
Password Entered
Succesfully Login to Amazon]]>
    </system-out>
  </testcase> <!-- searchElectronics -->
  <system-out>
    <![CDATA[Browser Launched
Mobile Number Entered
Password Entered
Succesfully Login to Amazon]]>
  </system-out>
</testsuite> <!-- bdd.AmazonProject1.TestCase8_LoginAndNavigateElectronic -->
