<?xml version="1.0" encoding="UTF-8"?>
<!-- Generated by org.testng.reporters.JUnitReportReporter -->
<testsuite hostname="LAPTOP-UHB9RVKR" failures="0" tests="2" name="bdd.AmazonProject1.Testcase1_LoginToAmazon2" time="24.534" errors="0" timestamp="2026-01-22T21:03:41 IST" skipped="1">
  <testcase classname="bdd.AmazonProject1.Testcase1_LoginToAmazon2" name="loginwithValidcredentials" time="9.284">
    <system-out>
      <![CDATA[Mobile Number Entered
Password Entered
Succesfully Login to Amazon]]>
    </system-out>
  </testcase> <!-- loginwithValidcredentials -->
  <testcase classname="bdd.AmazonProject1.Testcase1_LoginToAmazon2" name="loginwithValidcredentials" time="15.250">
    <skipped/>
  </testcase> <!-- loginwithValidcredentials -->
  <system-out>
    <![CDATA[Chrome Browser Launched
Mobile Number Entered
Password Entered
Succesfully Login to Amazon
Chrome Browser Launched
Chrome Browser Launched
Mobile Number Entered
Password Entered
Succesfully Login to Amazon
Edge Browser Launched
Mobile Number Entered
Password Entered
Succesfully Login to Amazon]]>
  </system-out>
</testsuite> <!-- bdd.AmazonProject1.Testcase1_LoginToAmazon2 -->
