<?xml version="1.0" encoding="UTF-8"?>
<!-- Generated by org.testng.reporters.JUnitReportReporter -->
<testsuite hostname="LAPTOP-UHB9RVKR" failures="0" tests="1" name="bdd.AmazonProject1.Testcase2_LoginAndlogout" time="0.000" errors="0" timestamp="2026-02-15T14:28:36 IST" skipped="1">
  <testcase classname="bdd.AmazonProject1.Testcase2_LoginAndlogout" name="logoutToAmazon" time="0.000">
    <skipped/>
  </testcase> <!-- logoutToAmazon -->
</testsuite> <!-- bdd.AmazonProject1.Testcase2_LoginAndlogout -->
