<?xml version="1.0" encoding="UTF-8"?>
<!-- Generated by org.testng.reporters.JUnitReportReporter -->
<testsuite hostname="LAPTOP-UHB9RVKR" failures="0" tests="2" name="bdd.AmazonProject1.Testcase1_LoginToAmazon" time="46.989" errors="0" timestamp="2026-01-31T19:43:04 IST" skipped="0">
  <testcase classname="bdd.AmazonProject1.Testcase1_LoginToAmazon" name="loginwithValidcredentials" time="16.148">
    <system-out>
      <![CDATA[Mobile Number Entered
Password Entered
Succesfully Login to Amazon]]>
    </system-out>
  </testcase> <!-- loginwithValidcredentials -->
  <testcase classname="bdd.AmazonProject1.Testcase1_LoginToAmazon" name="loginwithValidcredentials" time="30.841">
    <system-out>
      <![CDATA[Mobile Number Entered
Password Entered
Succesfully Login to Amazon]]>
    </system-out>
  </testcase> <!-- loginwithValidcredentials -->
  <system-out>
    <![CDATA[Mobile Number Entered
Password Entered
Succesfully Login to Amazon
Mobile Number Entered
Password Entered
Succesfully Login to Amazon
Mobile Number Entered
Password Entered
Succesfully Login to Amazon
Mobile Number Entered
Password Entered
Succesfully Login to Amazon
Mobile Number Entered
Password Entered
Succesfully Login to Amazon
All items are displayed
Mobile Number Entered
Password Entered
Succesfully Login to Amazon
All items are displayed
Mobile Number Entered
Password Entered
Succesfully Login to Amazon
All items are displayed
Mobile Number Entered
Password Entered
Succesfully Login to Amazon
All items are displayed
Browser Launched
Mobile Number Entered
Password Entered
Succesfully Login to Amazon
All items are displayed
Clicked on Add to cart button
Browser Launched
Mobile Number Entered
Password Entered
Succesfully Login to Amazon
All items are displayed
Clicked on Add to cart button
Browser Launched
Mobile Number Entered
Password Entered
Succesfully Login to Amazon
All items are displayed
Clicked on Add to cart button
Items are  available in cart page
Browser Launched
Mobile Number Entered
Password Entered
Succesfully Login to Amazon
All items are displayed
Clicked on Add to cart button
Items are  available in cart page
Browser Launched
Mobile Number Entered
Password Entered
Succesfully Login to Amazon
All items are displayed
Clicked on Add to cart button
Items are  available in cart page
Browser Launched
Mobile Number Entered
Password Entered
Succesfully Login to Amazon
All items are displayed
Clicked on Add to cart button
Items are  available in cart page]]>
  </system-out>
</testsuite> <!-- bdd.AmazonProject1.Testcase1_LoginToAmazon -->
