<?xml version="1.0" encoding="UTF-8"?>
<!-- Generated by org.testng.reporters.JUnitReportReporter -->
<testsuite hostname="LAPTOP-UHB9RVKR" failures="0" tests="2" name="bdd.AmazonProject1.TestCase5_LoginandAddtoCart" time="63.840" errors="0" timestamp="2026-01-31T19:43:04 IST" skipped="0">
  <testcase classname="bdd.AmazonProject1.TestCase5_LoginandAddtoCart" name="addtoCard" time="39.376">
    <system-out>
      <![CDATA[Browser Launched
Mobile Number Entered
Password Entered
Succesfully Login to Amazon
All items are displayed
Clicked on Add to cart button]]>
    </system-out>
  </testcase> <!-- addtoCard -->
  <testcase classname="bdd.AmazonProject1.TestCase5_LoginandAddtoCart" name="addtoCard" time="24.464">
    <system-out>
      <![CDATA[Browser Launched
Mobile Number Entered
Password Entered
Succesfully Login to Amazon
All items are displayed
Clicked on Add to cart button]]>
    </system-out>
  </testcase> <!-- addtoCard -->
  <system-out>
    <![CDATA[Mobile Number Entered
Password Entered
Succesfully Login to Amazon
Mobile Number Entered
Password Entered
Succesfully Login to Amazon
Mobile Number Entered
Password Entered
Succesfully Login to Amazon
Mobile Number Entered
Password Entered
Succesfully Login to Amazon
Mobile Number Entered
Password Entered
Succesfully Login to Amazon
All items are displayed
Mobile Number Entered
Password Entered
Succesfully Login to Amazon
All items are displayed
Mobile Number Entered
Password Entered
Succesfully Login to Amazon
All items are displayed
Mobile Number Entered
Password Entered
Succesfully Login to Amazon
All items are displayed
Browser Launched
Mobile Number Entered
Password Entered
Succesfully Login to Amazon
All items are displayed
Clicked on Add to cart button
Browser Launched
Mobile Number Entered
Password Entered
Succesfully Login to Amazon
All items are displayed
Clicked on Add to cart button
Browser Launched
Mobile Number Entered
Password Entered
Succesfully Login to Amazon
All items are displayed
Clicked on Add to cart button
Items are  available in cart page
Browser Launched
Mobile Number Entered
Password Entered
Succesfully Login to Amazon
All items are displayed
Clicked on Add to cart button
Items are  available in cart page
Browser Launched
Mobile Number Entered
Password Entered
Succesfully Login to Amazon
All items are displayed
Clicked on Add to cart button
Items are  available in cart page
Browser Launched
Mobile Number Entered
Password Entered
Succesfully Login to Amazon
All items are displayed
Clicked on Add to cart button
Items are  available in cart page]]>
  </system-out>
</testsuite> <!-- bdd.AmazonProject1.TestCase5_LoginandAddtoCart -->
