<?xml version="1.0" encoding="UTF-8"?>
<!-- Generated by org.testng.reporters.JUnitReportReporter -->
<testsuite hostname="LAPTOP-UHB9RVKR" failures="0" tests="2" name="bdd.AmazonProject1.TestCase4_LoginAndSearchProductandLogout" time="48.107" errors="0" timestamp="2026-01-31T19:43:04 IST" skipped="0">
  <testcase classname="bdd.AmazonProject1.TestCase4_LoginAndSearchProductandLogout" name="searchProduct" time="23.270">
    <system-out>
      <![CDATA[Mobile Number Entered
Password Entered
Succesfully Login to Amazon
All items are displayed]]>
    </system-out>
  </testcase> <!-- searchProduct -->
  <testcase classname="bdd.AmazonProject1.TestCase4_LoginAndSearchProductandLogout" name="searchProduct" time="24.837">
    <system-out>
      <![CDATA[Mobile Number Entered
Password Entered
Succesfully Login to Amazon
All items are displayed]]>
    </system-out>
  </testcase> <!-- searchProduct -->
  <system-out>
    <![CDATA[Mobile Number Entered
Password Entered
Succesfully Login to Amazon
Mobile Number Entered
Password Entered
Succesfully Login to Amazon
Mobile Number Entered
Password Entered
Succesfully Login to Amazon
Mobile Number Entered
Password Entered
Succesfully Login to Amazon
Mobile Number Entered
Password Entered
Succesfully Login to Amazon
All items are displayed
Mobile Number Entered
Password Entered
Succesfully Login to Amazon
All items are displayed
Mobile Number Entered
Password Entered
Succesfully Login to Amazon
All items are displayed
Mobile Number Entered
Password Entered
Succesfully Login to Amazon
All items are displayed
Browser Launched
Mobile Number Entered
Password Entered
Succesfully Login to Amazon
All items are displayed
Clicked on Add to cart button
Browser Launched
Mobile Number Entered
Password Entered
Succesfully Login to Amazon
All items are displayed
Clicked on Add to cart button
Browser Launched
Mobile Number Entered
Password Entered
Succesfully Login to Amazon
All items are displayed
Clicked on Add to cart button
Items are  available in cart page
Browser Launched
Mobile Number Entered
Password Entered
Succesfully Login to Amazon
All items are displayed
Clicked on Add to cart button
Items are  available in cart page
Browser Launched
Mobile Number Entered
Password Entered
Succesfully Login to Amazon
All items are displayed
Clicked on Add to cart button
Items are  available in cart page
Browser Launched
Mobile Number Entered
Password Entered
Succesfully Login to Amazon
All items are displayed
Clicked on Add to cart button
Items are  available in cart page]]>
  </system-out>
</testsuite> <!-- bdd.AmazonProject1.TestCase4_LoginAndSearchProductandLogout -->
