<?xml version="1.0" encoding="UTF-8"?>
<!-- Generated by org.testng.reporters.JUnitReportReporter -->
<testsuite hostname="LAPTOP-UHB9RVKR" failures="0" tests="2" name="bdd.AmazonProject1.TestCase3_LoginandSearchProduct" time="33.157" errors="0" timestamp="2026-02-20T13:10:40 IST" skipped="0">
  <testcase classname="bdd.AmazonProject1.TestCase3_LoginandSearchProduct" name="searchProduct" time="17.730">
    <system-out>
      <![CDATA[Mobile Number Entered
Password Entered
Succesfully Login to Amazon
All items are displayed]]>
    </system-out>
  </testcase> <!-- searchProduct -->
  <testcase classname="bdd.AmazonProject1.TestCase3_LoginandSearchProduct" name="searchProduct" time="15.427">
    <system-out>
      <![CDATA[Mobile Number Entered
Password Entered
Succesfully Login to Amazon
All items are displayed]]>
    </system-out>
  </testcase> <!-- searchProduct -->
  <system-out>
    <![CDATA[Mobile Number Entered
Password Entered
Succesfully Login to Amazon
Mobile Number Entered
Password Entered
Succesfully Login to Amazon
Mobile Number Entered
Password Entered
Succesfully Login to Amazon
All items are displayed
Mobile Number Entered
Password Entered
Succesfully Login to Amazon
All items are displayed
Mobile Number Entered
Password Entered
Succesfully Login to Amazon
All items are displayed
Mobile Number Entered
Password Entered
Succesfully Login to Amazon
All items are displayed
Browser Launched
Mobile Number Entered
Password Entered
Succesfully Login to Amazon
All items are displayed
Clicked on Add to cart button
Browser Launched
Mobile Number Entered
Password Entered
Succesfully Login to Amazon
All items are displayed
Browser Launched
Mobile Number Entered
Password Entered
Succesfully Login to Amazon
All items are displayed
Browser Launched
Browser Launched
Mobile Number Entered
Password Entered
Succesfully Login to Amazon
All items are displayed
Clicked on Add to cart button
Mobile Number Entered
Password Entered
Succesfully Login to Amazon
Mobile Number Entered
Password Entered
Succesfully Login to Amazon]]>
  </system-out>
</testsuite> <!-- bdd.AmazonProject1.TestCase3_LoginandSearchProduct -->
